<?xml version="1.0" encoding="UTF-8"?>
<TestRun id="4461de4a-8c90-415b-8e72-9e7745a435a3" name="Enrico Benini@BENINI 2015-12-03 14:30:07" runUser="benini\Enrico Benini" xmlns="http://microsoft.com/schemas/VisualStudio/TeamTest/2010">
  <TestSettings name="Default Test Settings" id="578755eb-e613-4b46-be05-310c60771e6e">
    <Execution>
      <TestTypeSpecific />
      <AgentRule name="Execution Agents">
      </AgentRule>
    </Execution>
    <Deployment runDeploymentRoot="Enrico Benini_BENINI 2015-12-03 14_30_07" />
    <Properties />
  </TestSettings>
  <Times creation="2015-12-03T14:30:07.6510653+01:00" queuing="2015-12-03T14:30:08.1705414+01:00" start="2015-12-03T14:30:08.2646281+01:00" finish="2015-12-03T14:30:08.8378826+01:00" />
  <ResultSummary outcome="Failed">
    <Counters total="121" executed="121" passed="95" error="0" failed="26" timeout="0" aborted="0" inconclusive="0" passedButRunAborted="0" notRunnable="0" notExecuted="0" disconnected="0" warning="0" completed="0" inProgress="0" pending="0" />
  </ResultSummary>
  <TestDefinitions>
    <UnitTest name="TestCreateUser" storage="ldaplibraryunittest\bin\debug\ldaplibraryunittest.dll" id="a547eeac-07cb-5fa1-84ca-a54391e83e55">
      <Execution timeOut="1800000" id="4c998876-d090-48de-b979-b077e3be0ddb" />
      <TestCategory>
        <TestCategoryItem TestCategory="LDAPLibrary Test Write Permissions" />
      </TestCategory>
      <TestMethod codeBase="C:/work/LDAP-Library/LDAPLibraryUnitTest/bin/Debug/LDAPLibraryUnitTest.dll" adapterTypeName="Microsoft.VisualStudio.TestTools.TestTypes.Unit.UnitTestAdapter, Microsoft.VisualStudio.QualityTools.Tips.UnitTest.Adapter, Version=12.0.0.0, Culture=neutral, PublicKeyToken=b03f5f7f11d50a3a" className="LDAP_Library_UnitTest.localhost.LocalhostEnvironment, LDAPLibraryUnitTest, Version=3.3.5815.26081, Culture=neutral, PublicKeyToken=null" name="TestCreateUser" />
    </UnitTest>
    <UnitTest name="BasicConfigNoAdmin_LDAPAdminMode_Admin" storage="ldaplibraryunittest\bin\debug\ldaplibraryunittest.dll" id="ea723766-03bb-bbab-f5c5-f07e4c8666c7">
      <Execution timeOut="1800000" id="fafb50d9-330f-487c-b78d-e7422489bea9" />
      <TestCategory>
        <TestCategoryItem TestCategory="configRepository Exceptions" />
      </TestCategory>
      <TestMethod codeBase="C:/work/LDAP-Library/LDAPLibraryUnitTest/bin/Debug/LDAPLibraryUnitTest.dll" adapterTypeName="Microsoft.VisualStudio.TestTools.TestTypes.Unit.UnitTestAdapter, Microsoft.VisualStudio.QualityTools.Tips.UnitTest.Adapter, Version=12.0.0.0, Culture=neutral, PublicKeyToken=b03f5f7f11d50a3a" className="LDAP_Library_UnitTest.LdapConfigRepositoryUnitTests, LDAPLibraryUnitTest, Version=3.3.5815.26081, Culture=neutral, PublicKeyToken=null" name="BasicConfigNoAdmin_LDAPAdminMode_Admin" />
    </UnitTest>
    <UnitTest name="GetLdapUserManipulator" storage="ldaplibraryunittest\bin\debug\ldaplibraryunittest.dll" id="e7a2d511-5b80-518e-02fa-7a98868396d9">
      <Execution timeOut="1800000" id="050b4069-7e72-43df-bb66-c12b1dec33e6" />
      <TestCategory>
        <TestCategoryItem TestCategory="LdapUserManipulatorFactory" />
      </TestCategory>
      <TestMethod codeBase="C:/work/LDAP-Library/LDAPLibraryUnitTest/bin/Debug/LDAPLibraryUnitTest.dll" adapterTypeName="Microsoft.VisualStudio.TestTools.TestTypes.Unit.UnitTestAdapter, Microsoft.VisualStudio.QualityTools.Tips.UnitTest.Adapter, Version=12.0.0.0, Culture=neutral, PublicKeyToken=b03f5f7f11d50a3a" className="LDAP_Library_UnitTest.LdapUserManipulatorFactoryUnitTests, LDAPLibraryUnitTest, Version=3.3.5815.26081, Culture=neutral, PublicKeyToken=null" name="GetLdapUserManipulator" />
    </UnitTest>
    <UnitTest name="TestFileLogWrite" storage="ldaplibraryunittest\bin\debug\ldaplibraryunittest.dll" id="90d9a038-964a-6075-22c0-9ba0c54220cf">
      <Execution timeOut="1800000" id="00c1ba4d-22c4-4710-9a3b-22d588403697" />
      <TestCategory>
        <TestCategoryItem TestCategory="FileLogger" />
      </TestCategory>
      <TestMethod codeBase="C:/work/LDAP-Library/LDAPLibraryUnitTest/bin/Debug/LDAPLibraryUnitTest.dll" adapterTypeName="Microsoft.VisualStudio.TestTools.TestTypes.Unit.UnitTestAdapter, Microsoft.VisualStudio.QualityTools.Tips.UnitTest.Adapter, Version=12.0.0.0, Culture=neutral, PublicKeyToken=b03f5f7f11d50a3a" className="LDAP_Library_UnitTest.LoggerUnitTests.FileLoggerAndALoggerUnitTests, LDAPLibraryUnitTest, Version=3.3.5815.26081, Culture=neutral, PublicKeyToken=null" name="TestFileLogWrite" />
    </UnitTest>
    <UnitTest name="GetUserDn" storage="ldaplibraryunittest\bin\debug\ldaplibraryunittest.dll" id="9c1aebdc-76c8-7841-6aa8-08758f74fc9d">
      <Execution timeOut="1800000" id="1ec38f10-f6e5-42e6-9b5a-663c5b895e45" />
      <TestCategory>
        <TestCategoryItem TestCategory="LDAPUser Getter" />
      </TestCategory>
      <TestMethod codeBase="C:/work/LDAP-Library/LDAPLibraryUnitTest/bin/Debug/LDAPLibraryUnitTest.dll" adapterTypeName="Microsoft.VisualStudio.TestTools.TestTypes.Unit.UnitTestAdapter, Microsoft.VisualStudio.QualityTools.Tips.UnitTest.Adapter, Version=12.0.0.0, Culture=neutral, PublicKeyToken=b03f5f7f11d50a3a" className="LDAP_Library_UnitTest.LdapUserUnitTests, LDAPLibraryUnitTest, Version=3.3.5815.26081, Culture=neutral, PublicKeyToken=null" name="GetUserDn" />
    </UnitTest>
    <UnitTest name="TestCompleteInitLibraryNoCertificatePathNotRequired" storage="ldaplibraryunittest\bin\debug\ldaplibraryunittest.dll" id="ebf06fa7-3763-5c81-a801-d465770a6bb7">
      <Execution timeOut="1800000" id="80db8e98-f9ff-4c24-b5ff-0aca5c51329a" />
      <TestCategory>
        <TestCategoryItem TestCategory="LDAPLibrary Test Init" />
      </TestCategory>
      <TestMethod codeBase="C:/work/LDAP-Library/LDAPLibraryUnitTest/bin/Debug/LDAPLibraryUnitTest.dll" adapterTypeName="Microsoft.VisualStudio.TestTools.TestTypes.Unit.UnitTestAdapter, Microsoft.VisualStudio.QualityTools.Tips.UnitTest.Adapter, Version=12.0.0.0, Culture=neutral, PublicKeyToken=b03f5f7f11d50a3a" className="LDAP_Library_UnitTest.localhost.LocalhostEnvironmentInitTest, LDAPLibraryUnitTest, Version=3.3.5815.26081, Culture=neutral, PublicKeyToken=null" name="TestCompleteInitLibraryNoCertificatePathNotRequired" />
    </UnitTest>
    <UnitTest name="TestCompleteInitLibrary" storage="ldaplibraryunittest\bin\debug\ldaplibraryunittest.dll" id="53b55fa9-4f60-2366-bc54-8deaa69e9fc7">
      <Execution timeOut="1800000" id="f2f8e81f-8471-4dc6-8b11-d253b2536a76" />
      <TestCategory>
        <TestCategoryItem TestCategory="LDAPLibrary Test Init" />
      </TestCategory>
      <TestMethod codeBase="C:/work/LDAP-Library/LDAPLibraryUnitTest/bin/Debug/LDAPLibraryUnitTest.dll" adapterTypeName="Microsoft.VisualStudio.TestTools.TestTypes.Unit.UnitTestAdapter, Microsoft.VisualStudio.QualityTools.Tips.UnitTest.Adapter, Version=12.0.0.0, Culture=neutral, PublicKeyToken=b03f5f7f11d50a3a" className="LDAP_Library_UnitTest.localhost.LocalhostEnvironment, LDAPLibraryUnitTest, Version=3.3.5815.26081, Culture=neutral, PublicKeyToken=null" name="TestCompleteInitLibrary" />
    </UnitTest>
    <UnitTest name="CreateUserAttributeList" storage="ldaplibraryunittest\bin\debug\ldaplibraryunittest.dll" id="a294d636-f843-1649-3c33-12db53b4d0b9">
      <Execution timeOut="1800000" id="0495c4db-9a8c-4062-927d-c2f72fd492e0" />
      <TestCategory>
        <TestCategoryItem TestCategory="LDAPUser Operations" />
      </TestCategory>
      <TestMethod codeBase="C:/work/LDAP-Library/LDAPLibraryUnitTest/bin/Debug/LDAPLibraryUnitTest.dll" adapterTypeName="Microsoft.VisualStudio.TestTools.TestTypes.Unit.UnitTestAdapter, Microsoft.VisualStudio.QualityTools.Tips.UnitTest.Adapter, Version=12.0.0.0, Culture=neutral, PublicKeyToken=b03f5f7f11d50a3a" className="LDAP_Library_UnitTest.LdapUserUnitTests, LDAPLibraryUnitTest, Version=3.3.5815.26081, Culture=neutral, PublicKeyToken=null" name="CreateUserAttributeList" />
    </UnitTest>
    <UnitTest name="TestChangeUserPassword" storage="ldaplibraryunittest\bin\debug\ldaplibraryunittest.dll" id="71dd5099-dd4c-d797-642a-cc10553e592a">
      <Execution timeOut="1800000" id="cd7b2330-f9d3-4d33-97a2-d84cbeef7196" />
      <TestCategory>
        <TestCategoryItem TestCategory="LDAPLibrary Test Write Permissions" />
      </TestCategory>
      <TestMethod codeBase="C:/work/LDAP-Library/LDAPLibraryUnitTest/bin/Debug/LDAPLibraryUnitTest.dll" adapterTypeName="Microsoft.VisualStudio.TestTools.TestTypes.Unit.UnitTestAdapter, Microsoft.VisualStudio.QualityTools.Tips.UnitTest.Adapter, Version=12.0.0.0, Culture=neutral, PublicKeyToken=b03f5f7f11d50a3a" className="LDAP_Library_UnitTest.localhost.LocalhostEnvironment, LDAPLibraryUnitTest, Version=3.3.5815.26081, Culture=neutral, PublicKeyToken=null" name="TestChangeUserPassword" />
    </UnitTest>
    <UnitTest name="BasicConfigNoAdmin_LDAPAdminMode_NoAdmin" storage="ldaplibraryunittest\bin\debug\ldaplibraryunittest.dll" id="2570af5a-a0e3-5e00-0b9d-5dc2f082dd1f">
      <Execution timeOut="1800000" id="5a070679-2f9d-4974-b3af-f8f43ff98d67" />
      <TestCategory>
        <TestCategoryItem TestCategory="configRepository no Exception" />
      </TestCategory>
      <TestMethod codeBase="C:/work/LDAP-Library/LDAPLibraryUnitTest/bin/Debug/LDAPLibraryUnitTest.dll" adapterTypeName="Microsoft.VisualStudio.TestTools.TestTypes.Unit.UnitTestAdapter, Microsoft.VisualStudio.QualityTools.Tips.UnitTest.Adapter, Version=12.0.0.0, Culture=neutral, PublicKeyToken=b03f5f7f11d50a3a" className="LDAP_Library_UnitTest.LdapConfigRepositoryUnitTests, LDAPLibraryUnitTest, Version=3.3.5815.26081, Culture=neutral, PublicKeyToken=null" name="BasicConfigNoAdmin_LDAPAdminMode_NoAdmin" />
    </UnitTest>
    <UnitTest name="CompleteConfigNoAdmin_LDAPAdminMode_Admin" storage="ldaplibraryunittest\bin\debug\ldaplibraryunittest.dll" id="37863920-74b7-a35c-3209-0627039e5297">
      <Execution timeOut="1800000" id="1250b9f2-5e83-4fab-b978-b3e8e538ad76" />
      <TestCategory>
        <TestCategoryItem TestCategory="configRepository Exceptions" />
      </TestCategory>
      <TestMethod codeBase="C:/work/LDAP-Library/LDAPLibraryUnitTest/bin/Debug/LDAPLibraryUnitTest.dll" adapterTypeName="Microsoft.VisualStudio.TestTools.TestTypes.Unit.UnitTestAdapter, Microsoft.VisualStudio.QualityTools.Tips.UnitTest.Adapter, Version=12.0.0.0, Culture=neutral, PublicKeyToken=b03f5f7f11d50a3a" className="LDAP_Library_UnitTest.LdapConfigRepositoryUnitTests, LDAPLibraryUnitTest, Version=3.3.5815.26081, Culture=neutral, PublicKeyToken=null" name="CompleteConfigNoAdmin_LDAPAdminMode_Admin" />
    </UnitTest>
    <UnitTest name="TestCompleteInitLibraryNoServer" storage="ldaplibraryunittest\bin\debug\ldaplibraryunittest.dll" id="6fd90505-dc98-38dc-0267-8d0bf210f9ec">
      <Execution timeOut="1800000" id="aab72b2e-d1b1-4261-b760-3dc81f3610a6" />
      <TestCategory>
        <TestCategoryItem TestCategory="LDAPLibrary Test Init" />
      </TestCategory>
      <TestMethod codeBase="C:/work/LDAP-Library/LDAPLibraryUnitTest/bin/Debug/LDAPLibraryUnitTest.dll" adapterTypeName="Microsoft.VisualStudio.TestTools.TestTypes.Unit.UnitTestAdapter, Microsoft.VisualStudio.QualityTools.Tips.UnitTest.Adapter, Version=12.0.0.0, Culture=neutral, PublicKeyToken=b03f5f7f11d50a3a" className="LDAP_Library_UnitTest.localhost.LocalhostEnvironmentInitTest, LDAPLibraryUnitTest, Version=3.3.5815.26081, Culture=neutral, PublicKeyToken=null" name="TestCompleteInitLibraryNoServer" />
    </UnitTest>
    <UnitTest name="TestCompleteInitLibraryNoSearchBaseDn" storage="ldaplibraryunittest\bin\debug\ldaplibraryunittest.dll" id="1ba02c6a-26f9-3fa4-06c9-22e6382668c2">
      <Execution timeOut="1800000" id="858ebc84-a6e3-4959-a51a-536cff02b074" />
      <TestCategory>
        <TestCategoryItem TestCategory="LDAPLibrary Test Init" />
      </TestCategory>
      <TestMethod codeBase="C:/work/LDAP-Library/LDAPLibraryUnitTest/bin/Debug/LDAPLibraryUnitTest.dll" adapterTypeName="Microsoft.VisualStudio.TestTools.TestTypes.Unit.UnitTestAdapter, Microsoft.VisualStudio.QualityTools.Tips.UnitTest.Adapter, Version=12.0.0.0, Culture=neutral, PublicKeyToken=b03f5f7f11d50a3a" className="LDAP_Library_UnitTest.localhost.LocalhostEnvironmentInitTest, LDAPLibraryUnitTest, Version=3.3.5815.26081, Culture=neutral, PublicKeyToken=null" name="TestCompleteInitLibraryNoSearchBaseDn" />
    </UnitTest>
    <UnitTest name="OverwriteUserAttributeSingleNotExist" storage="ldaplibraryunittest\bin\debug\ldaplibraryunittest.dll" id="0faa3b7f-1393-09ee-f916-73f93f0225e1">
      <Execution timeOut="1800000" id="d7fe7065-47ca-4061-9a0c-018c8026445b" />
      <TestCategory>
        <TestCategoryItem TestCategory="LDAPUser Operations" />
      </TestCategory>
      <TestMethod codeBase="C:/work/LDAP-Library/LDAPLibraryUnitTest/bin/Debug/LDAPLibraryUnitTest.dll" adapterTypeName="Microsoft.VisualStudio.TestTools.TestTypes.Unit.UnitTestAdapter, Microsoft.VisualStudio.QualityTools.Tips.UnitTest.Adapter, Version=12.0.0.0, Culture=neutral, PublicKeyToken=b03f5f7f11d50a3a" className="LDAP_Library_UnitTest.LdapUserUnitTests, LDAPLibraryUnitTest, Version=3.3.5815.26081, Culture=neutral, PublicKeyToken=null" name="OverwriteUserAttributeSingleNotExist" />
    </UnitTest>
    <UnitTest name="LoggerFactoryFileLogger" storage="ldaplibraryunittest\bin\debug\ldaplibraryunittest.dll" id="2c8ab603-b8d5-1f27-b3fc-eae5c82bf23b">
      <Execution timeOut="1800000" id="288bc1d1-41e3-45a0-910c-82d91545381b" />
      <TestCategory>
        <TestCategoryItem TestCategory="LoggerFactoryFileLogger" />
      </TestCategory>
      <TestMethod codeBase="C:/work/LDAP-Library/LDAPLibraryUnitTest/bin/Debug/LDAPLibraryUnitTest.dll" adapterTypeName="Microsoft.VisualStudio.TestTools.TestTypes.Unit.UnitTestAdapter, Microsoft.VisualStudio.QualityTools.Tips.UnitTest.Adapter, Version=12.0.0.0, Culture=neutral, PublicKeyToken=b03f5f7f11d50a3a" className="LDAP_Library_UnitTest.LoggerFactoryUnitTests, LDAPLibraryUnitTest, Version=3.3.5815.26081, Culture=neutral, PublicKeyToken=null" name="LoggerFactoryFileLogger" />
    </UnitTest>
    <UnitTest name="CreateUserAttributeSingle" storage="ldaplibraryunittest\bin\debug\ldaplibraryunittest.dll" id="b11544ec-16f6-a54d-4ac0-84d410728030">
      <Execution timeOut="1800000" id="d391ae00-e712-4351-ad5c-0a8fb961fb75" />
      <TestCategory>
        <TestCategoryItem TestCategory="LDAPUser Operations" />
      </TestCategory>
      <TestMethod codeBase="C:/work/LDAP-Library/LDAPLibraryUnitTest/bin/Debug/LDAPLibraryUnitTest.dll" adapterTypeName="Microsoft.VisualStudio.TestTools.TestTypes.Unit.UnitTestAdapter, Microsoft.VisualStudio.QualityTools.Tips.UnitTest.Adapter, Version=12.0.0.0, Culture=neutral, PublicKeyToken=b03f5f7f11d50a3a" className="LDAP_Library_UnitTest.LdapUserUnitTests, LDAPLibraryUnitTest, Version=3.3.5815.26081, Culture=neutral, PublicKeyToken=null" name="CreateUserAttributeSingle" />
    </UnitTest>
    <UnitTest name="TestCompleteInitLibraryNoLogPath_None" storage="ldaplibraryunittest\bin\debug\ldaplibraryunittest.dll" id="e689c156-1c7e-4b31-8a6c-6372765d86ea">
      <Execution timeOut="1800000" id="f8dbafb1-39a5-446b-9f08-2a197e4e2683" />
      <TestCategory>
        <TestCategoryItem TestCategory="LDAPLibrary Test Init" />
      </TestCategory>
      <TestMethod codeBase="C:/work/LDAP-Library/LDAPLibraryUnitTest/bin/Debug/LDAPLibraryUnitTest.dll" adapterTypeName="Microsoft.VisualStudio.TestTools.TestTypes.Unit.UnitTestAdapter, Microsoft.VisualStudio.QualityTools.Tips.UnitTest.Adapter, Version=12.0.0.0, Culture=neutral, PublicKeyToken=b03f5f7f11d50a3a" className="LDAP_Library_UnitTest.localhost.LocalhostEnvironmentInitTest, LDAPLibraryUnitTest, Version=3.3.5815.26081, Culture=neutral, PublicKeyToken=null" name="TestCompleteInitLibraryNoLogPath_None" />
    </UnitTest>
    <UnitTest name="TestSearchUser" storage="ldaplibraryunittest\bin\debug\ldaplibraryunittest.dll" id="36f7e929-32ac-5326-68fe-93bf486dc2ba">
      <Execution timeOut="1800000" id="589ec55d-2c45-4995-bca8-8cd8550467f3" />
      <TestCategory>
        <TestCategoryItem TestCategory="LDAPLibrary Test Read Permissions" />
      </TestCategory>
      <TestMethod codeBase="C:/work/LDAP-Library/LDAPLibraryUnitTest/bin/Debug/LDAPLibraryUnitTest.dll" adapterTypeName="Microsoft.VisualStudio.TestTools.TestTypes.Unit.UnitTestAdapter, Microsoft.VisualStudio.QualityTools.Tips.UnitTest.Adapter, Version=12.0.0.0, Culture=neutral, PublicKeyToken=b03f5f7f11d50a3a" className="LDAP_Library_UnitTest.localhost.LocalhostEnvironment, LDAPLibraryUnitTest, Version=3.3.5815.26081, Culture=neutral, PublicKeyToken=null" name="TestSearchUser" />
    </UnitTest>
    <UnitTest name="TestUserConnectWithoutWritePermissions" storage="ldaplibraryunittest\bin\debug\ldaplibraryunittest.dll" id="8ee2fbdc-3601-c19f-2611-4ad0b59baf39">
      <Execution timeOut="1800000" id="f5f621ee-ad28-464c-9707-1bbfd762170d" />
      <TestCategory>
        <TestCategoryItem TestCategory="LDAPLibrary Test Read Permissions" />
      </TestCategory>
      <TestMethod codeBase="C:/work/LDAP-Library/LDAPLibraryUnitTest/bin/Debug/LDAPLibraryUnitTest.dll" adapterTypeName="Microsoft.VisualStudio.TestTools.TestTypes.Unit.UnitTestAdapter, Microsoft.VisualStudio.QualityTools.Tips.UnitTest.Adapter, Version=12.0.0.0, Culture=neutral, PublicKeyToken=b03f5f7f11d50a3a" className="LDAP_Library_UnitTest.localhost.LocalhostEnvironment, LDAPLibraryUnitTest, Version=3.3.5815.26081, Culture=neutral, PublicKeyToken=null" name="TestUserConnectWithoutWritePermissions" />
    </UnitTest>
    <UnitTest name="TestStandardInitLibraryNologPath_EventViewer" storage="ldaplibraryunittest\bin\debug\ldaplibraryunittest.dll" id="ef5d0e32-ac76-ac5f-eb68-929fd7a6d629">
      <Execution timeOut="1800000" id="c4b0fb66-50c7-4d37-aa0c-814be75d2665" />
      <TestCategory>
        <TestCategoryItem TestCategory="LDAPLibrary Test Init" />
      </TestCategory>
      <TestMethod codeBase="C:/work/LDAP-Library/LDAPLibraryUnitTest/bin/Debug/LDAPLibraryUnitTest.dll" adapterTypeName="Microsoft.VisualStudio.TestTools.TestTypes.Unit.UnitTestAdapter, Microsoft.VisualStudio.QualityTools.Tips.UnitTest.Adapter, Version=12.0.0.0, Culture=neutral, PublicKeyToken=b03f5f7f11d50a3a" className="LDAP_Library_UnitTest.localhost.LocalhostEnvironmentInitTest, LDAPLibraryUnitTest, Version=3.3.5815.26081, Culture=neutral, PublicKeyToken=null" name="TestStandardInitLibraryNologPath_EventViewer" />
    </UnitTest>
    <UnitTest name="TestCompleteInitLibraryNoAdmin_LDAPAdminMode_Admin" storage="ldaplibraryunittest\bin\debug\ldaplibraryunittest.dll" id="261b5a9f-f85f-8e33-d273-d90304eb687c">
      <Execution timeOut="1800000" id="c26d1129-3c97-46cf-a0fb-ffca6d3661e7" />
      <TestCategory>
        <TestCategoryItem TestCategory="LDAPLibrary Test Init" />
      </TestCategory>
      <TestMethod codeBase="C:/work/LDAP-Library/LDAPLibraryUnitTest/bin/Debug/LDAPLibraryUnitTest.dll" adapterTypeName="Microsoft.VisualStudio.TestTools.TestTypes.Unit.UnitTestAdapter, Microsoft.VisualStudio.QualityTools.Tips.UnitTest.Adapter, Version=12.0.0.0, Culture=neutral, PublicKeyToken=b03f5f7f11d50a3a" className="LDAP_Library_UnitTest.localhost.LocalhostEnvironmentInitTest, LDAPLibraryUnitTest, Version=3.3.5815.26081, Culture=neutral, PublicKeyToken=null" name="TestCompleteInitLibraryNoAdmin_LDAPAdminMode_Admin" />
    </UnitTest>
    <UnitTest name="LdapLibraryInitError" storage="ldaplibraryunittest\bin\debug\ldaplibraryunittest.dll" id="96198eef-975a-a3a9-77e5-bccb56113939">
      <Execution timeOut="1800000" id="109db0bd-69bd-4cb9-9f6c-fb81bfc4eb3f" />
      <TestCategory>
        <TestCategoryItem TestCategory="FileLogger" />
      </TestCategory>
      <TestMethod codeBase="C:/work/LDAP-Library/LDAPLibraryUnitTest/bin/Debug/LDAPLibraryUnitTest.dll" adapterTypeName="Microsoft.VisualStudio.TestTools.TestTypes.Unit.UnitTestAdapter, Microsoft.VisualStudio.QualityTools.Tips.UnitTest.Adapter, Version=12.0.0.0, Culture=neutral, PublicKeyToken=b03f5f7f11d50a3a" className="LDAP_Library_UnitTest.LoggerUnitTests.FileLoggerAndALoggerUnitTests, LDAPLibraryUnitTest, Version=3.3.5815.26081, Culture=neutral, PublicKeyToken=null" name="LdapLibraryInitError" />
    </UnitTest>
    <UnitTest name="OverwriteUserAttributeSingle" storage="ldaplibraryunittest\bin\debug\ldaplibraryunittest.dll" id="6ea79408-e91e-fc4a-068c-0a9e1ee260d9">
      <Execution timeOut="1800000" id="57856d0e-d091-44d8-9fd1-42a1085de15d" />
      <TestCategory>
        <TestCategoryItem TestCategory="LDAPUser Operations" />
      </TestCategory>
      <TestMethod codeBase="C:/work/LDAP-Library/LDAPLibraryUnitTest/bin/Debug/LDAPLibraryUnitTest.dll" adapterTypeName="Microsoft.VisualStudio.TestTools.TestTypes.Unit.UnitTestAdapter, Microsoft.VisualStudio.QualityTools.Tips.UnitTest.Adapter, Version=12.0.0.0, Culture=neutral, PublicKeyToken=b03f5f7f11d50a3a" className="LDAP_Library_UnitTest.LdapUserUnitTests, LDAPLibraryUnitTest, Version=3.3.5815.26081, Culture=neutral, PublicKeyToken=null" name="OverwriteUserAttributeSingle" />
    </UnitTest>
    <UnitTest name="DeleteUserAttributeValueNotExist" storage="ldaplibraryunittest\bin\debug\ldaplibraryunittest.dll" id="d2f06f45-3ed1-f57e-ef62-cf22fd6ac98c">
      <Execution timeOut="1800000" id="c6a2dfcf-c48a-4ae3-bcb6-4b5bee8cb5d2" />
      <TestCategory>
        <TestCategoryItem TestCategory="LDAPUser Operations" />
      </TestCategory>
      <TestMethod codeBase="C:/work/LDAP-Library/LDAPLibraryUnitTest/bin/Debug/LDAPLibraryUnitTest.dll" adapterTypeName="Microsoft.VisualStudio.TestTools.TestTypes.Unit.UnitTestAdapter, Microsoft.VisualStudio.QualityTools.Tips.UnitTest.Adapter, Version=12.0.0.0, Culture=neutral, PublicKeyToken=b03f5f7f11d50a3a" className="LDAP_Library_UnitTest.LdapUserUnitTests, LDAPLibraryUnitTest, Version=3.3.5815.26081, Culture=neutral, PublicKeyToken=null" name="DeleteUserAttributeValueNotExist" />
    </UnitTest>
    <UnitTest name="FileLoggerNotExistPath" storage="ldaplibraryunittest\bin\debug\ldaplibraryunittest.dll" id="c6c26ce4-af7a-cf68-a800-9fdc836c8312">
      <Execution timeOut="1800000" id="cd5614ba-1396-4e98-95b5-6674e1060f5d" />
      <TestCategory>
        <TestCategoryItem TestCategory="FileLogger" />
      </TestCategory>
      <TestMethod codeBase="C:/work/LDAP-Library/LDAPLibraryUnitTest/bin/Debug/LDAPLibraryUnitTest.dll" adapterTypeName="Microsoft.VisualStudio.TestTools.TestTypes.Unit.UnitTestAdapter, Microsoft.VisualStudio.QualityTools.Tips.UnitTest.Adapter, Version=12.0.0.0, Culture=neutral, PublicKeyToken=b03f5f7f11d50a3a" className="LDAP_Library_UnitTest.LoggerUnitTests.FileLoggerAndALoggerUnitTests, LDAPLibraryUnitTest, Version=3.3.5815.26081, Culture=neutral, PublicKeyToken=null" name="FileLoggerNotExistPath" />
    </UnitTest>
    <UnitTest name="TestCompleteInitLibraryNoLogPath_EventViewer" storage="ldaplibraryunittest\bin\debug\ldaplibraryunittest.dll" id="f2f1b0be-8f71-7cf4-9080-b1637b230650">
      <Execution timeOut="1800000" id="5e98896c-e11a-4499-8c0d-8258a1dcc3a0" />
      <TestCategory>
        <TestCategoryItem TestCategory="LDAPLibrary Test Init" />
      </TestCategory>
      <TestMethod codeBase="C:/work/LDAP-Library/LDAPLibraryUnitTest/bin/Debug/LDAPLibraryUnitTest.dll" adapterTypeName="Microsoft.VisualStudio.TestTools.TestTypes.Unit.UnitTestAdapter, Microsoft.VisualStudio.QualityTools.Tips.UnitTest.Adapter, Version=12.0.0.0, Culture=neutral, PublicKeyToken=b03f5f7f11d50a3a" className="LDAP_Library_UnitTest.localhost.LocalhostEnvironmentInitTest, LDAPLibraryUnitTest, Version=3.3.5815.26081, Culture=neutral, PublicKeyToken=null" name="TestCompleteInitLibraryNoLogPath_EventViewer" />
    </UnitTest>
    <UnitTest name="BasicConfigNoServer" storage="ldaplibraryunittest\bin\debug\ldaplibraryunittest.dll" id="ac2cd6c6-720a-9db8-0a4a-08bdff2a567a">
      <Execution timeOut="1800000" id="dfc97cea-30d5-4a6b-bdd2-b942c4205674" />
      <TestCategory>
        <TestCategoryItem TestCategory="configRepository Exceptions" />
      </TestCategory>
      <TestMethod codeBase="C:/work/LDAP-Library/LDAPLibraryUnitTest/bin/Debug/LDAPLibraryUnitTest.dll" adapterTypeName="Microsoft.VisualStudio.TestTools.TestTypes.Unit.UnitTestAdapter, Microsoft.VisualStudio.QualityTools.Tips.UnitTest.Adapter, Version=12.0.0.0, Culture=neutral, PublicKeyToken=b03f5f7f11d50a3a" className="LDAP_Library_UnitTest.LdapConfigRepositoryUnitTests, LDAPLibraryUnitTest, Version=3.3.5815.26081, Culture=neutral, PublicKeyToken=null" name="BasicConfigNoServer" />
    </UnitTest>
    <UnitTest name="ToBoolean" storage="ldaplibraryunittest\bin\debug\ldaplibraryunittest.dll" id="02570779-9f75-a057-f9fe-248816cc1958">
      <Execution timeOut="1800000" id="444ab3d8-be27-468f-8852-e2c42d6f97b9" />
      <TestCategory>
        <TestCategoryItem TestCategory="LdapStateUtils" />
      </TestCategory>
      <TestMethod codeBase="C:/work/LDAP-Library/LDAPLibraryUnitTest/bin/Debug/LDAPLibraryUnitTest.dll" adapterTypeName="Microsoft.VisualStudio.TestTools.TestTypes.Unit.UnitTestAdapter, Microsoft.VisualStudio.QualityTools.Tips.UnitTest.Adapter, Version=12.0.0.0, Culture=neutral, PublicKeyToken=b03f5f7f11d50a3a" className="LDAP_Library_UnitTest.LdapStateUtilsUnitTests, LDAPLibraryUnitTest, Version=3.3.5815.26081, Culture=neutral, PublicKeyToken=null" name="ToBoolean" />
    </UnitTest>
    <UnitTest name="CompleteConfig" storage="ldaplibraryunittest\bin\debug\ldaplibraryunittest.dll" id="f57362cf-9dff-7248-18e5-fdaedc334fb5">
      <Execution timeOut="1800000" id="d28a4916-86b4-4bfc-93ae-39348302be6e" />
      <TestCategory>
        <TestCategoryItem TestCategory="configRepository no Exception" />
      </TestCategory>
      <TestMethod codeBase="C:/work/LDAP-Library/LDAPLibraryUnitTest/bin/Debug/LDAPLibraryUnitTest.dll" adapterTypeName="Microsoft.VisualStudio.TestTools.TestTypes.Unit.UnitTestAdapter, Microsoft.VisualStudio.QualityTools.Tips.UnitTest.Adapter, Version=12.0.0.0, Culture=neutral, PublicKeyToken=b03f5f7f11d50a3a" className="LDAP_Library_UnitTest.LdapConfigRepositoryUnitTests, LDAPLibraryUnitTest, Version=3.3.5815.26081, Culture=neutral, PublicKeyToken=null" name="CompleteConfig" />
    </UnitTest>
    <UnitTest name="BasicConfigNoAdmin_LDAPAdminMode_Anonymous" storage="ldaplibraryunittest\bin\debug\ldaplibraryunittest.dll" id="8dce3c9a-dab8-8ae7-5ed5-65d976e86317">
      <Execution timeOut="1800000" id="38a3b3a2-c549-493e-a508-9c360cb42abc" />
      <TestCategory>
        <TestCategoryItem TestCategory="configRepository no Exception" />
      </TestCategory>
      <TestMethod codeBase="C:/work/LDAP-Library/LDAPLibraryUnitTest/bin/Debug/LDAPLibraryUnitTest.dll" adapterTypeName="Microsoft.VisualStudio.TestTools.TestTypes.Unit.UnitTestAdapter, Microsoft.VisualStudio.QualityTools.Tips.UnitTest.Adapter, Version=12.0.0.0, Culture=neutral, PublicKeyToken=b03f5f7f11d50a3a" className="LDAP_Library_UnitTest.LdapConfigRepositoryUnitTests, LDAPLibraryUnitTest, Version=3.3.5815.26081, Culture=neutral, PublicKeyToken=null" name="BasicConfigNoAdmin_LDAPAdminMode_Anonymous" />
    </UnitTest>
    <UnitTest name="LdapUserInstance" storage="ldaplibraryunittest\bin\debug\ldaplibraryunittest.dll" id="ae3b599a-0f31-89ea-5760-a59889a0650c">
      <Execution timeOut="1800000" id="07cf088c-575a-4164-9deb-a2f0bdf5df05" />
      <TestCategory>
        <TestCategoryItem TestCategory="LDAPUser Init" />
      </TestCategory>
      <TestMethod codeBase="C:/work/LDAP-Library/LDAPLibraryUnitTest/bin/Debug/LDAPLibraryUnitTest.dll" adapterTypeName="Microsoft.VisualStudio.TestTools.TestTypes.Unit.UnitTestAdapter, Microsoft.VisualStudio.QualityTools.Tips.UnitTest.Adapter, Version=12.0.0.0, Culture=neutral, PublicKeyToken=b03f5f7f11d50a3a" className="LDAP_Library_UnitTest.LdapUserUnitTests, LDAPLibraryUnitTest, Version=3.3.5815.26081, Culture=neutral, PublicKeyToken=null" name="LdapUserInstance" />
    </UnitTest>
    <UnitTest name="InsertUserAttributeNotExist" storage="ldaplibraryunittest\bin\debug\ldaplibraryunittest.dll" id="c662de10-bbf6-3d3d-97a5-152f2fb874c8">
      <Execution timeOut="1800000" id="fe64d897-fc1d-4eb5-9017-f8a198fba39d" />
      <TestCategory>
        <TestCategoryItem TestCategory="LDAPUser Operations" />
      </TestCategory>
      <TestMethod codeBase="C:/work/LDAP-Library/LDAPLibraryUnitTest/bin/Debug/LDAPLibraryUnitTest.dll" adapterTypeName="Microsoft.VisualStudio.TestTools.TestTypes.Unit.UnitTestAdapter, Microsoft.VisualStudio.QualityTools.Tips.UnitTest.Adapter, Version=12.0.0.0, Culture=neutral, PublicKeyToken=b03f5f7f11d50a3a" className="LDAP_Library_UnitTest.LdapUserUnitTests, LDAPLibraryUnitTest, Version=3.3.5815.26081, Culture=neutral, PublicKeyToken=null" name="InsertUserAttributeNotExist" />
    </UnitTest>
    <UnitTest name="TestStardardInitLibraryNoAdmin" storage="ldaplibraryunittest\bin\debug\ldaplibraryunittest.dll" id="a27f6d3c-006f-da88-d3a5-8463f37e280d">
      <Execution timeOut="1800000" id="fa660103-cacf-41d3-9dd5-c3aa76bbf596" />
      <TestCategory>
        <TestCategoryItem TestCategory="LDAPLibrary Test Init" />
      </TestCategory>
      <TestMethod codeBase="C:/work/LDAP-Library/LDAPLibraryUnitTest/bin/Debug/LDAPLibraryUnitTest.dll" adapterTypeName="Microsoft.VisualStudio.TestTools.TestTypes.Unit.UnitTestAdapter, Microsoft.VisualStudio.QualityTools.Tips.UnitTest.Adapter, Version=12.0.0.0, Culture=neutral, PublicKeyToken=b03f5f7f11d50a3a" className="LDAP_Library_UnitTest.localhost.LocalhostEnvironmentInitTest, LDAPLibraryUnitTest, Version=3.3.5815.26081, Culture=neutral, PublicKeyToken=null" name="TestStardardInitLibraryNoAdmin" />
    </UnitTest>
    <UnitTest name="LdapCreateUserError" storage="ldaplibraryunittest\bin\debug\ldaplibraryunittest.dll" id="2b67c7be-f801-b5ad-7a23-b32ba06c725b">
      <Execution timeOut="1800000" id="a8a24a30-4e51-4eff-a875-6559817d66b7" />
      <TestCategory>
        <TestCategoryItem TestCategory="FileLogger" />
      </TestCategory>
      <TestMethod codeBase="C:/work/LDAP-Library/LDAPLibraryUnitTest/bin/Debug/LDAPLibraryUnitTest.dll" adapterTypeName="Microsoft.VisualStudio.TestTools.TestTypes.Unit.UnitTestAdapter, Microsoft.VisualStudio.QualityTools.Tips.UnitTest.Adapter, Version=12.0.0.0, Culture=neutral, PublicKeyToken=b03f5f7f11d50a3a" className="LDAP_Library_UnitTest.LoggerUnitTests.FileLoggerAndALoggerUnitTests, LDAPLibraryUnitTest, Version=3.3.5815.26081, Culture=neutral, PublicKeyToken=null" name="LdapCreateUserError" />
    </UnitTest>
    <UnitTest name="GetLdapConnection" storage="ldaplibraryunittest\bin\debug\ldaplibraryunittest.dll" id="e0c6b7e4-2eeb-96ba-6c73-e9ebae6103f1">
      <Execution timeOut="1800000" id="233dcc28-2e04-41e6-b023-c2292a488807" />
      <TestCategory>
        <TestCategoryItem TestCategory="LdapConnectionFactory" />
      </TestCategory>
      <TestMethod codeBase="C:/work/LDAP-Library/LDAPLibraryUnitTest/bin/Debug/LDAPLibraryUnitTest.dll" adapterTypeName="Microsoft.VisualStudio.TestTools.TestTypes.Unit.UnitTestAdapter, Microsoft.VisualStudio.QualityTools.Tips.UnitTest.Adapter, Version=12.0.0.0, Culture=neutral, PublicKeyToken=b03f5f7f11d50a3a" className="LDAP_Library_UnitTest.LdapConnectionFactoryUnitTests, LDAPLibraryUnitTest, Version=3.3.5815.26081, Culture=neutral, PublicKeyToken=null" name="GetLdapConnection" />
    </UnitTest>
    <UnitTest name="GetUserAttribute" storage="ldaplibraryunittest\bin\debug\ldaplibraryunittest.dll" id="0a7b7012-26cc-fd82-ff76-a1b3233cb226">
      <Execution timeOut="1800000" id="f81a1af2-f068-4136-a930-e3d56ca76268" />
      <TestCategory>
        <TestCategoryItem TestCategory="LDAPUser Getter" />
      </TestCategory>
      <TestMethod codeBase="C:/work/LDAP-Library/LDAPLibraryUnitTest/bin/Debug/LDAPLibraryUnitTest.dll" adapterTypeName="Microsoft.VisualStudio.TestTools.TestTypes.Unit.UnitTestAdapter, Microsoft.VisualStudio.QualityTools.Tips.UnitTest.Adapter, Version=12.0.0.0, Culture=neutral, PublicKeyToken=b03f5f7f11d50a3a" className="LDAP_Library_UnitTest.LdapUserUnitTests, LDAPLibraryUnitTest, Version=3.3.5815.26081, Culture=neutral, PublicKeyToken=null" name="GetUserAttribute" />
    </UnitTest>
    <UnitTest name="ModifyPasswordRequest" storage="ldaplibraryunittest\bin\debug\ldaplibraryunittest.dll" id="874dba6d-2949-b4cb-277e-dcc4a558d316">
      <Execution timeOut="1800000" id="35652cce-7a58-4cf6-a6f9-38cab1639637" />
      <TestCategory>
        <TestCategoryItem TestCategory="RequestBuilder" />
      </TestCategory>
      <TestMethod codeBase="C:/work/LDAP-Library/LDAPLibraryUnitTest/bin/Debug/LDAPLibraryUnitTest.dll" adapterTypeName="Microsoft.VisualStudio.TestTools.TestTypes.Unit.UnitTestAdapter, Microsoft.VisualStudio.QualityTools.Tips.UnitTest.Adapter, Version=12.0.0.0, Culture=neutral, PublicKeyToken=b03f5f7f11d50a3a" className="LDAP_Library_UnitTest.RequestBuinderUnitTests, LDAPLibraryUnitTest, Version=3.3.5815.26081, Culture=neutral, PublicKeyToken=null" name="ModifyPasswordRequest" />
    </UnitTest>
    <UnitTest name="TestSearchUserAndConnect" storage="ldaplibraryunittest\bin\debug\ldaplibraryunittest.dll" id="f255adad-1fa8-ac66-1d27-475f3676f192">
      <Execution timeOut="1800000" id="60290600-336b-461f-b42a-c0ddfac26044" />
      <TestCategory>
        <TestCategoryItem TestCategory="LDAPLibrary Test Write Permissions" />
      </TestCategory>
      <TestMethod codeBase="C:/work/LDAP-Library/LDAPLibraryUnitTest/bin/Debug/LDAPLibraryUnitTest.dll" adapterTypeName="Microsoft.VisualStudio.TestTools.TestTypes.Unit.UnitTestAdapter, Microsoft.VisualStudio.QualityTools.Tips.UnitTest.Adapter, Version=12.0.0.0, Culture=neutral, PublicKeyToken=b03f5f7f11d50a3a" className="LDAP_Library_UnitTest.localhost.LocalhostEnvironment, LDAPLibraryUnitTest, Version=3.3.5815.26081, Culture=neutral, PublicKeyToken=null" name="TestSearchUserAndConnect" />
    </UnitTest>
    <UnitTest name="CreateUserAttributeListExist" storage="ldaplibraryunittest\bin\debug\ldaplibraryunittest.dll" id="5030266c-9b85-a32a-f12c-617dffe6cfa2">
      <Execution timeOut="1800000" id="c6f8e898-c0bd-4322-9b1d-13bec94d58d3" />
      <TestCategory>
        <TestCategoryItem TestCategory="LDAPUser Operations" />
      </TestCategory>
      <TestMethod codeBase="C:/work/LDAP-Library/LDAPLibraryUnitTest/bin/Debug/LDAPLibraryUnitTest.dll" adapterTypeName="Microsoft.VisualStudio.TestTools.TestTypes.Unit.UnitTestAdapter, Microsoft.VisualStudio.QualityTools.Tips.UnitTest.Adapter, Version=12.0.0.0, Culture=neutral, PublicKeyToken=b03f5f7f11d50a3a" className="LDAP_Library_UnitTest.LdapUserUnitTests, LDAPLibraryUnitTest, Version=3.3.5815.26081, Culture=neutral, PublicKeyToken=null" name="CreateUserAttributeListExist" />
    </UnitTest>
    <UnitTest name="LoggerFactoryEventViewer" storage="ldaplibraryunittest\bin\debug\ldaplibraryunittest.dll" id="13a45dde-0294-ff01-e989-e1e193690124">
      <Execution timeOut="1800000" id="0f4cfe9b-0f52-4007-992b-1d911333b214" />
      <TestCategory>
        <TestCategoryItem TestCategory="LoggerFactoryEventViewerLogger" />
      </TestCategory>
      <TestMethod codeBase="C:/work/LDAP-Library/LDAPLibraryUnitTest/bin/Debug/LDAPLibraryUnitTest.dll" adapterTypeName="Microsoft.VisualStudio.TestTools.TestTypes.Unit.UnitTestAdapter, Microsoft.VisualStudio.QualityTools.Tips.UnitTest.Adapter, Version=12.0.0.0, Culture=neutral, PublicKeyToken=b03f5f7f11d50a3a" className="LDAP_Library_UnitTest.LoggerFactoryUnitTests, LDAPLibraryUnitTest, Version=3.3.5815.26081, Culture=neutral, PublicKeyToken=null" name="LoggerFactoryEventViewer" />
    </UnitTest>
    <UnitTest name="TestUserConnect" storage="ldaplibraryunittest\bin\debug\ldaplibraryunittest.dll" id="650d442c-4d98-870c-67c5-76945ed4df1c">
      <Execution timeOut="1800000" id="dc154ad7-ca07-4ad0-9ab7-fc33543840de" />
      <TestCategory>
        <TestCategoryItem TestCategory="LDAPLibrary Test Write Permissions" />
      </TestCategory>
      <TestMethod codeBase="C:/work/LDAP-Library/LDAPLibraryUnitTest/bin/Debug/LDAPLibraryUnitTest.dll" adapterTypeName="Microsoft.VisualStudio.TestTools.TestTypes.Unit.UnitTestAdapter, Microsoft.VisualStudio.QualityTools.Tips.UnitTest.Adapter, Version=12.0.0.0, Culture=neutral, PublicKeyToken=b03f5f7f11d50a3a" className="LDAP_Library_UnitTest.localhost.LocalhostEnvironment, LDAPLibraryUnitTest, Version=3.3.5815.26081, Culture=neutral, PublicKeyToken=null" name="TestUserConnect" />
    </UnitTest>
    <UnitTest name="TestStandardInitLibraryNologPath_File" storage="ldaplibraryunittest\bin\debug\ldaplibraryunittest.dll" id="bb1a1822-5fba-14f1-2c8a-d65ca3d67d3a">
      <Execution timeOut="1800000" id="e16ddfed-672c-4fd4-9519-419f51149045" />
      <TestCategory>
        <TestCategoryItem TestCategory="LDAPLibrary Test Init" />
      </TestCategory>
      <TestMethod codeBase="C:/work/LDAP-Library/LDAPLibraryUnitTest/bin/Debug/LDAPLibraryUnitTest.dll" adapterTypeName="Microsoft.VisualStudio.TestTools.TestTypes.Unit.UnitTestAdapter, Microsoft.VisualStudio.QualityTools.Tips.UnitTest.Adapter, Version=12.0.0.0, Culture=neutral, PublicKeyToken=b03f5f7f11d50a3a" className="LDAP_Library_UnitTest.localhost.LocalhostEnvironmentInitTest, LDAPLibraryUnitTest, Version=3.3.5815.26081, Culture=neutral, PublicKeyToken=null" name="TestStandardInitLibraryNologPath_File" />
    </UnitTest>
    <UnitTest name="AddRequest" storage="ldaplibraryunittest\bin\debug\ldaplibraryunittest.dll" id="be9e598c-c238-eece-7f6b-6af5ae1ab3e8">
      <Execution timeOut="1800000" id="bd045e1f-1dd2-47f3-84fe-934c8a504d8b" />
      <TestCategory>
        <TestCategoryItem TestCategory="RequestBuilder" />
      </TestCategory>
      <TestMethod codeBase="C:/work/LDAP-Library/LDAPLibraryUnitTest/bin/Debug/LDAPLibraryUnitTest.dll" adapterTypeName="Microsoft.VisualStudio.TestTools.TestTypes.Unit.UnitTestAdapter, Microsoft.VisualStudio.QualityTools.Tips.UnitTest.Adapter, Version=12.0.0.0, Culture=neutral, PublicKeyToken=b03f5f7f11d50a3a" className="LDAP_Library_UnitTest.RequestBuinderUnitTests, LDAPLibraryUnitTest, Version=3.3.5815.26081, Culture=neutral, PublicKeyToken=null" name="AddRequest" />
    </UnitTest>
    <UnitTest name="TestSearchUserAndConnectWithoutWritePermissions" storage="ldaplibraryunittest\bin\debug\ldaplibraryunittest.dll" id="9422446c-f975-6424-e8f5-6776264a85d9">
      <Execution timeOut="1800000" id="0e9eaf4b-90ae-4725-906d-895984a5d922" />
      <TestCategory>
        <TestCategoryItem TestCategory="LDAPLibrary Test Read Permissions" />
      </TestCategory>
      <TestMethod codeBase="C:/work/LDAP-Library/LDAPLibraryUnitTest/bin/Debug/LDAPLibraryUnitTest.dll" adapterTypeName="Microsoft.VisualStudio.TestTools.TestTypes.Unit.UnitTestAdapter, Microsoft.VisualStudio.QualityTools.Tips.UnitTest.Adapter, Version=12.0.0.0, Culture=neutral, PublicKeyToken=b03f5f7f11d50a3a" className="LDAP_Library_UnitTest.localhost.LocalhostEnvironmentAnonymous, LDAPLibraryUnitTest, Version=3.3.5815.26081, Culture=neutral, PublicKeyToken=null" name="TestSearchUserAndConnectWithoutWritePermissions" />
    </UnitTest>
    <UnitTest name="LdapLibraryInitSuccess" storage="ldaplibraryunittest\bin\debug\ldaplibraryunittest.dll" id="16160eda-ed8a-41af-0699-c96e16360087">
      <Execution timeOut="1800000" id="dee004a1-8258-4d7a-a5e6-4de0921e2aea" />
      <TestCategory>
        <TestCategoryItem TestCategory="FileLogger" />
      </TestCategory>
      <TestMethod codeBase="C:/work/LDAP-Library/LDAPLibraryUnitTest/bin/Debug/LDAPLibraryUnitTest.dll" adapterTypeName="Microsoft.VisualStudio.TestTools.TestTypes.Unit.UnitTestAdapter, Microsoft.VisualStudio.QualityTools.Tips.UnitTest.Adapter, Version=12.0.0.0, Culture=neutral, PublicKeyToken=b03f5f7f11d50a3a" className="LDAP_Library_UnitTest.LoggerUnitTests.FileLoggerAndALoggerUnitTests, LDAPLibraryUnitTest, Version=3.3.5815.26081, Culture=neutral, PublicKeyToken=null" name="LdapLibraryInitSuccess" />
    </UnitTest>
    <UnitTest name="LdapChangeUserPasswordError" storage="ldaplibraryunittest\bin\debug\ldaplibraryunittest.dll" id="ad8ee216-de18-cbae-f3fb-ed3fa9a36c8f">
      <Execution timeOut="1800000" id="70ada23b-8012-455d-a3f6-e8b9e0d2fe35" />
      <TestCategory>
        <TestCategoryItem TestCategory="FileLogger" />
      </TestCategory>
      <TestMethod codeBase="C:/work/LDAP-Library/LDAPLibraryUnitTest/bin/Debug/LDAPLibraryUnitTest.dll" adapterTypeName="Microsoft.VisualStudio.TestTools.TestTypes.Unit.UnitTestAdapter, Microsoft.VisualStudio.QualityTools.Tips.UnitTest.Adapter, Version=12.0.0.0, Culture=neutral, PublicKeyToken=b03f5f7f11d50a3a" className="LDAP_Library_UnitTest.LoggerUnitTests.FileLoggerAndALoggerUnitTests, LDAPLibraryUnitTest, Version=3.3.5815.26081, Culture=neutral, PublicKeyToken=null" name="LdapChangeUserPasswordError" />
    </UnitTest>
    <UnitTest name="TestSearchUser" storage="ldaplibraryunittest\bin\debug\ldaplibraryunittest.dll" id="5e7eb3b0-5040-cbb2-a649-8354c84ef620">
      <Execution timeOut="1800000" id="795c50ca-e18d-4423-b245-1aa9238f2097" />
      <TestCategory>
        <TestCategoryItem TestCategory="LDAPLibrary Test Read Permissions" />
      </TestCategory>
      <TestMethod codeBase="C:/work/LDAP-Library/LDAPLibraryUnitTest/bin/Debug/LDAPLibraryUnitTest.dll" adapterTypeName="Microsoft.VisualStudio.TestTools.TestTypes.Unit.UnitTestAdapter, Microsoft.VisualStudio.QualityTools.Tips.UnitTest.Adapter, Version=12.0.0.0, Culture=neutral, PublicKeyToken=b03f5f7f11d50a3a" className="LDAP_Library_UnitTest.localhost.LocalhostEnvironmentAnonymous, LDAPLibraryUnitTest, Version=3.3.5815.26081, Culture=neutral, PublicKeyToken=null" name="TestSearchUser" />
    </UnitTest>
    <UnitTest name="TestStandardInitLibraryNoServer" storage="ldaplibraryunittest\bin\debug\ldaplibraryunittest.dll" id="ffe840c5-2824-0018-0a89-bc332b6a1be0">
      <Execution timeOut="1800000" id="31f6d6a8-0624-49f4-9730-ad1612760f69" />
      <TestCategory>
        <TestCategoryItem TestCategory="LDAPLibrary Test Init" />
      </TestCategory>
      <TestMethod codeBase="C:/work/LDAP-Library/LDAPLibraryUnitTest/bin/Debug/LDAPLibraryUnitTest.dll" adapterTypeName="Microsoft.VisualStudio.TestTools.TestTypes.Unit.UnitTestAdapter, Microsoft.VisualStudio.QualityTools.Tips.UnitTest.Adapter, Version=12.0.0.0, Culture=neutral, PublicKeyToken=b03f5f7f11d50a3a" className="LDAP_Library_UnitTest.localhost.LocalhostEnvironmentInitTest, LDAPLibraryUnitTest, Version=3.3.5815.26081, Culture=neutral, PublicKeyToken=null" name="TestStandardInitLibraryNoServer" />
    </UnitTest>
    <UnitTest name="TestDeleteUser" storage="ldaplibraryunittest\bin\debug\ldaplibraryunittest.dll" id="55c8b2af-57af-84e9-fd7c-bbadc1997b82">
      <Execution timeOut="1800000" id="35d668b2-2e71-4c2b-a72d-a5e22555b989" />
      <TestCategory>
        <TestCategoryItem TestCategory="LDAPLibrary Test Write Permissions" />
      </TestCategory>
      <TestMethod codeBase="C:/work/LDAP-Library/LDAPLibraryUnitTest/bin/Debug/LDAPLibraryUnitTest.dll" adapterTypeName="Microsoft.VisualStudio.TestTools.TestTypes.Unit.UnitTestAdapter, Microsoft.VisualStudio.QualityTools.Tips.UnitTest.Adapter, Version=12.0.0.0, Culture=neutral, PublicKeyToken=b03f5f7f11d50a3a" className="LDAP_Library_UnitTest.localhost.LocalhostEnvironment, LDAPLibraryUnitTest, Version=3.3.5815.26081, Culture=neutral, PublicKeyToken=null" name="TestDeleteUser" />
    </UnitTest>
    <UnitTest name="LdapModifyUserAttributeError" storage="ldaplibraryunittest\bin\debug\ldaplibraryunittest.dll" id="4dc1fbea-93aa-71c8-6b40-a9d85a26d136">
      <Execution timeOut="1800000" id="5ec2b87b-6e77-4b7a-9911-c28663107dc1" />
      <TestCategory>
        <TestCategoryItem TestCategory="FileLogger" />
      </TestCategory>
      <TestMethod codeBase="C:/work/LDAP-Library/LDAPLibraryUnitTest/bin/Debug/LDAPLibraryUnitTest.dll" adapterTypeName="Microsoft.VisualStudio.TestTools.TestTypes.Unit.UnitTestAdapter, Microsoft.VisualStudio.QualityTools.Tips.UnitTest.Adapter, Version=12.0.0.0, Culture=neutral, PublicKeyToken=b03f5f7f11d50a3a" className="LDAP_Library_UnitTest.LoggerUnitTests.FileLoggerAndALoggerUnitTests, LDAPLibraryUnitTest, Version=3.3.5815.26081, Culture=neutral, PublicKeyToken=null" name="LdapModifyUserAttributeError" />
    </UnitTest>
    <UnitTest name="InsertUserAttribute" storage="ldaplibraryunittest\bin\debug\ldaplibraryunittest.dll" id="1847b369-3506-146e-c52d-74b6b94d486c">
      <Execution timeOut="1800000" id="c56256b8-aedf-4ba5-a03e-f3cb37714ad7" />
      <TestCategory>
        <TestCategoryItem TestCategory="LDAPUser Operations" />
      </TestCategory>
      <TestMethod codeBase="C:/work/LDAP-Library/LDAPLibraryUnitTest/bin/Debug/LDAPLibraryUnitTest.dll" adapterTypeName="Microsoft.VisualStudio.TestTools.TestTypes.Unit.UnitTestAdapter, Microsoft.VisualStudio.QualityTools.Tips.UnitTest.Adapter, Version=12.0.0.0, Culture=neutral, PublicKeyToken=b03f5f7f11d50a3a" className="LDAP_Library_UnitTest.LdapUserUnitTests, LDAPLibraryUnitTest, Version=3.3.5815.26081, Culture=neutral, PublicKeyToken=null" name="InsertUserAttribute" />
    </UnitTest>
    <UnitTest name="CompleteConfigNoUserClass" storage="ldaplibraryunittest\bin\debug\ldaplibraryunittest.dll" id="73626d27-e693-339e-996b-9da4510b14c6">
      <Execution timeOut="1800000" id="1276557f-96cc-4508-9b4e-56b79a4b9e0e" />
      <TestCategory>
        <TestCategoryItem TestCategory="configRepository Exceptions" />
      </TestCategory>
      <TestMethod codeBase="C:/work/LDAP-Library/LDAPLibraryUnitTest/bin/Debug/LDAPLibraryUnitTest.dll" adapterTypeName="Microsoft.VisualStudio.TestTools.TestTypes.Unit.UnitTestAdapter, Microsoft.VisualStudio.QualityTools.Tips.UnitTest.Adapter, Version=12.0.0.0, Culture=neutral, PublicKeyToken=b03f5f7f11d50a3a" className="LDAP_Library_UnitTest.LdapConfigRepositoryUnitTests, LDAPLibraryUnitTest, Version=3.3.5815.26081, Culture=neutral, PublicKeyToken=null" name="CompleteConfigNoUserClass" />
    </UnitTest>
    <UnitTest name="TestStandardInitLibrary" storage="ldaplibraryunittest\bin\debug\ldaplibraryunittest.dll" id="ba57aff9-8eb0-acce-9e9d-3e1e6f8023bf">
      <Execution timeOut="1800000" id="10d2810c-f8b4-4e18-99e5-1bdb378b2cfc" />
      <TestCategory>
        <TestCategoryItem TestCategory="LDAPLibrary Test Init" />
      </TestCategory>
      <TestMethod codeBase="C:/work/LDAP-Library/LDAPLibraryUnitTest/bin/Debug/LDAPLibraryUnitTest.dll" adapterTypeName="Microsoft.VisualStudio.TestTools.TestTypes.Unit.UnitTestAdapter, Microsoft.VisualStudio.QualityTools.Tips.UnitTest.Adapter, Version=12.0.0.0, Culture=neutral, PublicKeyToken=b03f5f7f11d50a3a" className="LDAP_Library_UnitTest.localhost.LocalhostEnvironmentInitTest, LDAPLibraryUnitTest, Version=3.3.5815.26081, Culture=neutral, PublicKeyToken=null" name="TestStandardInitLibrary" />
    </UnitTest>
    <UnitTest name="GetUserOperationAdd" storage="ldaplibraryunittest\bin\debug\ldaplibraryunittest.dll" id="67aa67a1-b2ee-8598-3ce7-f549329dc0c8">
      <Execution timeOut="1800000" id="9c7ba07e-205c-407f-83e9-8a158f432917" />
      <TestCategory>
        <TestCategoryItem TestCategory="LDAPUser Operations" />
      </TestCategory>
      <TestMethod codeBase="C:/work/LDAP-Library/LDAPLibraryUnitTest/bin/Debug/LDAPLibraryUnitTest.dll" adapterTypeName="Microsoft.VisualStudio.TestTools.TestTypes.Unit.UnitTestAdapter, Microsoft.VisualStudio.QualityTools.Tips.UnitTest.Adapter, Version=12.0.0.0, Culture=neutral, PublicKeyToken=b03f5f7f11d50a3a" className="LDAP_Library_UnitTest.LdapUserUnitTests, LDAPLibraryUnitTest, Version=3.3.5815.26081, Culture=neutral, PublicKeyToken=null" name="GetUserOperationAdd" />
    </UnitTest>
    <UnitTest name="CompleteConfigNoLogPath" storage="ldaplibraryunittest\bin\debug\ldaplibraryunittest.dll" id="e24a8f9b-3271-c941-8de9-c4c2ffca0a9d">
      <Execution timeOut="1800000" id="bc1ad262-0b5a-4edd-a14f-76a44f4e2dc0" />
      <TestCategory>
        <TestCategoryItem TestCategory="configRepository Exceptions" />
      </TestCategory>
      <TestMethod codeBase="C:/work/LDAP-Library/LDAPLibraryUnitTest/bin/Debug/LDAPLibraryUnitTest.dll" adapterTypeName="Microsoft.VisualStudio.TestTools.TestTypes.Unit.UnitTestAdapter, Microsoft.VisualStudio.QualityTools.Tips.UnitTest.Adapter, Version=12.0.0.0, Culture=neutral, PublicKeyToken=b03f5f7f11d50a3a" className="LDAP_Library_UnitTest.LdapConfigRepositoryUnitTests, LDAPLibraryUnitTest, Version=3.3.5815.26081, Culture=neutral, PublicKeyToken=null" name="CompleteConfigNoLogPath" />
    </UnitTest>
    <UnitTest name="TestSearchUserAndConnectWithoutWritePermissions" storage="ldaplibraryunittest\bin\debug\ldaplibraryunittest.dll" id="225a00ef-cc8c-b5a1-85de-70cc0d3996fb">
      <Execution timeOut="1800000" id="aae31f9e-0a5a-4428-a4ac-da5b3529db00" />
      <TestCategory>
        <TestCategoryItem TestCategory="LDAPLibrary Test Read Permissions" />
      </TestCategory>
      <TestMethod codeBase="C:/work/LDAP-Library/LDAPLibraryUnitTest/bin/Debug/LDAPLibraryUnitTest.dll" adapterTypeName="Microsoft.VisualStudio.TestTools.TestTypes.Unit.UnitTestAdapter, Microsoft.VisualStudio.QualityTools.Tips.UnitTest.Adapter, Version=12.0.0.0, Culture=neutral, PublicKeyToken=b03f5f7f11d50a3a" className="LDAP_Library_UnitTest.localhost.LocalhostEnvironment, LDAPLibraryUnitTest, Version=3.3.5815.26081, Culture=neutral, PublicKeyToken=null" name="TestSearchUserAndConnectWithoutWritePermissions" />
    </UnitTest>
    <UnitTest name="TestAdminConnect" storage="ldaplibraryunittest\bin\debug\ldaplibraryunittest.dll" id="98c5eb74-09d6-a967-dd30-cd752ab93d4a">
      <Execution timeOut="1800000" id="4376da35-bd8d-4e4a-9b74-4520bfd24489" />
      <TestCategory>
        <TestCategoryItem TestCategory="LDAPLibrary Test Init" />
      </TestCategory>
      <TestMethod codeBase="C:/work/LDAP-Library/LDAPLibraryUnitTest/bin/Debug/LDAPLibraryUnitTest.dll" adapterTypeName="Microsoft.VisualStudio.TestTools.TestTypes.Unit.UnitTestAdapter, Microsoft.VisualStudio.QualityTools.Tips.UnitTest.Adapter, Version=12.0.0.0, Culture=neutral, PublicKeyToken=b03f5f7f11d50a3a" className="LDAP_Library_UnitTest.localhost.LocalhostEnvironment, LDAPLibraryUnitTest, Version=3.3.5815.26081, Culture=neutral, PublicKeyToken=null" name="TestAdminConnect" />
    </UnitTest>
    <UnitTest name="OverwriteUserAttributeList" storage="ldaplibraryunittest\bin\debug\ldaplibraryunittest.dll" id="dec60592-7401-28e3-6792-0740416006f6">
      <Execution timeOut="1800000" id="3a105783-8ec4-4a13-adc4-d430534a339e" />
      <TestCategory>
        <TestCategoryItem TestCategory="LDAPUser Operations" />
      </TestCategory>
      <TestMethod codeBase="C:/work/LDAP-Library/LDAPLibraryUnitTest/bin/Debug/LDAPLibraryUnitTest.dll" adapterTypeName="Microsoft.VisualStudio.TestTools.TestTypes.Unit.UnitTestAdapter, Microsoft.VisualStudio.QualityTools.Tips.UnitTest.Adapter, Version=12.0.0.0, Culture=neutral, PublicKeyToken=b03f5f7f11d50a3a" className="LDAP_Library_UnitTest.LdapUserUnitTests, LDAPLibraryUnitTest, Version=3.3.5815.26081, Culture=neutral, PublicKeyToken=null" name="OverwriteUserAttributeList" />
    </UnitTest>
    <UnitTest name="TestStandardInitLibraryNoSearchBaseDn" storage="ldaplibraryunittest\bin\debug\ldaplibraryunittest.dll" id="cd133ce1-bf88-38c0-9a0c-383a98859c37">
      <Execution timeOut="1800000" id="4d8cae2f-97e0-44d0-8d9d-07694a1c2e5b" />
      <TestCategory>
        <TestCategoryItem TestCategory="LDAPLibrary Test Init" />
      </TestCategory>
      <TestMethod codeBase="C:/work/LDAP-Library/LDAPLibraryUnitTest/bin/Debug/LDAPLibraryUnitTest.dll" adapterTypeName="Microsoft.VisualStudio.TestTools.TestTypes.Unit.UnitTestAdapter, Microsoft.VisualStudio.QualityTools.Tips.UnitTest.Adapter, Version=12.0.0.0, Culture=neutral, PublicKeyToken=b03f5f7f11d50a3a" className="LDAP_Library_UnitTest.localhost.LocalhostEnvironmentInitTest, LDAPLibraryUnitTest, Version=3.3.5815.26081, Culture=neutral, PublicKeyToken=null" name="TestStandardInitLibraryNoSearchBaseDn" />
    </UnitTest>
    <UnitTest name="BasicConfigNoSearchBaseDn" storage="ldaplibraryunittest\bin\debug\ldaplibraryunittest.dll" id="a5aa2592-d68c-d68c-5351-f0bd02a8f363">
      <Execution timeOut="1800000" id="6b0bfec3-9f05-405b-8efc-cf96a4801c22" />
      <TestCategory>
        <TestCategoryItem TestCategory="configRepository no Exception" />
      </TestCategory>
      <TestMethod codeBase="C:/work/LDAP-Library/LDAPLibraryUnitTest/bin/Debug/LDAPLibraryUnitTest.dll" adapterTypeName="Microsoft.VisualStudio.TestTools.TestTypes.Unit.UnitTestAdapter, Microsoft.VisualStudio.QualityTools.Tips.UnitTest.Adapter, Version=12.0.0.0, Culture=neutral, PublicKeyToken=b03f5f7f11d50a3a" className="LDAP_Library_UnitTest.LdapConfigRepositoryUnitTests, LDAPLibraryUnitTest, Version=3.3.5815.26081, Culture=neutral, PublicKeyToken=null" name="BasicConfigNoSearchBaseDn" />
    </UnitTest>
    <UnitTest name="NullDn" storage="ldaplibraryunittest\bin\debug\ldaplibraryunittest.dll" id="9204c852-3508-6812-e510-396a6d0d9825">
      <Execution timeOut="1800000" id="45a67eab-3a0d-4834-9118-8a056272ebcc" />
      <TestCategory>
        <TestCategoryItem TestCategory="LDAPUser Init" />
      </TestCategory>
      <TestMethod codeBase="C:/work/LDAP-Library/LDAPLibraryUnitTest/bin/Debug/LDAPLibraryUnitTest.dll" adapterTypeName="Microsoft.VisualStudio.TestTools.TestTypes.Unit.UnitTestAdapter, Microsoft.VisualStudio.QualityTools.Tips.UnitTest.Adapter, Version=12.0.0.0, Culture=neutral, PublicKeyToken=b03f5f7f11d50a3a" className="LDAP_Library_UnitTest.LdapUserUnitTests, LDAPLibraryUnitTest, Version=3.3.5815.26081, Culture=neutral, PublicKeyToken=null" name="NullDn" />
    </UnitTest>
    <UnitTest name="NullSn" storage="ldaplibraryunittest\bin\debug\ldaplibraryunittest.dll" id="56266320-ecc7-ec0a-67a6-1f2d85310eca">
      <Execution timeOut="1800000" id="464ecf24-aeee-415b-8f5a-d352fc6281aa" />
      <TestCategory>
        <TestCategoryItem TestCategory="LDAPUser Init" />
      </TestCategory>
      <TestMethod codeBase="C:/work/LDAP-Library/LDAPLibraryUnitTest/bin/Debug/LDAPLibraryUnitTest.dll" adapterTypeName="Microsoft.VisualStudio.TestTools.TestTypes.Unit.UnitTestAdapter, Microsoft.VisualStudio.QualityTools.Tips.UnitTest.Adapter, Version=12.0.0.0, Culture=neutral, PublicKeyToken=b03f5f7f11d50a3a" className="LDAP_Library_UnitTest.LdapUserUnitTests, LDAPLibraryUnitTest, Version=3.3.5815.26081, Culture=neutral, PublicKeyToken=null" name="NullSn" />
    </UnitTest>
    <UnitTest name="GetLdapConfigRepository" storage="ldaplibraryunittest\bin\debug\ldaplibraryunittest.dll" id="fffcf24d-7263-95f5-80aa-9b90012fbb60">
      <Execution timeOut="1800000" id="00a6192b-c330-43a2-a42b-97f9c176ee67" />
      <TestCategory>
        <TestCategoryItem TestCategory="LdapConfigRepositoryFactory" />
      </TestCategory>
      <TestMethod codeBase="C:/work/LDAP-Library/LDAPLibraryUnitTest/bin/Debug/LDAPLibraryUnitTest.dll" adapterTypeName="Microsoft.VisualStudio.TestTools.TestTypes.Unit.UnitTestAdapter, Microsoft.VisualStudio.QualityTools.Tips.UnitTest.Adapter, Version=12.0.0.0, Culture=neutral, PublicKeyToken=b03f5f7f11d50a3a" className="LDAP_Library_UnitTest.LdapConfigRepositoryFactoryUnitTests, LDAPLibraryUnitTest, Version=3.3.5815.26081, Culture=neutral, PublicKeyToken=null" name="GetLdapConfigRepository" />
    </UnitTest>
    <UnitTest name="TestStandardInitLibraryEventViewerLog" storage="ldaplibraryunittest\bin\debug\ldaplibraryunittest.dll" id="e97481b2-704f-359a-7d34-b5e69ff4f541">
      <Execution timeOut="1800000" id="4b9513b1-8608-46ab-8590-75f37160f1d3" />
      <TestCategory>
        <TestCategoryItem TestCategory="LDAPLibrary Test Init" />
      </TestCategory>
      <TestMethod codeBase="C:/work/LDAP-Library/LDAPLibraryUnitTest/bin/Debug/LDAPLibraryUnitTest.dll" adapterTypeName="Microsoft.VisualStudio.TestTools.TestTypes.Unit.UnitTestAdapter, Microsoft.VisualStudio.QualityTools.Tips.UnitTest.Adapter, Version=12.0.0.0, Culture=neutral, PublicKeyToken=b03f5f7f11d50a3a" className="LDAP_Library_UnitTest.localhost.LocalhostEnvironmentInitTest, LDAPLibraryUnitTest, Version=3.3.5815.26081, Culture=neutral, PublicKeyToken=null" name="TestStandardInitLibraryEventViewerLog" />
    </UnitTest>
    <UnitTest name="GetUserOperationReplace" storage="ldaplibraryunittest\bin\debug\ldaplibraryunittest.dll" id="ba75a37f-52c1-6b58-7e85-aab91665f7b6">
      <Execution timeOut="1800000" id="bb3edb1b-448a-41d7-9aac-97d432150c48" />
      <TestCategory>
        <TestCategoryItem TestCategory="LDAPUser Operations" />
      </TestCategory>
      <TestMethod codeBase="C:/work/LDAP-Library/LDAPLibraryUnitTest/bin/Debug/LDAPLibraryUnitTest.dll" adapterTypeName="Microsoft.VisualStudio.TestTools.TestTypes.Unit.UnitTestAdapter, Microsoft.VisualStudio.QualityTools.Tips.UnitTest.Adapter, Version=12.0.0.0, Culture=neutral, PublicKeyToken=b03f5f7f11d50a3a" className="LDAP_Library_UnitTest.LdapUserUnitTests, LDAPLibraryUnitTest, Version=3.3.5815.26081, Culture=neutral, PublicKeyToken=null" name="GetUserOperationReplace" />
    </UnitTest>
    <UnitTest name="LdapConnectionError" storage="ldaplibraryunittest\bin\debug\ldaplibraryunittest.dll" id="c11db754-043a-fe37-9bff-6bf074e0d1d1">
      <Execution timeOut="1800000" id="c3e48f7c-135a-4bd9-9797-0d2595d2f578" />
      <TestCategory>
        <TestCategoryItem TestCategory="FileLogger" />
      </TestCategory>
      <TestMethod codeBase="C:/work/LDAP-Library/LDAPLibraryUnitTest/bin/Debug/LDAPLibraryUnitTest.dll" adapterTypeName="Microsoft.VisualStudio.TestTools.TestTypes.Unit.UnitTestAdapter, Microsoft.VisualStudio.QualityTools.Tips.UnitTest.Adapter, Version=12.0.0.0, Culture=neutral, PublicKeyToken=b03f5f7f11d50a3a" className="LDAP_Library_UnitTest.LoggerUnitTests.FileLoggerAndALoggerUnitTests, LDAPLibraryUnitTest, Version=3.3.5815.26081, Culture=neutral, PublicKeyToken=null" name="LdapConnectionError" />
    </UnitTest>
    <UnitTest name="TestModifyUserAttribute" storage="ldaplibraryunittest\bin\debug\ldaplibraryunittest.dll" id="f4cd112b-1be8-023a-2258-6f3159a4c6a6">
      <Execution timeOut="1800000" id="8db5e884-6904-44b4-b4d0-b23b40fa8dcf" />
      <TestCategory>
        <TestCategoryItem TestCategory="LDAPLibrary Test Write Permissions" />
      </TestCategory>
      <TestMethod codeBase="C:/work/LDAP-Library/LDAPLibraryUnitTest/bin/Debug/LDAPLibraryUnitTest.dll" adapterTypeName="Microsoft.VisualStudio.TestTools.TestTypes.Unit.UnitTestAdapter, Microsoft.VisualStudio.QualityTools.Tips.UnitTest.Adapter, Version=12.0.0.0, Culture=neutral, PublicKeyToken=b03f5f7f11d50a3a" className="LDAP_Library_UnitTest.localhost.LocalhostEnvironment, LDAPLibraryUnitTest, Version=3.3.5815.26081, Culture=neutral, PublicKeyToken=null" name="TestModifyUserAttribute" />
    </UnitTest>
    <UnitTest name="ModifyRequest" storage="ldaplibraryunittest\bin\debug\ldaplibraryunittest.dll" id="43b2f13f-bcd3-4c78-63ab-61049c0f94c7">
      <Execution timeOut="1800000" id="3464d61d-a009-4799-976b-a161120d5d27" />
      <TestCategory>
        <TestCategoryItem TestCategory="RequestBuilder" />
      </TestCategory>
      <TestMethod codeBase="C:/work/LDAP-Library/LDAPLibraryUnitTest/bin/Debug/LDAPLibraryUnitTest.dll" adapterTypeName="Microsoft.VisualStudio.TestTools.TestTypes.Unit.UnitTestAdapter, Microsoft.VisualStudio.QualityTools.Tips.UnitTest.Adapter, Version=12.0.0.0, Culture=neutral, PublicKeyToken=b03f5f7f11d50a3a" className="LDAP_Library_UnitTest.RequestBuinderUnitTests, LDAPLibraryUnitTest, Version=3.3.5815.26081, Culture=neutral, PublicKeyToken=null" name="ModifyRequest" />
    </UnitTest>
    <UnitTest name="TestStandardInitLibrary" storage="ldaplibraryunittest\bin\debug\ldaplibraryunittest.dll" id="e0dcbe98-4968-5bf7-ec38-c92b949f6ea3">
      <Execution timeOut="1800000" id="7cc3a263-6f47-4e29-9263-98b408f80bdf" />
      <TestCategory>
        <TestCategoryItem TestCategory="LDAPLibrary Test Init" />
      </TestCategory>
      <TestMethod codeBase="C:/work/LDAP-Library/LDAPLibraryUnitTest/bin/Debug/LDAPLibraryUnitTest.dll" adapterTypeName="Microsoft.VisualStudio.TestTools.TestTypes.Unit.UnitTestAdapter, Microsoft.VisualStudio.QualityTools.Tips.UnitTest.Adapter, Version=12.0.0.0, Culture=neutral, PublicKeyToken=b03f5f7f11d50a3a" className="LDAP_Library_UnitTest.localhost.LocalhostEnvironmentAnonymous, LDAPLibraryUnitTest, Version=3.3.5815.26081, Culture=neutral, PublicKeyToken=null" name="TestStandardInitLibrary" />
    </UnitTest>
    <UnitTest name="LdapConnectionSuccess" storage="ldaplibraryunittest\bin\debug\ldaplibraryunittest.dll" id="11aed921-bedb-5db6-1530-5e061edc5265">
      <Execution timeOut="1800000" id="45afd7e5-45af-4c03-88b5-489c8a9c813d" />
      <TestCategory>
        <TestCategoryItem TestCategory="FileLogger" />
      </TestCategory>
      <TestMethod codeBase="C:/work/LDAP-Library/LDAPLibraryUnitTest/bin/Debug/LDAPLibraryUnitTest.dll" adapterTypeName="Microsoft.VisualStudio.TestTools.TestTypes.Unit.UnitTestAdapter, Microsoft.VisualStudio.QualityTools.Tips.UnitTest.Adapter, Version=12.0.0.0, Culture=neutral, PublicKeyToken=b03f5f7f11d50a3a" className="LDAP_Library_UnitTest.LoggerUnitTests.FileLoggerAndALoggerUnitTests, LDAPLibraryUnitTest, Version=3.3.5815.26081, Culture=neutral, PublicKeyToken=null" name="LdapConnectionSuccess" />
    </UnitTest>
    <UnitTest name="GetUserAttributesKeys" storage="ldaplibraryunittest\bin\debug\ldaplibraryunittest.dll" id="bf83c071-36e4-697e-e978-6e0216654ba7">
      <Execution timeOut="1800000" id="b3a11128-eb16-487c-b92d-5c72413f61d0" />
      <TestCategory>
        <TestCategoryItem TestCategory="LDAPUser Getter" />
      </TestCategory>
      <TestMethod codeBase="C:/work/LDAP-Library/LDAPLibraryUnitTest/bin/Debug/LDAPLibraryUnitTest.dll" adapterTypeName="Microsoft.VisualStudio.TestTools.TestTypes.Unit.UnitTestAdapter, Microsoft.VisualStudio.QualityTools.Tips.UnitTest.Adapter, Version=12.0.0.0, Culture=neutral, PublicKeyToken=b03f5f7f11d50a3a" className="LDAP_Library_UnitTest.LdapUserUnitTests, LDAPLibraryUnitTest, Version=3.3.5815.26081, Culture=neutral, PublicKeyToken=null" name="GetUserAttributesKeys" />
    </UnitTest>
    <UnitTest name="AdminMode" storage="ldaplibraryunittest\bin\debug\ldaplibraryunittest.dll" id="b3438051-db78-9e62-a125-69d5547ca473">
      <Execution timeOut="1800000" id="ba0f7529-202d-405d-a3bc-189ba9bd492f" />
      <TestCategory>
        <TestCategoryItem TestCategory="Mode Checker - Admin Mode" />
      </TestCategory>
      <TestMethod codeBase="C:/work/LDAP-Library/LDAPLibraryUnitTest/bin/Debug/LDAPLibraryUnitTest.dll" adapterTypeName="Microsoft.VisualStudio.TestTools.TestTypes.Unit.UnitTestAdapter, Microsoft.VisualStudio.QualityTools.Tips.UnitTest.Adapter, Version=12.0.0.0, Culture=neutral, PublicKeyToken=b03f5f7f11d50a3a" className="LDAP_Library_UnitTest.LdapModeCheckerUnitTests, LDAPLibraryUnitTest, Version=3.3.5815.26081, Culture=neutral, PublicKeyToken=null" name="AdminMode" />
    </UnitTest>
    <UnitTest name="GetUserOperationDelete" storage="ldaplibraryunittest\bin\debug\ldaplibraryunittest.dll" id="9e0a04ee-da6f-7eec-ff14-c36ca71a4c51">
      <Execution timeOut="1800000" id="aad9a0fd-9bc1-400b-a8ae-0af15bc696e6" />
      <TestCategory>
        <TestCategoryItem TestCategory="LDAPUser Operations" />
      </TestCategory>
      <TestMethod codeBase="C:/work/LDAP-Library/LDAPLibraryUnitTest/bin/Debug/LDAPLibraryUnitTest.dll" adapterTypeName="Microsoft.VisualStudio.TestTools.TestTypes.Unit.UnitTestAdapter, Microsoft.VisualStudio.QualityTools.Tips.UnitTest.Adapter, Version=12.0.0.0, Culture=neutral, PublicKeyToken=b03f5f7f11d50a3a" className="LDAP_Library_UnitTest.LdapUserUnitTests, LDAPLibraryUnitTest, Version=3.3.5815.26081, Culture=neutral, PublicKeyToken=null" name="GetUserOperationDelete" />
    </UnitTest>
    <UnitTest name="DeleteUserAttribute" storage="ldaplibraryunittest\bin\debug\ldaplibraryunittest.dll" id="c4d18457-c91f-0b61-bb5e-23385832e8f4">
      <Execution timeOut="1800000" id="161bfbe9-d370-4667-9b43-63b821d3ed8a" />
      <TestCategory>
        <TestCategoryItem TestCategory="LDAPUser Operations" />
      </TestCategory>
      <TestMethod codeBase="C:/work/LDAP-Library/LDAPLibraryUnitTest/bin/Debug/LDAPLibraryUnitTest.dll" adapterTypeName="Microsoft.VisualStudio.TestTools.TestTypes.Unit.UnitTestAdapter, Microsoft.VisualStudio.QualityTools.Tips.UnitTest.Adapter, Version=12.0.0.0, Culture=neutral, PublicKeyToken=b03f5f7f11d50a3a" className="LDAP_Library_UnitTest.LdapUserUnitTests, LDAPLibraryUnitTest, Version=3.3.5815.26081, Culture=neutral, PublicKeyToken=null" name="DeleteUserAttribute" />
    </UnitTest>
    <UnitTest name="SearchRequest" storage="ldaplibraryunittest\bin\debug\ldaplibraryunittest.dll" id="57471048-8b6d-7ccb-e95c-a24acbdc078c">
      <Execution timeOut="1800000" id="80345f02-22fc-433f-ac7c-2d00854e3650" />
      <TestCategory>
        <TestCategoryItem TestCategory="RequestBuilder" />
      </TestCategory>
      <TestMethod codeBase="C:/work/LDAP-Library/LDAPLibraryUnitTest/bin/Debug/LDAPLibraryUnitTest.dll" adapterTypeName="Microsoft.VisualStudio.TestTools.TestTypes.Unit.UnitTestAdapter, Microsoft.VisualStudio.QualityTools.Tips.UnitTest.Adapter, Version=12.0.0.0, Culture=neutral, PublicKeyToken=b03f5f7f11d50a3a" className="LDAP_Library_UnitTest.RequestBuinderUnitTests, LDAPLibraryUnitTest, Version=3.3.5815.26081, Culture=neutral, PublicKeyToken=null" name="SearchRequest" />
    </UnitTest>
    <UnitTest name="TestStandardInitLibraryNologPath_None" storage="ldaplibraryunittest\bin\debug\ldaplibraryunittest.dll" id="21a66855-52c7-57d8-1f64-1862559b63da">
      <Execution timeOut="1800000" id="47a33b8e-85b0-4beb-b0f4-cdd4f197dd40" />
      <TestCategory>
        <TestCategoryItem TestCategory="LDAPLibrary Test Init" />
      </TestCategory>
      <TestMethod codeBase="C:/work/LDAP-Library/LDAPLibraryUnitTest/bin/Debug/LDAPLibraryUnitTest.dll" adapterTypeName="Microsoft.VisualStudio.TestTools.TestTypes.Unit.UnitTestAdapter, Microsoft.VisualStudio.QualityTools.Tips.UnitTest.Adapter, Version=12.0.0.0, Culture=neutral, PublicKeyToken=b03f5f7f11d50a3a" className="LDAP_Library_UnitTest.localhost.LocalhostEnvironmentInitTest, LDAPLibraryUnitTest, Version=3.3.5815.26081, Culture=neutral, PublicKeyToken=null" name="TestStandardInitLibraryNologPath_None" />
    </UnitTest>
    <UnitTest name="NullCn" storage="ldaplibraryunittest\bin\debug\ldaplibraryunittest.dll" id="96a8bd2b-c1ff-780f-24e4-1c411f8f3a28">
      <Execution timeOut="1800000" id="1e0375cb-a0fc-48a0-9ac0-9fae5c63cb9f" />
      <TestCategory>
        <TestCategoryItem TestCategory="LDAPUser Init" />
      </TestCategory>
      <TestMethod codeBase="C:/work/LDAP-Library/LDAPLibraryUnitTest/bin/Debug/LDAPLibraryUnitTest.dll" adapterTypeName="Microsoft.VisualStudio.TestTools.TestTypes.Unit.UnitTestAdapter, Microsoft.VisualStudio.QualityTools.Tips.UnitTest.Adapter, Version=12.0.0.0, Culture=neutral, PublicKeyToken=b03f5f7f11d50a3a" className="LDAP_Library_UnitTest.LdapUserUnitTests, LDAPLibraryUnitTest, Version=3.3.5815.26081, Culture=neutral, PublicKeyToken=null" name="NullCn" />
    </UnitTest>
    <UnitTest name="GetUserCn" storage="ldaplibraryunittest\bin\debug\ldaplibraryunittest.dll" id="48f1559d-910d-0ef6-d052-c71c6dba4546">
      <Execution timeOut="1800000" id="6b66d1cf-626a-46cf-aaf9-b2dcde128b29" />
      <TestCategory>
        <TestCategoryItem TestCategory="LDAPUser Getter" />
      </TestCategory>
      <TestMethod codeBase="C:/work/LDAP-Library/LDAPLibraryUnitTest/bin/Debug/LDAPLibraryUnitTest.dll" adapterTypeName="Microsoft.VisualStudio.TestTools.TestTypes.Unit.UnitTestAdapter, Microsoft.VisualStudio.QualityTools.Tips.UnitTest.Adapter, Version=12.0.0.0, Culture=neutral, PublicKeyToken=b03f5f7f11d50a3a" className="LDAP_Library_UnitTest.LdapUserUnitTests, LDAPLibraryUnitTest, Version=3.3.5815.26081, Culture=neutral, PublicKeyToken=null" name="GetUserCn" />
    </UnitTest>
    <UnitTest name="TestCompleteInitLibraryNoCertificatePathRequired" storage="ldaplibraryunittest\bin\debug\ldaplibraryunittest.dll" id="2893fbb5-6a1b-3f33-0d9a-ea746d313360">
      <Execution timeOut="1800000" id="3a092ac5-689f-4fd3-a700-fa8c9285321c" />
      <TestCategory>
        <TestCategoryItem TestCategory="LDAPLibrary Test Init" />
      </TestCategory>
      <TestMethod codeBase="C:/work/LDAP-Library/LDAPLibraryUnitTest/bin/Debug/LDAPLibraryUnitTest.dll" adapterTypeName="Microsoft.VisualStudio.TestTools.TestTypes.Unit.UnitTestAdapter, Microsoft.VisualStudio.QualityTools.Tips.UnitTest.Adapter, Version=12.0.0.0, Culture=neutral, PublicKeyToken=b03f5f7f11d50a3a" className="LDAP_Library_UnitTest.localhost.LocalhostEnvironmentInitTest, LDAPLibraryUnitTest, Version=3.3.5815.26081, Culture=neutral, PublicKeyToken=null" name="TestCompleteInitLibraryNoCertificatePathRequired" />
    </UnitTest>
    <UnitTest name="LdapGenericError" storage="ldaplibraryunittest\bin\debug\ldaplibraryunittest.dll" id="38e731bc-232c-7239-5529-55d229139dfa">
      <Execution timeOut="1800000" id="6c57114f-101f-4f00-9168-33f8fc303e20" />
      <TestCategory>
        <TestCategoryItem TestCategory="FileLogger" />
      </TestCategory>
      <TestMethod codeBase="C:/work/LDAP-Library/LDAPLibraryUnitTest/bin/Debug/LDAPLibraryUnitTest.dll" adapterTypeName="Microsoft.VisualStudio.TestTools.TestTypes.Unit.UnitTestAdapter, Microsoft.VisualStudio.QualityTools.Tips.UnitTest.Adapter, Version=12.0.0.0, Culture=neutral, PublicKeyToken=b03f5f7f11d50a3a" className="LDAP_Library_UnitTest.LoggerUnitTests.FileLoggerAndALoggerUnitTests, LDAPLibraryUnitTest, Version=3.3.5815.26081, Culture=neutral, PublicKeyToken=null" name="LdapGenericError" />
    </UnitTest>
    <UnitTest name="LoggerFactoryFakeLogger" storage="ldaplibraryunittest\bin\debug\ldaplibraryunittest.dll" id="2d188a8e-ae67-ec60-271d-d800f6767ff0">
      <Execution timeOut="1800000" id="62ff36a5-f381-403a-b550-fb653a5bb8ee" />
      <TestCategory>
        <TestCategoryItem TestCategory="LoggerFactoryFakeLogger" />
      </TestCategory>
      <TestMethod codeBase="C:/work/LDAP-Library/LDAPLibraryUnitTest/bin/Debug/LDAPLibraryUnitTest.dll" adapterTypeName="Microsoft.VisualStudio.TestTools.TestTypes.Unit.UnitTestAdapter, Microsoft.VisualStudio.QualityTools.Tips.UnitTest.Adapter, Version=12.0.0.0, Culture=neutral, PublicKeyToken=b03f5f7f11d50a3a" className="LDAP_Library_UnitTest.LoggerFactoryUnitTests, LDAPLibraryUnitTest, Version=3.3.5815.26081, Culture=neutral, PublicKeyToken=null" name="LoggerFactoryFakeLogger" />
    </UnitTest>
    <UnitTest name="CompleteConfigNoMatchFieldUsername" storage="ldaplibraryunittest\bin\debug\ldaplibraryunittest.dll" id="768cf606-aee7-9ad1-e8e7-b6aae6cec5ac">
      <Execution timeOut="1800000" id="59da15d3-4396-47ab-b3cf-20a2ee97fced" />
      <TestCategory>
        <TestCategoryItem TestCategory="configRepository Exceptions" />
      </TestCategory>
      <TestMethod codeBase="C:/work/LDAP-Library/LDAPLibraryUnitTest/bin/Debug/LDAPLibraryUnitTest.dll" adapterTypeName="Microsoft.VisualStudio.TestTools.TestTypes.Unit.UnitTestAdapter, Microsoft.VisualStudio.QualityTools.Tips.UnitTest.Adapter, Version=12.0.0.0, Culture=neutral, PublicKeyToken=b03f5f7f11d50a3a" className="LDAP_Library_UnitTest.LdapConfigRepositoryUnitTests, LDAPLibraryUnitTest, Version=3.3.5815.26081, Culture=neutral, PublicKeyToken=null" name="CompleteConfigNoMatchFieldUsername" />
    </UnitTest>
    <UnitTest name="FileLoggerInitNullPath" storage="ldaplibraryunittest\bin\debug\ldaplibraryunittest.dll" id="65f6cbff-c17c-e912-2921-210f83f92953">
      <Execution timeOut="1800000" id="4c5f4b4b-7219-4a6f-a2b7-f5640efb6fab" />
      <TestCategory>
        <TestCategoryItem TestCategory="FileLogger" />
      </TestCategory>
      <TestMethod codeBase="C:/work/LDAP-Library/LDAPLibraryUnitTest/bin/Debug/LDAPLibraryUnitTest.dll" adapterTypeName="Microsoft.VisualStudio.TestTools.TestTypes.Unit.UnitTestAdapter, Microsoft.VisualStudio.QualityTools.Tips.UnitTest.Adapter, Version=12.0.0.0, Culture=neutral, PublicKeyToken=b03f5f7f11d50a3a" className="LDAP_Library_UnitTest.LoggerUnitTests.FileLoggerAndALoggerUnitTests, LDAPLibraryUnitTest, Version=3.3.5815.26081, Culture=neutral, PublicKeyToken=null" name="FileLoggerInitNullPath" />
    </UnitTest>
    <UnitTest name="TestFakeLoggerWrite" storage="ldaplibraryunittest\bin\debug\ldaplibraryunittest.dll" id="e641e732-cb7c-93fc-98e1-bacd8a34ad80">
      <Execution timeOut="1800000" id="51d32d4e-861f-46a1-beb2-fe778f24fa66" />
      <TestCategory>
        <TestCategoryItem TestCategory="FakeLogger" />
      </TestCategory>
      <TestMethod codeBase="C:/work/LDAP-Library/LDAPLibraryUnitTest/bin/Debug/LDAPLibraryUnitTest.dll" adapterTypeName="Microsoft.VisualStudio.TestTools.TestTypes.Unit.UnitTestAdapter, Microsoft.VisualStudio.QualityTools.Tips.UnitTest.Adapter, Version=12.0.0.0, Culture=neutral, PublicKeyToken=b03f5f7f11d50a3a" className="LDAP_Library_UnitTest.LoggerUnitTests.FakeLoggerUnitTest, LDAPLibraryUnitTest, Version=3.3.5815.26081, Culture=neutral, PublicKeyToken=null" name="TestFakeLoggerWrite" />
    </UnitTest>
    <UnitTest name="DeleteUserAttributeNotExist" storage="ldaplibraryunittest\bin\debug\ldaplibraryunittest.dll" id="dfda7d85-6a76-96a0-fe43-cd534752a6a0">
      <Execution timeOut="1800000" id="57b17949-e2af-4a47-8545-df808ad81e66" />
      <TestCategory>
        <TestCategoryItem TestCategory="LDAPUser Operations" />
      </TestCategory>
      <TestMethod codeBase="C:/work/LDAP-Library/LDAPLibraryUnitTest/bin/Debug/LDAPLibraryUnitTest.dll" adapterTypeName="Microsoft.VisualStudio.TestTools.TestTypes.Unit.UnitTestAdapter, Microsoft.VisualStudio.QualityTools.Tips.UnitTest.Adapter, Version=12.0.0.0, Culture=neutral, PublicKeyToken=b03f5f7f11d50a3a" className="LDAP_Library_UnitTest.LdapUserUnitTests, LDAPLibraryUnitTest, Version=3.3.5815.26081, Culture=neutral, PublicKeyToken=null" name="DeleteUserAttributeNotExist" />
    </UnitTest>
    <UnitTest name="TestCompleteInitLibraryNoMatchFieldUsername" storage="ldaplibraryunittest\bin\debug\ldaplibraryunittest.dll" id="75f4d301-a227-3ded-892b-432ffbff7e55">
      <Execution timeOut="1800000" id="4593ec14-0248-46cc-90a9-3c233be3063b" />
      <TestCategory>
        <TestCategoryItem TestCategory="LDAPLibrary Test Init" />
      </TestCategory>
      <TestMethod codeBase="C:/work/LDAP-Library/LDAPLibraryUnitTest/bin/Debug/LDAPLibraryUnitTest.dll" adapterTypeName="Microsoft.VisualStudio.TestTools.TestTypes.Unit.UnitTestAdapter, Microsoft.VisualStudio.QualityTools.Tips.UnitTest.Adapter, Version=12.0.0.0, Culture=neutral, PublicKeyToken=b03f5f7f11d50a3a" className="LDAP_Library_UnitTest.localhost.LocalhostEnvironmentInitTest, LDAPLibraryUnitTest, Version=3.3.5815.26081, Culture=neutral, PublicKeyToken=null" name="TestCompleteInitLibraryNoMatchFieldUsername" />
    </UnitTest>
    <UnitTest name="TestCompleteInitLibrary" storage="ldaplibraryunittest\bin\debug\ldaplibraryunittest.dll" id="af07bccc-f21c-a037-eb41-4fa52ca145df">
      <Execution timeOut="1800000" id="3baff87f-ff4a-456e-a086-c369ad7dd799" />
      <TestCategory>
        <TestCategoryItem TestCategory="LDAPLibrary Test Init" />
      </TestCategory>
      <TestMethod codeBase="C:/work/LDAP-Library/LDAPLibraryUnitTest/bin/Debug/LDAPLibraryUnitTest.dll" adapterTypeName="Microsoft.VisualStudio.TestTools.TestTypes.Unit.UnitTestAdapter, Microsoft.VisualStudio.QualityTools.Tips.UnitTest.Adapter, Version=12.0.0.0, Culture=neutral, PublicKeyToken=b03f5f7f11d50a3a" className="LDAP_Library_UnitTest.localhost.LocalhostEnvironmentInitTest, LDAPLibraryUnitTest, Version=3.3.5815.26081, Culture=neutral, PublicKeyToken=null" name="TestCompleteInitLibrary" />
    </UnitTest>
    <UnitTest name="CompleteConfigNoAdmin_LDAPAdminMode_NoAdmin" storage="ldaplibraryunittest\bin\debug\ldaplibraryunittest.dll" id="e154ebe1-cf18-8c34-0964-52325c84d13c">
      <Execution timeOut="1800000" id="318bde47-4d91-4fe0-aa87-fe1c1d2b0165" />
      <TestCategory>
        <TestCategoryItem TestCategory="configRepository Exceptions" />
      </TestCategory>
      <TestMethod codeBase="C:/work/LDAP-Library/LDAPLibraryUnitTest/bin/Debug/LDAPLibraryUnitTest.dll" adapterTypeName="Microsoft.VisualStudio.TestTools.TestTypes.Unit.UnitTestAdapter, Microsoft.VisualStudio.QualityTools.Tips.UnitTest.Adapter, Version=12.0.0.0, Culture=neutral, PublicKeyToken=b03f5f7f11d50a3a" className="LDAP_Library_UnitTest.LdapConfigRepositoryUnitTests, LDAPLibraryUnitTest, Version=3.3.5815.26081, Culture=neutral, PublicKeyToken=null" name="CompleteConfigNoAdmin_LDAPAdminMode_NoAdmin" />
    </UnitTest>
    <UnitTest name="TestStandardInitLibraryEventViewerLogNoPath" storage="ldaplibraryunittest\bin\debug\ldaplibraryunittest.dll" id="a06befcc-3511-4971-3800-30d92f4bc9b6">
      <Execution timeOut="1800000" id="7e90b2e1-68f2-4600-8e4c-79726327743a" />
      <TestCategory>
        <TestCategoryItem TestCategory="LDAPLibrary Test Init" />
      </TestCategory>
      <TestMethod codeBase="C:/work/LDAP-Library/LDAPLibraryUnitTest/bin/Debug/LDAPLibraryUnitTest.dll" adapterTypeName="Microsoft.VisualStudio.TestTools.TestTypes.Unit.UnitTestAdapter, Microsoft.VisualStudio.QualityTools.Tips.UnitTest.Adapter, Version=12.0.0.0, Culture=neutral, PublicKeyToken=b03f5f7f11d50a3a" className="LDAP_Library_UnitTest.localhost.LocalhostEnvironmentInitTest, LDAPLibraryUnitTest, Version=3.3.5815.26081, Culture=neutral, PublicKeyToken=null" name="TestStandardInitLibraryEventViewerLogNoPath" />
    </UnitTest>
    <UnitTest name="LdapUserInstanceNullOtherAttribute" storage="ldaplibraryunittest\bin\debug\ldaplibraryunittest.dll" id="cf2aeec4-4c32-ec26-95ea-ed3f79ced054">
      <Execution timeOut="1800000" id="ad00987a-ad1c-4bb0-b50a-fe7fd00e2a38" />
      <TestCategory>
        <TestCategoryItem TestCategory="LDAPUser Init" />
      </TestCategory>
      <TestMethod codeBase="C:/work/LDAP-Library/LDAPLibraryUnitTest/bin/Debug/LDAPLibraryUnitTest.dll" adapterTypeName="Microsoft.VisualStudio.TestTools.TestTypes.Unit.UnitTestAdapter, Microsoft.VisualStudio.QualityTools.Tips.UnitTest.Adapter, Version=12.0.0.0, Culture=neutral, PublicKeyToken=b03f5f7f11d50a3a" className="LDAP_Library_UnitTest.LdapUserUnitTests, LDAPLibraryUnitTest, Version=3.3.5815.26081, Culture=neutral, PublicKeyToken=null" name="LdapUserInstanceNullOtherAttribute" />
    </UnitTest>
    <UnitTest name="ParametersEmpty" storage="ldaplibraryunittest\bin\debug\ldaplibraryunittest.dll" id="4b8cb046-a6b7-ac00-8fa1-3c66ded48949">
      <Execution timeOut="1800000" id="87089c67-f601-4ecc-8c08-c319c81e5ff4" />
      <TestCategory>
        <TestCategoryItem TestCategory="Parameter Checker" />
      </TestCategory>
      <TestMethod codeBase="C:/work/LDAP-Library/LDAPLibraryUnitTest/bin/Debug/LDAPLibraryUnitTest.dll" adapterTypeName="Microsoft.VisualStudio.TestTools.TestTypes.Unit.UnitTestAdapter, Microsoft.VisualStudio.QualityTools.Tips.UnitTest.Adapter, Version=12.0.0.0, Culture=neutral, PublicKeyToken=b03f5f7f11d50a3a" className="LDAP_Library_UnitTest.ParameterCheckerUnitTests, LDAPLibraryUnitTest, Version=3.3.5815.26081, Culture=neutral, PublicKeyToken=null" name="ParametersEmpty" />
    </UnitTest>
    <UnitTest name="GetUserSn" storage="ldaplibraryunittest\bin\debug\ldaplibraryunittest.dll" id="52edda30-356e-6753-eceb-95ce504dcc73">
      <Execution timeOut="1800000" id="a3aa3ce8-a818-4825-8410-c3577a20e268" />
      <TestCategory>
        <TestCategoryItem TestCategory="LDAPUser Getter" />
      </TestCategory>
      <TestMethod codeBase="C:/work/LDAP-Library/LDAPLibraryUnitTest/bin/Debug/LDAPLibraryUnitTest.dll" adapterTypeName="Microsoft.VisualStudio.TestTools.TestTypes.Unit.UnitTestAdapter, Microsoft.VisualStudio.QualityTools.Tips.UnitTest.Adapter, Version=12.0.0.0, Culture=neutral, PublicKeyToken=b03f5f7f11d50a3a" className="LDAP_Library_UnitTest.LdapUserUnitTests, LDAPLibraryUnitTest, Version=3.3.5815.26081, Culture=neutral, PublicKeyToken=null" name="GetUserSn" />
    </UnitTest>
    <UnitTest name="TestAdminConnect" storage="ldaplibraryunittest\bin\debug\ldaplibraryunittest.dll" id="5629e372-fc9e-e979-85ca-c14e26697764">
      <Execution timeOut="1800000" id="02a54990-19a0-46d1-9fd7-85797674450f" />
      <TestCategory>
        <TestCategoryItem TestCategory="LDAPLibrary Test Init" />
      </TestCategory>
      <TestMethod codeBase="C:/work/LDAP-Library/LDAPLibraryUnitTest/bin/Debug/LDAPLibraryUnitTest.dll" adapterTypeName="Microsoft.VisualStudio.TestTools.TestTypes.Unit.UnitTestAdapter, Microsoft.VisualStudio.QualityTools.Tips.UnitTest.Adapter, Version=12.0.0.0, Culture=neutral, PublicKeyToken=b03f5f7f11d50a3a" className="LDAP_Library_UnitTest.localhost.LocalhostEnvironmentAnonymous, LDAPLibraryUnitTest, Version=3.3.5815.26081, Culture=neutral, PublicKeyToken=null" name="TestAdminConnect" />
    </UnitTest>
    <UnitTest name="TestCompleteInitLibraryNoLogPath_File" storage="ldaplibraryunittest\bin\debug\ldaplibraryunittest.dll" id="6fdcad35-f3a2-a3af-8f7b-5ae4f8b893d5">
      <Execution timeOut="1800000" id="5c2e1f98-db25-41a4-9eb9-52c81bdc7b5c" />
      <TestCategory>
        <TestCategoryItem TestCategory="LDAPLibrary Test Init" />
      </TestCategory>
      <TestMethod codeBase="C:/work/LDAP-Library/LDAPLibraryUnitTest/bin/Debug/LDAPLibraryUnitTest.dll" adapterTypeName="Microsoft.VisualStudio.TestTools.TestTypes.Unit.UnitTestAdapter, Microsoft.VisualStudio.QualityTools.Tips.UnitTest.Adapter, Version=12.0.0.0, Culture=neutral, PublicKeyToken=b03f5f7f11d50a3a" className="LDAP_Library_UnitTest.localhost.LocalhostEnvironmentInitTest, LDAPLibraryUnitTest, Version=3.3.5815.26081, Culture=neutral, PublicKeyToken=null" name="TestCompleteInitLibraryNoLogPath_File" />
    </UnitTest>
    <UnitTest name="TestUserConnectWithoutWritePermissions" storage="ldaplibraryunittest\bin\debug\ldaplibraryunittest.dll" id="2a6926a6-6450-6c78-3d1c-70bcfbe98243">
      <Execution timeOut="1800000" id="8d4cb67e-0373-4604-9d70-c9cf17870059" />
      <TestCategory>
        <TestCategoryItem TestCategory="LDAPLibrary Test Read Permissions" />
      </TestCategory>
      <TestMethod codeBase="C:/work/LDAP-Library/LDAPLibraryUnitTest/bin/Debug/LDAPLibraryUnitTest.dll" adapterTypeName="Microsoft.VisualStudio.TestTools.TestTypes.Unit.UnitTestAdapter, Microsoft.VisualStudio.QualityTools.Tips.UnitTest.Adapter, Version=12.0.0.0, Culture=neutral, PublicKeyToken=b03f5f7f11d50a3a" className="LDAP_Library_UnitTest.localhost.LocalhostEnvironmentAnonymous, LDAPLibraryUnitTest, Version=3.3.5815.26081, Culture=neutral, PublicKeyToken=null" name="TestUserConnectWithoutWritePermissions" />
    </UnitTest>
    <UnitTest name="CreateUserAttributeSingleExist" storage="ldaplibraryunittest\bin\debug\ldaplibraryunittest.dll" id="0a827672-fcc5-5a61-6421-a808dec41250">
      <Execution timeOut="1800000" id="fb0f5b2c-89c0-4487-b212-2ef424060994" />
      <TestCategory>
        <TestCategoryItem TestCategory="LDAPUser Operations" />
      </TestCategory>
      <TestMethod codeBase="C:/work/LDAP-Library/LDAPLibraryUnitTest/bin/Debug/LDAPLibraryUnitTest.dll" adapterTypeName="Microsoft.VisualStudio.TestTools.TestTypes.Unit.UnitTestAdapter, Microsoft.VisualStudio.QualityTools.Tips.UnitTest.Adapter, Version=12.0.0.0, Culture=neutral, PublicKeyToken=b03f5f7f11d50a3a" className="LDAP_Library_UnitTest.LdapUserUnitTests, LDAPLibraryUnitTest, Version=3.3.5815.26081, Culture=neutral, PublicKeyToken=null" name="CreateUserAttributeSingleExist" />
    </UnitTest>
    <UnitTest name="LdapUserManipulatorSuccess" storage="ldaplibraryunittest\bin\debug\ldaplibraryunittest.dll" id="46addbba-7fb7-6c20-b9f8-24bbe6646ebb">
      <Execution timeOut="1800000" id="c8007dca-9a3a-4904-bf51-933418d5cfce" />
      <TestCategory>
        <TestCategoryItem TestCategory="FileLogger" />
      </TestCategory>
      <TestMethod codeBase="C:/work/LDAP-Library/LDAPLibraryUnitTest/bin/Debug/LDAPLibraryUnitTest.dll" adapterTypeName="Microsoft.VisualStudio.TestTools.TestTypes.Unit.UnitTestAdapter, Microsoft.VisualStudio.QualityTools.Tips.UnitTest.Adapter, Version=12.0.0.0, Culture=neutral, PublicKeyToken=b03f5f7f11d50a3a" className="LDAP_Library_UnitTest.LoggerUnitTests.FileLoggerAndALoggerUnitTests, LDAPLibraryUnitTest, Version=3.3.5815.26081, Culture=neutral, PublicKeyToken=null" name="LdapUserManipulatorSuccess" />
    </UnitTest>
    <UnitTest name="CompleteConfigNoSearchBaseDn" storage="ldaplibraryunittest\bin\debug\ldaplibraryunittest.dll" id="82ecccb3-61dd-ad38-3e6f-ea5a30ddd1e8">
      <Execution timeOut="1800000" id="f78352d1-4ef0-45e0-b7ce-45d6a97de1cc" />
      <TestCategory>
        <TestCategoryItem TestCategory="configRepository Exceptions" />
      </TestCategory>
      <TestMethod codeBase="C:/work/LDAP-Library/LDAPLibraryUnitTest/bin/Debug/LDAPLibraryUnitTest.dll" adapterTypeName="Microsoft.VisualStudio.TestTools.TestTypes.Unit.UnitTestAdapter, Microsoft.VisualStudio.QualityTools.Tips.UnitTest.Adapter, Version=12.0.0.0, Culture=neutral, PublicKeyToken=b03f5f7f11d50a3a" className="LDAP_Library_UnitTest.LdapConfigRepositoryUnitTests, LDAPLibraryUnitTest, Version=3.3.5815.26081, Culture=neutral, PublicKeyToken=null" name="CompleteConfigNoSearchBaseDn" />
    </UnitTest>
    <UnitTest name="SearchFilterBuilder" storage="ldaplibraryunittest\bin\debug\ldaplibraryunittest.dll" id="5379aed9-67aa-b2bd-2e4a-b19032f074f7">
      <Execution timeOut="1800000" id="15dc1445-06f5-4832-8bed-1ff80339c8a2" />
      <TestCategory>
        <TestCategoryItem TestCategory="FilterBuilder Search" />
      </TestCategory>
      <TestMethod codeBase="C:/work/LDAP-Library/LDAPLibraryUnitTest/bin/Debug/LDAPLibraryUnitTest.dll" adapterTypeName="Microsoft.VisualStudio.TestTools.TestTypes.Unit.UnitTestAdapter, Microsoft.VisualStudio.QualityTools.Tips.UnitTest.Adapter, Version=12.0.0.0, Culture=neutral, PublicKeyToken=b03f5f7f11d50a3a" className="LDAP_Library_UnitTest.FilterBuilderUnitTests, LDAPLibraryUnitTest, Version=3.3.5815.26081, Culture=neutral, PublicKeyToken=null" name="SearchFilterBuilder" />
    </UnitTest>
    <UnitTest name="LdapSearchUserError" storage="ldaplibraryunittest\bin\debug\ldaplibraryunittest.dll" id="a4cc3e8c-2aed-b51a-5e26-8fc2f5972e17">
      <Execution timeOut="1800000" id="81d22f09-0bed-49bf-80c4-6d1eb047a753" />
      <TestCategory>
        <TestCategoryItem TestCategory="FileLogger" />
      </TestCategory>
      <TestMethod codeBase="C:/work/LDAP-Library/LDAPLibraryUnitTest/bin/Debug/LDAPLibraryUnitTest.dll" adapterTypeName="Microsoft.VisualStudio.TestTools.TestTypes.Unit.UnitTestAdapter, Microsoft.VisualStudio.QualityTools.Tips.UnitTest.Adapter, Version=12.0.0.0, Culture=neutral, PublicKeyToken=b03f5f7f11d50a3a" className="LDAP_Library_UnitTest.LoggerUnitTests.FileLoggerAndALoggerUnitTests, LDAPLibraryUnitTest, Version=3.3.5815.26081, Culture=neutral, PublicKeyToken=null" name="LdapSearchUserError" />
    </UnitTest>
    <UnitTest name="FileLoggerInitEmptyPath" storage="ldaplibraryunittest\bin\debug\ldaplibraryunittest.dll" id="e5088ad4-e479-6c28-55fd-98687bd992d3">
      <Execution timeOut="1800000" id="53355986-4f40-49e0-92c3-25a2046fcc23" />
      <TestCategory>
        <TestCategoryItem TestCategory="FileLogger" />
      </TestCategory>
      <TestMethod codeBase="C:/work/LDAP-Library/LDAPLibraryUnitTest/bin/Debug/LDAPLibraryUnitTest.dll" adapterTypeName="Microsoft.VisualStudio.TestTools.TestTypes.Unit.UnitTestAdapter, Microsoft.VisualStudio.QualityTools.Tips.UnitTest.Adapter, Version=12.0.0.0, Culture=neutral, PublicKeyToken=b03f5f7f11d50a3a" className="LDAP_Library_UnitTest.LoggerUnitTests.FileLoggerAndALoggerUnitTests, LDAPLibraryUnitTest, Version=3.3.5815.26081, Culture=neutral, PublicKeyToken=null" name="FileLoggerInitEmptyPath" />
    </UnitTest>
    <UnitTest name="ParametersNull" storage="ldaplibraryunittest\bin\debug\ldaplibraryunittest.dll" id="01ccfdca-220a-73db-d924-82796d9ba73f">
      <Execution timeOut="1800000" id="56618b9e-4180-4ab2-a010-0dd59100de7a" />
      <TestCategory>
        <TestCategoryItem TestCategory="Parameter Checker" />
      </TestCategory>
      <TestMethod codeBase="C:/work/LDAP-Library/LDAPLibraryUnitTest/bin/Debug/LDAPLibraryUnitTest.dll" adapterTypeName="Microsoft.VisualStudio.TestTools.TestTypes.Unit.UnitTestAdapter, Microsoft.VisualStudio.QualityTools.Tips.UnitTest.Adapter, Version=12.0.0.0, Culture=neutral, PublicKeyToken=b03f5f7f11d50a3a" className="LDAP_Library_UnitTest.ParameterCheckerUnitTests, LDAPLibraryUnitTest, Version=3.3.5815.26081, Culture=neutral, PublicKeyToken=null" name="ParametersNull" />
    </UnitTest>
    <UnitTest name="TestCompleteInitLibraryNoUserClass" storage="ldaplibraryunittest\bin\debug\ldaplibraryunittest.dll" id="c8095f13-d68d-7d07-d217-58458146033e">
      <Execution timeOut="1800000" id="a373fb40-5104-4538-aa67-fa30f4f9ad5a" />
      <TestCategory>
        <TestCategoryItem TestCategory="LDAPLibrary Test Init" />
      </TestCategory>
      <TestMethod codeBase="C:/work/LDAP-Library/LDAPLibraryUnitTest/bin/Debug/LDAPLibraryUnitTest.dll" adapterTypeName="Microsoft.VisualStudio.TestTools.TestTypes.Unit.UnitTestAdapter, Microsoft.VisualStudio.QualityTools.Tips.UnitTest.Adapter, Version=12.0.0.0, Culture=neutral, PublicKeyToken=b03f5f7f11d50a3a" className="LDAP_Library_UnitTest.localhost.LocalhostEnvironmentInitTest, LDAPLibraryUnitTest, Version=3.3.5815.26081, Culture=neutral, PublicKeyToken=null" name="TestCompleteInitLibraryNoUserClass" />
    </UnitTest>
    <UnitTest name="CompleteConfigNoCertificatePath" storage="ldaplibraryunittest\bin\debug\ldaplibraryunittest.dll" id="e7fba96a-4ea3-37e1-b1e1-e8dfa3d0c3a0">
      <Execution timeOut="1800000" id="ca8326b1-fb67-43b7-a1ac-ac23066434ed" />
      <TestCategory>
        <TestCategoryItem TestCategory="configRepository Exceptions" />
      </TestCategory>
      <TestMethod codeBase="C:/work/LDAP-Library/LDAPLibraryUnitTest/bin/Debug/LDAPLibraryUnitTest.dll" adapterTypeName="Microsoft.VisualStudio.TestTools.TestTypes.Unit.UnitTestAdapter, Microsoft.VisualStudio.QualityTools.Tips.UnitTest.Adapter, Version=12.0.0.0, Culture=neutral, PublicKeyToken=b03f5f7f11d50a3a" className="LDAP_Library_UnitTest.LdapConfigRepositoryUnitTests, LDAPLibraryUnitTest, Version=3.3.5815.26081, Culture=neutral, PublicKeyToken=null" name="CompleteConfigNoCertificatePath" />
    </UnitTest>
    <UnitTest name="TestCompleteInitLibraryNoAdmin_LDAPAdminMode_NoAdmin" storage="ldaplibraryunittest\bin\debug\ldaplibraryunittest.dll" id="0164feaa-2136-c0bc-4dfb-fd32bd5bd26a">
      <Execution timeOut="1800000" id="a0283743-d269-44ce-a311-7c42b762ce59" />
      <TestCategory>
        <TestCategoryItem TestCategory="LDAPLibrary Test Init" />
      </TestCategory>
      <TestMethod codeBase="C:/work/LDAP-Library/LDAPLibraryUnitTest/bin/Debug/LDAPLibraryUnitTest.dll" adapterTypeName="Microsoft.VisualStudio.TestTools.TestTypes.Unit.UnitTestAdapter, Microsoft.VisualStudio.QualityTools.Tips.UnitTest.Adapter, Version=12.0.0.0, Culture=neutral, PublicKeyToken=b03f5f7f11d50a3a" className="LDAP_Library_UnitTest.localhost.LocalhostEnvironmentInitTest, LDAPLibraryUnitTest, Version=3.3.5815.26081, Culture=neutral, PublicKeyToken=null" name="TestCompleteInitLibraryNoAdmin_LDAPAdminMode_NoAdmin" />
    </UnitTest>
    <UnitTest name="AnonymousMode" storage="ldaplibraryunittest\bin\debug\ldaplibraryunittest.dll" id="8b2b1fd8-393c-c2fb-4291-6e818e8f2140">
      <Execution timeOut="1800000" id="3cc246f6-5483-418c-9476-cbac3a85bbba" />
      <TestCategory>
        <TestCategoryItem TestCategory="Mode Checker - NoAdmin Mode" />
      </TestCategory>
      <TestMethod codeBase="C:/work/LDAP-Library/LDAPLibraryUnitTest/bin/Debug/LDAPLibraryUnitTest.dll" adapterTypeName="Microsoft.VisualStudio.TestTools.TestTypes.Unit.UnitTestAdapter, Microsoft.VisualStudio.QualityTools.Tips.UnitTest.Adapter, Version=12.0.0.0, Culture=neutral, PublicKeyToken=b03f5f7f11d50a3a" className="LDAP_Library_UnitTest.LdapModeCheckerUnitTests, LDAPLibraryUnitTest, Version=3.3.5815.26081, Culture=neutral, PublicKeyToken=null" name="AnonymousMode" />
    </UnitTest>
    <UnitTest name="ParametersNullAndEmpty" storage="ldaplibraryunittest\bin\debug\ldaplibraryunittest.dll" id="bfa5a1fa-f09d-1ee5-640b-341ffce74d9a">
      <Execution timeOut="1800000" id="0ed229fe-2608-4847-a5c5-56d47bebac33" />
      <TestCategory>
        <TestCategoryItem TestCategory="Parameter Checker" />
      </TestCategory>
      <TestMethod codeBase="C:/work/LDAP-Library/LDAPLibraryUnitTest/bin/Debug/LDAPLibraryUnitTest.dll" adapterTypeName="Microsoft.VisualStudio.TestTools.TestTypes.Unit.UnitTestAdapter, Microsoft.VisualStudio.QualityTools.Tips.UnitTest.Adapter, Version=12.0.0.0, Culture=neutral, PublicKeyToken=b03f5f7f11d50a3a" className="LDAP_Library_UnitTest.ParameterCheckerUnitTests, LDAPLibraryUnitTest, Version=3.3.5815.26081, Culture=neutral, PublicKeyToken=null" name="ParametersNullAndEmpty" />
    </UnitTest>
    <UnitTest name="LdapDeleteUserError" storage="ldaplibraryunittest\bin\debug\ldaplibraryunittest.dll" id="ecdab825-f7b7-30bf-a570-6d3ebee4b0c0">
      <Execution timeOut="1800000" id="ba0dc453-165b-4d37-b8be-d457a3d27b79" />
      <TestCategory>
        <TestCategoryItem TestCategory="FileLogger" />
      </TestCategory>
      <TestMethod codeBase="C:/work/LDAP-Library/LDAPLibraryUnitTest/bin/Debug/LDAPLibraryUnitTest.dll" adapterTypeName="Microsoft.VisualStudio.TestTools.TestTypes.Unit.UnitTestAdapter, Microsoft.VisualStudio.QualityTools.Tips.UnitTest.Adapter, Version=12.0.0.0, Culture=neutral, PublicKeyToken=b03f5f7f11d50a3a" className="LDAP_Library_UnitTest.LoggerUnitTests.FileLoggerAndALoggerUnitTests, LDAPLibraryUnitTest, Version=3.3.5815.26081, Culture=neutral, PublicKeyToken=null" name="LdapDeleteUserError" />
    </UnitTest>
    <UnitTest name="OverwriteUserAttributeListNotExist" storage="ldaplibraryunittest\bin\debug\ldaplibraryunittest.dll" id="9ef28f70-8801-d229-6aac-d2b370bf197f">
      <Execution timeOut="1800000" id="3c17206f-5983-4f79-9aa6-9a201c7bc5eb" />
      <TestCategory>
        <TestCategoryItem TestCategory="LDAPUser Operations" />
      </TestCategory>
      <TestMethod codeBase="C:/work/LDAP-Library/LDAPLibraryUnitTest/bin/Debug/LDAPLibraryUnitTest.dll" adapterTypeName="Microsoft.VisualStudio.TestTools.TestTypes.Unit.UnitTestAdapter, Microsoft.VisualStudio.QualityTools.Tips.UnitTest.Adapter, Version=12.0.0.0, Culture=neutral, PublicKeyToken=b03f5f7f11d50a3a" className="LDAP_Library_UnitTest.LdapUserUnitTests, LDAPLibraryUnitTest, Version=3.3.5815.26081, Culture=neutral, PublicKeyToken=null" name="OverwriteUserAttributeListNotExist" />
    </UnitTest>
    <UnitTest name="ParametersNotNull" storage="ldaplibraryunittest\bin\debug\ldaplibraryunittest.dll" id="61397a79-642e-1955-728b-93cfa6ad46b6">
      <Execution timeOut="1800000" id="cae7200c-2142-497c-b965-c15d383b4f72" />
      <TestCategory>
        <TestCategoryItem TestCategory="Parameter Checker" />
      </TestCategory>
      <TestMethod codeBase="C:/work/LDAP-Library/LDAPLibraryUnitTest/bin/Debug/LDAPLibraryUnitTest.dll" adapterTypeName="Microsoft.VisualStudio.TestTools.TestTypes.Unit.UnitTestAdapter, Microsoft.VisualStudio.QualityTools.Tips.UnitTest.Adapter, Version=12.0.0.0, Culture=neutral, PublicKeyToken=b03f5f7f11d50a3a" className="LDAP_Library_UnitTest.ParameterCheckerUnitTests, LDAPLibraryUnitTest, Version=3.3.5815.26081, Culture=neutral, PublicKeyToken=null" name="ParametersNotNull" />
    </UnitTest>
    <UnitTest name="TestCompleteInitLibraryNoAdmin_LDAPAdminMode_Anonymous" storage="ldaplibraryunittest\bin\debug\ldaplibraryunittest.dll" id="f891fa4c-e55f-63e8-4bf6-45bff8929be7">
      <Execution timeOut="1800000" id="eeac06ca-034f-45a2-84a8-edbb70077ca6" />
      <TestCategory>
        <TestCategoryItem TestCategory="LDAPLibrary Test Init" />
      </TestCategory>
      <TestMethod codeBase="C:/work/LDAP-Library/LDAPLibraryUnitTest/bin/Debug/LDAPLibraryUnitTest.dll" adapterTypeName="Microsoft.VisualStudio.TestTools.TestTypes.Unit.UnitTestAdapter, Microsoft.VisualStudio.QualityTools.Tips.UnitTest.Adapter, Version=12.0.0.0, Culture=neutral, PublicKeyToken=b03f5f7f11d50a3a" className="LDAP_Library_UnitTest.localhost.LocalhostEnvironmentInitTest, LDAPLibraryUnitTest, Version=3.3.5815.26081, Culture=neutral, PublicKeyToken=null" name="TestCompleteInitLibraryNoAdmin_LDAPAdminMode_Anonymous" />
    </UnitTest>
    <UnitTest name="GetUserAttributeNoKey" storage="ldaplibraryunittest\bin\debug\ldaplibraryunittest.dll" id="2dfa9738-1dee-ff01-2277-e272b1a1ed9a">
      <Execution timeOut="1800000" id="97ab7f02-b055-4035-b703-c05d750e4aed" />
      <TestCategory>
        <TestCategoryItem TestCategory="LDAPUser Getter" />
      </TestCategory>
      <TestMethod codeBase="C:/work/LDAP-Library/LDAPLibraryUnitTest/bin/Debug/LDAPLibraryUnitTest.dll" adapterTypeName="Microsoft.VisualStudio.TestTools.TestTypes.Unit.UnitTestAdapter, Microsoft.VisualStudio.QualityTools.Tips.UnitTest.Adapter, Version=12.0.0.0, Culture=neutral, PublicKeyToken=b03f5f7f11d50a3a" className="LDAP_Library_UnitTest.LdapUserUnitTests, LDAPLibraryUnitTest, Version=3.3.5815.26081, Culture=neutral, PublicKeyToken=null" name="GetUserAttributeNoKey" />
    </UnitTest>
    <UnitTest name="BasicConfig" storage="ldaplibraryunittest\bin\debug\ldaplibraryunittest.dll" id="2527c58c-fed7-aed3-bd2a-a2c409c26edb">
      <Execution timeOut="1800000" id="1bc310f5-e718-4ab2-bcb7-aa9511adba0b" />
      <TestCategory>
        <TestCategoryItem TestCategory="configRepository no Exception" />
      </TestCategory>
      <TestMethod codeBase="C:/work/LDAP-Library/LDAPLibraryUnitTest/bin/Debug/LDAPLibraryUnitTest.dll" adapterTypeName="Microsoft.VisualStudio.TestTools.TestTypes.Unit.UnitTestAdapter, Microsoft.VisualStudio.QualityTools.Tips.UnitTest.Adapter, Version=12.0.0.0, Culture=neutral, PublicKeyToken=b03f5f7f11d50a3a" className="LDAP_Library_UnitTest.LdapConfigRepositoryUnitTests, LDAPLibraryUnitTest, Version=3.3.5815.26081, Culture=neutral, PublicKeyToken=null" name="BasicConfig" />
    </UnitTest>
    <UnitTest name="GetLdapConnector" storage="ldaplibraryunittest\bin\debug\ldaplibraryunittest.dll" id="c60bb484-7c6f-b1be-c5b2-cca4141ec0b8">
      <Execution timeOut="1800000" id="c32ac78a-e7e8-4eb8-a60b-0d8af50181e9" />
      <TestCategory>
        <TestCategoryItem TestCategory="LdapConnectionFactory" />
      </TestCategory>
      <TestMethod codeBase="C:/work/LDAP-Library/LDAPLibraryUnitTest/bin/Debug/LDAPLibraryUnitTest.dll" adapterTypeName="Microsoft.VisualStudio.TestTools.TestTypes.Unit.UnitTestAdapter, Microsoft.VisualStudio.QualityTools.Tips.UnitTest.Adapter, Version=12.0.0.0, Culture=neutral, PublicKeyToken=b03f5f7f11d50a3a" className="LDAP_Library_UnitTest.LdapConnectionFactoryUnitTests, LDAPLibraryUnitTest, Version=3.3.5815.26081, Culture=neutral, PublicKeyToken=null" name="GetLdapConnector" />
    </UnitTest>
    <UnitTest name="GetUserAttributes" storage="ldaplibraryunittest\bin\debug\ldaplibraryunittest.dll" id="99d6a5bd-91e6-2bcb-2696-0aad0377ec88">
      <Execution timeOut="1800000" id="71d1a7a3-d398-4da9-b109-e8b3e9ce2a28" />
      <TestCategory>
        <TestCategoryItem TestCategory="LDAPUser Getter" />
      </TestCategory>
      <TestMethod codeBase="C:/work/LDAP-Library/LDAPLibraryUnitTest/bin/Debug/LDAPLibraryUnitTest.dll" adapterTypeName="Microsoft.VisualStudio.TestTools.TestTypes.Unit.UnitTestAdapter, Microsoft.VisualStudio.QualityTools.Tips.UnitTest.Adapter, Version=12.0.0.0, Culture=neutral, PublicKeyToken=b03f5f7f11d50a3a" className="LDAP_Library_UnitTest.LdapUserUnitTests, LDAPLibraryUnitTest, Version=3.3.5815.26081, Culture=neutral, PublicKeyToken=null" name="GetUserAttributes" />
    </UnitTest>
    <UnitTest name="DeleteRequest" storage="ldaplibraryunittest\bin\debug\ldaplibraryunittest.dll" id="df71ec80-819a-4611-0756-8e7b0150cd5b">
      <Execution timeOut="1800000" id="7adad18b-51d7-46ec-9123-5458825e9efb" />
      <TestCategory>
        <TestCategoryItem TestCategory="RequestBuilder" />
      </TestCategory>
      <TestMethod codeBase="C:/work/LDAP-Library/LDAPLibraryUnitTest/bin/Debug/LDAPLibraryUnitTest.dll" adapterTypeName="Microsoft.VisualStudio.TestTools.TestTypes.Unit.UnitTestAdapter, Microsoft.VisualStudio.QualityTools.Tips.UnitTest.Adapter, Version=12.0.0.0, Culture=neutral, PublicKeyToken=b03f5f7f11d50a3a" className="LDAP_Library_UnitTest.RequestBuinderUnitTests, LDAPLibraryUnitTest, Version=3.3.5815.26081, Culture=neutral, PublicKeyToken=null" name="DeleteRequest" />
    </UnitTest>
    <UnitTest name="TestEventViewerLoggerWrite" storage="ldaplibraryunittest\bin\debug\ldaplibraryunittest.dll" id="b3efe520-84b4-060c-462a-036466533e69">
      <Execution timeOut="1800000" id="04179067-4601-4ad2-9885-a4ba4685018f" />
      <TestCategory>
        <TestCategoryItem TestCategory="EventViewerLogger" />
      </TestCategory>
      <TestMethod codeBase="C:/work/LDAP-Library/LDAPLibraryUnitTest/bin/Debug/LDAPLibraryUnitTest.dll" adapterTypeName="Microsoft.VisualStudio.TestTools.TestTypes.Unit.UnitTestAdapter, Microsoft.VisualStudio.QualityTools.Tips.UnitTest.Adapter, Version=12.0.0.0, Culture=neutral, PublicKeyToken=b03f5f7f11d50a3a" className="LDAP_Library_UnitTest.LoggerUnitTests.EventViewerLoggerUnitTests, LDAPLibraryUnitTest, Version=3.3.5815.26081, Culture=neutral, PublicKeyToken=null" name="TestEventViewerLoggerWrite" />
    </UnitTest>
    <UnitTest name="CompleteConfigNoAdmin_LDAPAdminMode_Anonymous" storage="ldaplibraryunittest\bin\debug\ldaplibraryunittest.dll" id="3eb50d57-e719-4e4f-b073-4d5ce95be711">
      <Execution timeOut="1800000" id="6bfef69a-98ab-4017-9b8f-e874a457cf44" />
      <TestCategory>
        <TestCategoryItem TestCategory="configRepository Exceptions" />
      </TestCategory>
      <TestMethod codeBase="C:/work/LDAP-Library/LDAPLibraryUnitTest/bin/Debug/LDAPLibraryUnitTest.dll" adapterTypeName="Microsoft.VisualStudio.TestTools.TestTypes.Unit.UnitTestAdapter, Microsoft.VisualStudio.QualityTools.Tips.UnitTest.Adapter, Version=12.0.0.0, Culture=neutral, PublicKeyToken=b03f5f7f11d50a3a" className="LDAP_Library_UnitTest.LdapConfigRepositoryUnitTests, LDAPLibraryUnitTest, Version=3.3.5815.26081, Culture=neutral, PublicKeyToken=null" name="CompleteConfigNoAdmin_LDAPAdminMode_Anonymous" />
    </UnitTest>
    <UnitTest name="NoAdminMode" storage="ldaplibraryunittest\bin\debug\ldaplibraryunittest.dll" id="a2ed77ed-f791-1fa6-3141-ca6b06c27ab3">
      <Execution timeOut="1800000" id="f3ce7f38-7299-483a-8927-479d8d86493c" />
      <TestCategory>
        <TestCategoryItem TestCategory="Mode Checker - NoAdmin Mode" />
      </TestCategory>
      <TestMethod codeBase="C:/work/LDAP-Library/LDAPLibraryUnitTest/bin/Debug/LDAPLibraryUnitTest.dll" adapterTypeName="Microsoft.VisualStudio.TestTools.TestTypes.Unit.UnitTestAdapter, Microsoft.VisualStudio.QualityTools.Tips.UnitTest.Adapter, Version=12.0.0.0, Culture=neutral, PublicKeyToken=b03f5f7f11d50a3a" className="LDAP_Library_UnitTest.LdapModeCheckerUnitTests, LDAPLibraryUnitTest, Version=3.3.5815.26081, Culture=neutral, PublicKeyToken=null" name="NoAdminMode" />
    </UnitTest>
    <UnitTest name="TestCompleteInitLibraryNoAdmin_SearchBaseDN_Null" storage="ldaplibraryunittest\bin\debug\ldaplibraryunittest.dll" id="6a1b9b7c-0729-488c-92b5-4bf96af3ca21">
      <Execution timeOut="1800000" id="3a85e114-131f-4e5e-afb5-7dfc5634f1ce" />
      <TestCategory>
        <TestCategoryItem TestCategory="LDAPLibrary Test Init" />
      </TestCategory>
      <TestMethod codeBase="C:/work/LDAP-Library/LDAPLibraryUnitTest/bin/Debug/LDAPLibraryUnitTest.dll" adapterTypeName="Microsoft.VisualStudio.TestTools.TestTypes.Unit.UnitTestAdapter, Microsoft.VisualStudio.QualityTools.Tips.UnitTest.Adapter, Version=12.0.0.0, Culture=neutral, PublicKeyToken=b03f5f7f11d50a3a" className="LDAP_Library_UnitTest.localhost.LocalhostEnvironmentInitTest, LDAPLibraryUnitTest, Version=3.3.5815.26081, Culture=neutral, PublicKeyToken=null" name="TestCompleteInitLibraryNoAdmin_SearchBaseDN_Null" />
    </UnitTest>
    <UnitTest name="TestCompleteInitLibrary" storage="ldaplibraryunittest\bin\debug\ldaplibraryunittest.dll" id="fac2453c-1cf8-8133-40e3-568085b50276">
      <Execution timeOut="1800000" id="29f3cc19-b13b-47a4-9698-5e7c93107995" />
      <TestCategory>
        <TestCategoryItem TestCategory="LDAPLibrary Test Init" />
      </TestCategory>
      <TestMethod codeBase="C:/work/LDAP-Library/LDAPLibraryUnitTest/bin/Debug/LDAPLibraryUnitTest.dll" adapterTypeName="Microsoft.VisualStudio.TestTools.TestTypes.Unit.UnitTestAdapter, Microsoft.VisualStudio.QualityTools.Tips.UnitTest.Adapter, Version=12.0.0.0, Culture=neutral, PublicKeyToken=b03f5f7f11d50a3a" className="LDAP_Library_UnitTest.localhost.LocalhostEnvironmentAnonymous, LDAPLibraryUnitTest, Version=3.3.5815.26081, Culture=neutral, PublicKeyToken=null" name="TestCompleteInitLibrary" />
    </UnitTest>
  </TestDefinitions>
  <TestLists>
    <TestList name="Results Not in a List" id="8c84fa94-04c1-424b-9868-57a2d4851a1d" />
    <TestList name="All Loaded Results" id="19431567-8539-422a-85d7-44ee4e166bda" />
  </TestLists>
  <TestEntries>
    <TestEntry testId="5379aed9-67aa-b2bd-2e4a-b19032f074f7" executionId="15dc1445-06f5-4832-8bed-1ff80339c8a2" testListId="8c84fa94-04c1-424b-9868-57a2d4851a1d" />
    <TestEntry testId="fffcf24d-7263-95f5-80aa-9b90012fbb60" executionId="00a6192b-c330-43a2-a42b-97f9c176ee67" testListId="8c84fa94-04c1-424b-9868-57a2d4851a1d" />
    <TestEntry testId="2527c58c-fed7-aed3-bd2a-a2c409c26edb" executionId="1bc310f5-e718-4ab2-bcb7-aa9511adba0b" testListId="8c84fa94-04c1-424b-9868-57a2d4851a1d" />
    <TestEntry testId="ea723766-03bb-bbab-f5c5-f07e4c8666c7" executionId="fafb50d9-330f-487c-b78d-e7422489bea9" testListId="8c84fa94-04c1-424b-9868-57a2d4851a1d" />
    <TestEntry testId="8dce3c9a-dab8-8ae7-5ed5-65d976e86317" executionId="38a3b3a2-c549-493e-a508-9c360cb42abc" testListId="8c84fa94-04c1-424b-9868-57a2d4851a1d" />
    <TestEntry testId="2570af5a-a0e3-5e00-0b9d-5dc2f082dd1f" executionId="5a070679-2f9d-4974-b3af-f8f43ff98d67" testListId="8c84fa94-04c1-424b-9868-57a2d4851a1d" />
    <TestEntry testId="a5aa2592-d68c-d68c-5351-f0bd02a8f363" executionId="6b0bfec3-9f05-405b-8efc-cf96a4801c22" testListId="8c84fa94-04c1-424b-9868-57a2d4851a1d" />
    <TestEntry testId="ac2cd6c6-720a-9db8-0a4a-08bdff2a567a" executionId="dfc97cea-30d5-4a6b-bdd2-b942c4205674" testListId="8c84fa94-04c1-424b-9868-57a2d4851a1d" />
    <TestEntry testId="f57362cf-9dff-7248-18e5-fdaedc334fb5" executionId="d28a4916-86b4-4bfc-93ae-39348302be6e" testListId="8c84fa94-04c1-424b-9868-57a2d4851a1d" />
    <TestEntry testId="37863920-74b7-a35c-3209-0627039e5297" executionId="1250b9f2-5e83-4fab-b978-b3e8e538ad76" testListId="8c84fa94-04c1-424b-9868-57a2d4851a1d" />
    <TestEntry testId="3eb50d57-e719-4e4f-b073-4d5ce95be711" executionId="6bfef69a-98ab-4017-9b8f-e874a457cf44" testListId="8c84fa94-04c1-424b-9868-57a2d4851a1d" />
    <TestEntry testId="e154ebe1-cf18-8c34-0964-52325c84d13c" executionId="318bde47-4d91-4fe0-aa87-fe1c1d2b0165" testListId="8c84fa94-04c1-424b-9868-57a2d4851a1d" />
    <TestEntry testId="e7fba96a-4ea3-37e1-b1e1-e8dfa3d0c3a0" executionId="ca8326b1-fb67-43b7-a1ac-ac23066434ed" testListId="8c84fa94-04c1-424b-9868-57a2d4851a1d" />
    <TestEntry testId="e24a8f9b-3271-c941-8de9-c4c2ffca0a9d" executionId="bc1ad262-0b5a-4edd-a14f-76a44f4e2dc0" testListId="8c84fa94-04c1-424b-9868-57a2d4851a1d" />
    <TestEntry testId="768cf606-aee7-9ad1-e8e7-b6aae6cec5ac" executionId="59da15d3-4396-47ab-b3cf-20a2ee97fced" testListId="8c84fa94-04c1-424b-9868-57a2d4851a1d" />
    <TestEntry testId="82ecccb3-61dd-ad38-3e6f-ea5a30ddd1e8" executionId="f78352d1-4ef0-45e0-b7ce-45d6a97de1cc" testListId="8c84fa94-04c1-424b-9868-57a2d4851a1d" />
    <TestEntry testId="73626d27-e693-339e-996b-9da4510b14c6" executionId="1276557f-96cc-4508-9b4e-56b79a4b9e0e" testListId="8c84fa94-04c1-424b-9868-57a2d4851a1d" />
    <TestEntry testId="e0c6b7e4-2eeb-96ba-6c73-e9ebae6103f1" executionId="233dcc28-2e04-41e6-b023-c2292a488807" testListId="8c84fa94-04c1-424b-9868-57a2d4851a1d" />
    <TestEntry testId="c60bb484-7c6f-b1be-c5b2-cca4141ec0b8" executionId="c32ac78a-e7e8-4eb8-a60b-0d8af50181e9" testListId="8c84fa94-04c1-424b-9868-57a2d4851a1d" />
    <TestEntry testId="b3438051-db78-9e62-a125-69d5547ca473" executionId="ba0f7529-202d-405d-a3bc-189ba9bd492f" testListId="8c84fa94-04c1-424b-9868-57a2d4851a1d" />
    <TestEntry testId="8b2b1fd8-393c-c2fb-4291-6e818e8f2140" executionId="3cc246f6-5483-418c-9476-cbac3a85bbba" testListId="8c84fa94-04c1-424b-9868-57a2d4851a1d" />
    <TestEntry testId="a2ed77ed-f791-1fa6-3141-ca6b06c27ab3" executionId="f3ce7f38-7299-483a-8927-479d8d86493c" testListId="8c84fa94-04c1-424b-9868-57a2d4851a1d" />
    <TestEntry testId="02570779-9f75-a057-f9fe-248816cc1958" executionId="444ab3d8-be27-468f-8852-e2c42d6f97b9" testListId="8c84fa94-04c1-424b-9868-57a2d4851a1d" />
    <TestEntry testId="e7a2d511-5b80-518e-02fa-7a98868396d9" executionId="050b4069-7e72-43df-bb66-c12b1dec33e6" testListId="8c84fa94-04c1-424b-9868-57a2d4851a1d" />
    <TestEntry testId="a294d636-f843-1649-3c33-12db53b4d0b9" executionId="0495c4db-9a8c-4062-927d-c2f72fd492e0" testListId="8c84fa94-04c1-424b-9868-57a2d4851a1d" />
    <TestEntry testId="5030266c-9b85-a32a-f12c-617dffe6cfa2" executionId="c6f8e898-c0bd-4322-9b1d-13bec94d58d3" testListId="8c84fa94-04c1-424b-9868-57a2d4851a1d" />
    <TestEntry testId="b11544ec-16f6-a54d-4ac0-84d410728030" executionId="d391ae00-e712-4351-ad5c-0a8fb961fb75" testListId="8c84fa94-04c1-424b-9868-57a2d4851a1d" />
    <TestEntry testId="0a827672-fcc5-5a61-6421-a808dec41250" executionId="fb0f5b2c-89c0-4487-b212-2ef424060994" testListId="8c84fa94-04c1-424b-9868-57a2d4851a1d" />
    <TestEntry testId="c4d18457-c91f-0b61-bb5e-23385832e8f4" executionId="161bfbe9-d370-4667-9b43-63b821d3ed8a" testListId="8c84fa94-04c1-424b-9868-57a2d4851a1d" />
    <TestEntry testId="dfda7d85-6a76-96a0-fe43-cd534752a6a0" executionId="57b17949-e2af-4a47-8545-df808ad81e66" testListId="8c84fa94-04c1-424b-9868-57a2d4851a1d" />
    <TestEntry testId="d2f06f45-3ed1-f57e-ef62-cf22fd6ac98c" executionId="c6a2dfcf-c48a-4ae3-bcb6-4b5bee8cb5d2" testListId="8c84fa94-04c1-424b-9868-57a2d4851a1d" />
    <TestEntry testId="0a7b7012-26cc-fd82-ff76-a1b3233cb226" executionId="f81a1af2-f068-4136-a930-e3d56ca76268" testListId="8c84fa94-04c1-424b-9868-57a2d4851a1d" />
    <TestEntry testId="2dfa9738-1dee-ff01-2277-e272b1a1ed9a" executionId="97ab7f02-b055-4035-b703-c05d750e4aed" testListId="8c84fa94-04c1-424b-9868-57a2d4851a1d" />
    <TestEntry testId="99d6a5bd-91e6-2bcb-2696-0aad0377ec88" executionId="71d1a7a3-d398-4da9-b109-e8b3e9ce2a28" testListId="8c84fa94-04c1-424b-9868-57a2d4851a1d" />
    <TestEntry testId="bf83c071-36e4-697e-e978-6e0216654ba7" executionId="b3a11128-eb16-487c-b92d-5c72413f61d0" testListId="8c84fa94-04c1-424b-9868-57a2d4851a1d" />
    <TestEntry testId="48f1559d-910d-0ef6-d052-c71c6dba4546" executionId="6b66d1cf-626a-46cf-aaf9-b2dcde128b29" testListId="8c84fa94-04c1-424b-9868-57a2d4851a1d" />
    <TestEntry testId="9c1aebdc-76c8-7841-6aa8-08758f74fc9d" executionId="1ec38f10-f6e5-42e6-9b5a-663c5b895e45" testListId="8c84fa94-04c1-424b-9868-57a2d4851a1d" />
    <TestEntry testId="67aa67a1-b2ee-8598-3ce7-f549329dc0c8" executionId="9c7ba07e-205c-407f-83e9-8a158f432917" testListId="8c84fa94-04c1-424b-9868-57a2d4851a1d" />
    <TestEntry testId="9e0a04ee-da6f-7eec-ff14-c36ca71a4c51" executionId="aad9a0fd-9bc1-400b-a8ae-0af15bc696e6" testListId="8c84fa94-04c1-424b-9868-57a2d4851a1d" />
    <TestEntry testId="ba75a37f-52c1-6b58-7e85-aab91665f7b6" executionId="bb3edb1b-448a-41d7-9aac-97d432150c48" testListId="8c84fa94-04c1-424b-9868-57a2d4851a1d" />
    <TestEntry testId="52edda30-356e-6753-eceb-95ce504dcc73" executionId="a3aa3ce8-a818-4825-8410-c3577a20e268" testListId="8c84fa94-04c1-424b-9868-57a2d4851a1d" />
    <TestEntry testId="1847b369-3506-146e-c52d-74b6b94d486c" executionId="c56256b8-aedf-4ba5-a03e-f3cb37714ad7" testListId="8c84fa94-04c1-424b-9868-57a2d4851a1d" />
    <TestEntry testId="c662de10-bbf6-3d3d-97a5-152f2fb874c8" executionId="fe64d897-fc1d-4eb5-9017-f8a198fba39d" testListId="8c84fa94-04c1-424b-9868-57a2d4851a1d" />
    <TestEntry testId="ae3b599a-0f31-89ea-5760-a59889a0650c" executionId="07cf088c-575a-4164-9deb-a2f0bdf5df05" testListId="8c84fa94-04c1-424b-9868-57a2d4851a1d" />
    <TestEntry testId="cf2aeec4-4c32-ec26-95ea-ed3f79ced054" executionId="ad00987a-ad1c-4bb0-b50a-fe7fd00e2a38" testListId="8c84fa94-04c1-424b-9868-57a2d4851a1d" />
    <TestEntry testId="96a8bd2b-c1ff-780f-24e4-1c411f8f3a28" executionId="1e0375cb-a0fc-48a0-9ac0-9fae5c63cb9f" testListId="8c84fa94-04c1-424b-9868-57a2d4851a1d" />
    <TestEntry testId="9204c852-3508-6812-e510-396a6d0d9825" executionId="45a67eab-3a0d-4834-9118-8a056272ebcc" testListId="8c84fa94-04c1-424b-9868-57a2d4851a1d" />
    <TestEntry testId="56266320-ecc7-ec0a-67a6-1f2d85310eca" executionId="464ecf24-aeee-415b-8f5a-d352fc6281aa" testListId="8c84fa94-04c1-424b-9868-57a2d4851a1d" />
    <TestEntry testId="dec60592-7401-28e3-6792-0740416006f6" executionId="3a105783-8ec4-4a13-adc4-d430534a339e" testListId="8c84fa94-04c1-424b-9868-57a2d4851a1d" />
    <TestEntry testId="9ef28f70-8801-d229-6aac-d2b370bf197f" executionId="3c17206f-5983-4f79-9aa6-9a201c7bc5eb" testListId="8c84fa94-04c1-424b-9868-57a2d4851a1d" />
    <TestEntry testId="6ea79408-e91e-fc4a-068c-0a9e1ee260d9" executionId="57856d0e-d091-44d8-9fd1-42a1085de15d" testListId="8c84fa94-04c1-424b-9868-57a2d4851a1d" />
    <TestEntry testId="0faa3b7f-1393-09ee-f916-73f93f0225e1" executionId="d7fe7065-47ca-4061-9a0c-018c8026445b" testListId="8c84fa94-04c1-424b-9868-57a2d4851a1d" />
    <TestEntry testId="98c5eb74-09d6-a967-dd30-cd752ab93d4a" executionId="4376da35-bd8d-4e4a-9b74-4520bfd24489" testListId="8c84fa94-04c1-424b-9868-57a2d4851a1d" />
    <TestEntry testId="71dd5099-dd4c-d797-642a-cc10553e592a" executionId="cd7b2330-f9d3-4d33-97a2-d84cbeef7196" testListId="8c84fa94-04c1-424b-9868-57a2d4851a1d" />
    <TestEntry testId="53b55fa9-4f60-2366-bc54-8deaa69e9fc7" executionId="f2f8e81f-8471-4dc6-8b11-d253b2536a76" testListId="8c84fa94-04c1-424b-9868-57a2d4851a1d" />
    <TestEntry testId="a547eeac-07cb-5fa1-84ca-a54391e83e55" executionId="4c998876-d090-48de-b979-b077e3be0ddb" testListId="8c84fa94-04c1-424b-9868-57a2d4851a1d" />
    <TestEntry testId="55c8b2af-57af-84e9-fd7c-bbadc1997b82" executionId="35d668b2-2e71-4c2b-a72d-a5e22555b989" testListId="8c84fa94-04c1-424b-9868-57a2d4851a1d" />
    <TestEntry testId="f4cd112b-1be8-023a-2258-6f3159a4c6a6" executionId="8db5e884-6904-44b4-b4d0-b23b40fa8dcf" testListId="8c84fa94-04c1-424b-9868-57a2d4851a1d" />
    <TestEntry testId="36f7e929-32ac-5326-68fe-93bf486dc2ba" executionId="589ec55d-2c45-4995-bca8-8cd8550467f3" testListId="8c84fa94-04c1-424b-9868-57a2d4851a1d" />
    <TestEntry testId="f255adad-1fa8-ac66-1d27-475f3676f192" executionId="60290600-336b-461f-b42a-c0ddfac26044" testListId="8c84fa94-04c1-424b-9868-57a2d4851a1d" />
    <TestEntry testId="225a00ef-cc8c-b5a1-85de-70cc0d3996fb" executionId="aae31f9e-0a5a-4428-a4ac-da5b3529db00" testListId="8c84fa94-04c1-424b-9868-57a2d4851a1d" />
    <TestEntry testId="650d442c-4d98-870c-67c5-76945ed4df1c" executionId="dc154ad7-ca07-4ad0-9ab7-fc33543840de" testListId="8c84fa94-04c1-424b-9868-57a2d4851a1d" />
    <TestEntry testId="8ee2fbdc-3601-c19f-2611-4ad0b59baf39" executionId="f5f621ee-ad28-464c-9707-1bbfd762170d" testListId="8c84fa94-04c1-424b-9868-57a2d4851a1d" />
    <TestEntry testId="5629e372-fc9e-e979-85ca-c14e26697764" executionId="02a54990-19a0-46d1-9fd7-85797674450f" testListId="8c84fa94-04c1-424b-9868-57a2d4851a1d" />
    <TestEntry testId="fac2453c-1cf8-8133-40e3-568085b50276" executionId="29f3cc19-b13b-47a4-9698-5e7c93107995" testListId="8c84fa94-04c1-424b-9868-57a2d4851a1d" />
    <TestEntry testId="5e7eb3b0-5040-cbb2-a649-8354c84ef620" executionId="795c50ca-e18d-4423-b245-1aa9238f2097" testListId="8c84fa94-04c1-424b-9868-57a2d4851a1d" />
    <TestEntry testId="9422446c-f975-6424-e8f5-6776264a85d9" executionId="0e9eaf4b-90ae-4725-906d-895984a5d922" testListId="8c84fa94-04c1-424b-9868-57a2d4851a1d" />
    <TestEntry testId="e0dcbe98-4968-5bf7-ec38-c92b949f6ea3" executionId="7cc3a263-6f47-4e29-9263-98b408f80bdf" testListId="8c84fa94-04c1-424b-9868-57a2d4851a1d" />
    <TestEntry testId="2a6926a6-6450-6c78-3d1c-70bcfbe98243" executionId="8d4cb67e-0373-4604-9d70-c9cf17870059" testListId="8c84fa94-04c1-424b-9868-57a2d4851a1d" />
    <TestEntry testId="af07bccc-f21c-a037-eb41-4fa52ca145df" executionId="3baff87f-ff4a-456e-a086-c369ad7dd799" testListId="8c84fa94-04c1-424b-9868-57a2d4851a1d" />
    <TestEntry testId="261b5a9f-f85f-8e33-d273-d90304eb687c" executionId="c26d1129-3c97-46cf-a0fb-ffca6d3661e7" testListId="8c84fa94-04c1-424b-9868-57a2d4851a1d" />
    <TestEntry testId="f891fa4c-e55f-63e8-4bf6-45bff8929be7" executionId="eeac06ca-034f-45a2-84a8-edbb70077ca6" testListId="8c84fa94-04c1-424b-9868-57a2d4851a1d" />
    <TestEntry testId="0164feaa-2136-c0bc-4dfb-fd32bd5bd26a" executionId="a0283743-d269-44ce-a311-7c42b762ce59" testListId="8c84fa94-04c1-424b-9868-57a2d4851a1d" />
    <TestEntry testId="6a1b9b7c-0729-488c-92b5-4bf96af3ca21" executionId="3a85e114-131f-4e5e-afb5-7dfc5634f1ce" testListId="8c84fa94-04c1-424b-9868-57a2d4851a1d" />
    <TestEntry testId="ebf06fa7-3763-5c81-a801-d465770a6bb7" executionId="80db8e98-f9ff-4c24-b5ff-0aca5c51329a" testListId="8c84fa94-04c1-424b-9868-57a2d4851a1d" />
    <TestEntry testId="2893fbb5-6a1b-3f33-0d9a-ea746d313360" executionId="3a092ac5-689f-4fd3-a700-fa8c9285321c" testListId="8c84fa94-04c1-424b-9868-57a2d4851a1d" />
    <TestEntry testId="f2f1b0be-8f71-7cf4-9080-b1637b230650" executionId="5e98896c-e11a-4499-8c0d-8258a1dcc3a0" testListId="8c84fa94-04c1-424b-9868-57a2d4851a1d" />
    <TestEntry testId="6fdcad35-f3a2-a3af-8f7b-5ae4f8b893d5" executionId="5c2e1f98-db25-41a4-9eb9-52c81bdc7b5c" testListId="8c84fa94-04c1-424b-9868-57a2d4851a1d" />
    <TestEntry testId="e689c156-1c7e-4b31-8a6c-6372765d86ea" executionId="f8dbafb1-39a5-446b-9f08-2a197e4e2683" testListId="8c84fa94-04c1-424b-9868-57a2d4851a1d" />
    <TestEntry testId="75f4d301-a227-3ded-892b-432ffbff7e55" executionId="4593ec14-0248-46cc-90a9-3c233be3063b" testListId="8c84fa94-04c1-424b-9868-57a2d4851a1d" />
    <TestEntry testId="1ba02c6a-26f9-3fa4-06c9-22e6382668c2" executionId="858ebc84-a6e3-4959-a51a-536cff02b074" testListId="8c84fa94-04c1-424b-9868-57a2d4851a1d" />
    <TestEntry testId="6fd90505-dc98-38dc-0267-8d0bf210f9ec" executionId="aab72b2e-d1b1-4261-b760-3dc81f3610a6" testListId="8c84fa94-04c1-424b-9868-57a2d4851a1d" />
    <TestEntry testId="c8095f13-d68d-7d07-d217-58458146033e" executionId="a373fb40-5104-4538-aa67-fa30f4f9ad5a" testListId="8c84fa94-04c1-424b-9868-57a2d4851a1d" />
    <TestEntry testId="ba57aff9-8eb0-acce-9e9d-3e1e6f8023bf" executionId="10d2810c-f8b4-4e18-99e5-1bdb378b2cfc" testListId="8c84fa94-04c1-424b-9868-57a2d4851a1d" />
    <TestEntry testId="e97481b2-704f-359a-7d34-b5e69ff4f541" executionId="4b9513b1-8608-46ab-8590-75f37160f1d3" testListId="8c84fa94-04c1-424b-9868-57a2d4851a1d" />
    <TestEntry testId="a06befcc-3511-4971-3800-30d92f4bc9b6" executionId="7e90b2e1-68f2-4600-8e4c-79726327743a" testListId="8c84fa94-04c1-424b-9868-57a2d4851a1d" />
    <TestEntry testId="ef5d0e32-ac76-ac5f-eb68-929fd7a6d629" executionId="c4b0fb66-50c7-4d37-aa0c-814be75d2665" testListId="8c84fa94-04c1-424b-9868-57a2d4851a1d" />
    <TestEntry testId="bb1a1822-5fba-14f1-2c8a-d65ca3d67d3a" executionId="e16ddfed-672c-4fd4-9519-419f51149045" testListId="8c84fa94-04c1-424b-9868-57a2d4851a1d" />
    <TestEntry testId="21a66855-52c7-57d8-1f64-1862559b63da" executionId="47a33b8e-85b0-4beb-b0f4-cdd4f197dd40" testListId="8c84fa94-04c1-424b-9868-57a2d4851a1d" />
    <TestEntry testId="cd133ce1-bf88-38c0-9a0c-383a98859c37" executionId="4d8cae2f-97e0-44d0-8d9d-07694a1c2e5b" testListId="8c84fa94-04c1-424b-9868-57a2d4851a1d" />
    <TestEntry testId="ffe840c5-2824-0018-0a89-bc332b6a1be0" executionId="31f6d6a8-0624-49f4-9730-ad1612760f69" testListId="8c84fa94-04c1-424b-9868-57a2d4851a1d" />
    <TestEntry testId="a27f6d3c-006f-da88-d3a5-8463f37e280d" executionId="fa660103-cacf-41d3-9dd5-c3aa76bbf596" testListId="8c84fa94-04c1-424b-9868-57a2d4851a1d" />
    <TestEntry testId="13a45dde-0294-ff01-e989-e1e193690124" executionId="0f4cfe9b-0f52-4007-992b-1d911333b214" testListId="8c84fa94-04c1-424b-9868-57a2d4851a1d" />
    <TestEntry testId="2d188a8e-ae67-ec60-271d-d800f6767ff0" executionId="62ff36a5-f381-403a-b550-fb653a5bb8ee" testListId="8c84fa94-04c1-424b-9868-57a2d4851a1d" />
    <TestEntry testId="2c8ab603-b8d5-1f27-b3fc-eae5c82bf23b" executionId="288bc1d1-41e3-45a0-910c-82d91545381b" testListId="8c84fa94-04c1-424b-9868-57a2d4851a1d" />
    <TestEntry testId="b3efe520-84b4-060c-462a-036466533e69" executionId="04179067-4601-4ad2-9885-a4ba4685018f" testListId="8c84fa94-04c1-424b-9868-57a2d4851a1d" />
    <TestEntry testId="e641e732-cb7c-93fc-98e1-bacd8a34ad80" executionId="51d32d4e-861f-46a1-beb2-fe778f24fa66" testListId="8c84fa94-04c1-424b-9868-57a2d4851a1d" />
    <TestEntry testId="e5088ad4-e479-6c28-55fd-98687bd992d3" executionId="53355986-4f40-49e0-92c3-25a2046fcc23" testListId="8c84fa94-04c1-424b-9868-57a2d4851a1d" />
    <TestEntry testId="65f6cbff-c17c-e912-2921-210f83f92953" executionId="4c5f4b4b-7219-4a6f-a2b7-f5640efb6fab" testListId="8c84fa94-04c1-424b-9868-57a2d4851a1d" />
    <TestEntry testId="c6c26ce4-af7a-cf68-a800-9fdc836c8312" executionId="cd5614ba-1396-4e98-95b5-6674e1060f5d" testListId="8c84fa94-04c1-424b-9868-57a2d4851a1d" />
    <TestEntry testId="ad8ee216-de18-cbae-f3fb-ed3fa9a36c8f" executionId="70ada23b-8012-455d-a3f6-e8b9e0d2fe35" testListId="8c84fa94-04c1-424b-9868-57a2d4851a1d" />
    <TestEntry testId="c11db754-043a-fe37-9bff-6bf074e0d1d1" executionId="c3e48f7c-135a-4bd9-9797-0d2595d2f578" testListId="8c84fa94-04c1-424b-9868-57a2d4851a1d" />
    <TestEntry testId="11aed921-bedb-5db6-1530-5e061edc5265" executionId="45afd7e5-45af-4c03-88b5-489c8a9c813d" testListId="8c84fa94-04c1-424b-9868-57a2d4851a1d" />
    <TestEntry testId="2b67c7be-f801-b5ad-7a23-b32ba06c725b" executionId="a8a24a30-4e51-4eff-a875-6559817d66b7" testListId="8c84fa94-04c1-424b-9868-57a2d4851a1d" />
    <TestEntry testId="ecdab825-f7b7-30bf-a570-6d3ebee4b0c0" executionId="ba0dc453-165b-4d37-b8be-d457a3d27b79" testListId="8c84fa94-04c1-424b-9868-57a2d4851a1d" />
    <TestEntry testId="38e731bc-232c-7239-5529-55d229139dfa" executionId="6c57114f-101f-4f00-9168-33f8fc303e20" testListId="8c84fa94-04c1-424b-9868-57a2d4851a1d" />
    <TestEntry testId="96198eef-975a-a3a9-77e5-bccb56113939" executionId="109db0bd-69bd-4cb9-9f6c-fb81bfc4eb3f" testListId="8c84fa94-04c1-424b-9868-57a2d4851a1d" />
    <TestEntry testId="16160eda-ed8a-41af-0699-c96e16360087" executionId="dee004a1-8258-4d7a-a5e6-4de0921e2aea" testListId="8c84fa94-04c1-424b-9868-57a2d4851a1d" />
    <TestEntry testId="4dc1fbea-93aa-71c8-6b40-a9d85a26d136" executionId="5ec2b87b-6e77-4b7a-9911-c28663107dc1" testListId="8c84fa94-04c1-424b-9868-57a2d4851a1d" />
    <TestEntry testId="a4cc3e8c-2aed-b51a-5e26-8fc2f5972e17" executionId="81d22f09-0bed-49bf-80c4-6d1eb047a753" testListId="8c84fa94-04c1-424b-9868-57a2d4851a1d" />
    <TestEntry testId="46addbba-7fb7-6c20-b9f8-24bbe6646ebb" executionId="c8007dca-9a3a-4904-bf51-933418d5cfce" testListId="8c84fa94-04c1-424b-9868-57a2d4851a1d" />
    <TestEntry testId="90d9a038-964a-6075-22c0-9ba0c54220cf" executionId="00c1ba4d-22c4-4710-9a3b-22d588403697" testListId="8c84fa94-04c1-424b-9868-57a2d4851a1d" />
    <TestEntry testId="4b8cb046-a6b7-ac00-8fa1-3c66ded48949" executionId="87089c67-f601-4ecc-8c08-c319c81e5ff4" testListId="8c84fa94-04c1-424b-9868-57a2d4851a1d" />
    <TestEntry testId="61397a79-642e-1955-728b-93cfa6ad46b6" executionId="cae7200c-2142-497c-b965-c15d383b4f72" testListId="8c84fa94-04c1-424b-9868-57a2d4851a1d" />
    <TestEntry testId="01ccfdca-220a-73db-d924-82796d9ba73f" executionId="56618b9e-4180-4ab2-a010-0dd59100de7a" testListId="8c84fa94-04c1-424b-9868-57a2d4851a1d" />
    <TestEntry testId="bfa5a1fa-f09d-1ee5-640b-341ffce74d9a" executionId="0ed229fe-2608-4847-a5c5-56d47bebac33" testListId="8c84fa94-04c1-424b-9868-57a2d4851a1d" />
    <TestEntry testId="be9e598c-c238-eece-7f6b-6af5ae1ab3e8" executionId="bd045e1f-1dd2-47f3-84fe-934c8a504d8b" testListId="8c84fa94-04c1-424b-9868-57a2d4851a1d" />
    <TestEntry testId="df71ec80-819a-4611-0756-8e7b0150cd5b" executionId="7adad18b-51d7-46ec-9123-5458825e9efb" testListId="8c84fa94-04c1-424b-9868-57a2d4851a1d" />
    <TestEntry testId="874dba6d-2949-b4cb-277e-dcc4a558d316" executionId="35652cce-7a58-4cf6-a6f9-38cab1639637" testListId="8c84fa94-04c1-424b-9868-57a2d4851a1d" />
    <TestEntry testId="43b2f13f-bcd3-4c78-63ab-61049c0f94c7" executionId="3464d61d-a009-4799-976b-a161120d5d27" testListId="8c84fa94-04c1-424b-9868-57a2d4851a1d" />
    <TestEntry testId="57471048-8b6d-7ccb-e95c-a24acbdc078c" executionId="80345f02-22fc-433f-ac7c-2d00854e3650" testListId="8c84fa94-04c1-424b-9868-57a2d4851a1d" />
  </TestEntries>
  <Results>
    <UnitTestResult executionId="15dc1445-06f5-4832-8bed-1ff80339c8a2" testId="5379aed9-67aa-b2bd-2e4a-b19032f074f7" testName="SearchFilterBuilder" computerName="BENINI" duration="00:00:00.0421058" startTime="2015-12-03T14:30:08.3016616+01:00" endTime="2015-12-03T14:30:08.3907435+01:00" testType="13cdc9d9-ddb5-4fa4-a97d-d965ccfc6d4b" outcome="Passed" testListId="8c84fa94-04c1-424b-9868-57a2d4851a1d" relativeResultsDirectory="15dc1445-06f5-4832-8bed-1ff80339c8a2">
    </UnitTestResult>
    <UnitTestResult executionId="00a6192b-c330-43a2-a42b-97f9c176ee67" testId="fffcf24d-7263-95f5-80aa-9b90012fbb60" testName="GetLdapConfigRepository" computerName="BENINI" duration="00:00:00.0032867" startTime="2015-12-03T14:30:08.3917443+01:00" endTime="2015-12-03T14:30:08.3957477+01:00" testType="13cdc9d9-ddb5-4fa4-a97d-d965ccfc6d4b" outcome="Passed" testListId="8c84fa94-04c1-424b-9868-57a2d4851a1d" relativeResultsDirectory="00a6192b-c330-43a2-a42b-97f9c176ee67">
    </UnitTestResult>
    <UnitTestResult executionId="1bc310f5-e718-4ab2-bcb7-aa9511adba0b" testId="2527c58c-fed7-aed3-bd2a-a2c409c26edb" testName="BasicConfig" computerName="BENINI" duration="00:00:00.0070796" startTime="2015-12-03T14:30:08.3967488+01:00" endTime="2015-12-03T14:30:08.4037550+01:00" testType="13cdc9d9-ddb5-4fa4-a97d-d965ccfc6d4b" outcome="Passed" testListId="8c84fa94-04c1-424b-9868-57a2d4851a1d" relativeResultsDirectory="1bc310f5-e718-4ab2-bcb7-aa9511adba0b">
    </UnitTestResult>
    <UnitTestResult executionId="fafb50d9-330f-487c-b78d-e7422489bea9" testId="ea723766-03bb-bbab-f5c5-f07e4c8666c7" testName="BasicConfigNoAdmin_LDAPAdminMode_Admin" computerName="BENINI" duration="00:00:00.0063347" startTime="2015-12-03T14:30:08.4047567+01:00" endTime="2015-12-03T14:30:08.4127638+01:00" testType="13cdc9d9-ddb5-4fa4-a97d-d965ccfc6d4b" outcome="Passed" testListId="8c84fa94-04c1-424b-9868-57a2d4851a1d" relativeResultsDirectory="fafb50d9-330f-487c-b78d-e7422489bea9">
    </UnitTestResult>
    <UnitTestResult executionId="38a3b3a2-c549-493e-a508-9c360cb42abc" testId="8dce3c9a-dab8-8ae7-5ed5-65d976e86317" testName="BasicConfigNoAdmin_LDAPAdminMode_Anonymous" computerName="BENINI" duration="00:00:00.0003238" startTime="2015-12-03T14:30:08.4127638+01:00" endTime="2015-12-03T14:30:08.4137652+01:00" testType="13cdc9d9-ddb5-4fa4-a97d-d965ccfc6d4b" outcome="Passed" testListId="8c84fa94-04c1-424b-9868-57a2d4851a1d" relativeResultsDirectory="38a3b3a2-c549-493e-a508-9c360cb42abc">
    </UnitTestResult>
    <UnitTestResult executionId="5a070679-2f9d-4974-b3af-f8f43ff98d67" testId="2570af5a-a0e3-5e00-0b9d-5dc2f082dd1f" testName="BasicConfigNoAdmin_LDAPAdminMode_NoAdmin" computerName="BENINI" duration="00:00:00.0003013" startTime="2015-12-03T14:30:08.4147658+01:00" endTime="2015-12-03T14:30:08.4147658+01:00" testType="13cdc9d9-ddb5-4fa4-a97d-d965ccfc6d4b" outcome="Passed" testListId="8c84fa94-04c1-424b-9868-57a2d4851a1d" relativeResultsDirectory="5a070679-2f9d-4974-b3af-f8f43ff98d67">
    </UnitTestResult>
    <UnitTestResult executionId="6b0bfec3-9f05-405b-8efc-cf96a4801c22" testId="a5aa2592-d68c-d68c-5351-f0bd02a8f363" testName="BasicConfigNoSearchBaseDn" computerName="BENINI" duration="00:00:00.0009561" startTime="2015-12-03T14:30:08.4157669+01:00" endTime="2015-12-03T14:30:08.4167678+01:00" testType="13cdc9d9-ddb5-4fa4-a97d-d965ccfc6d4b" outcome="Passed" testListId="8c84fa94-04c1-424b-9868-57a2d4851a1d" relativeResultsDirectory="6b0bfec3-9f05-405b-8efc-cf96a4801c22">
    </UnitTestResult>
    <UnitTestResult executionId="dfc97cea-30d5-4a6b-bdd2-b942c4205674" testId="ac2cd6c6-720a-9db8-0a4a-08bdff2a567a" testName="BasicConfigNoServer" computerName="BENINI" duration="00:00:00.0010046" startTime="2015-12-03T14:30:08.4177689+01:00" endTime="2015-12-03T14:30:08.4197706+01:00" testType="13cdc9d9-ddb5-4fa4-a97d-d965ccfc6d4b" outcome="Passed" testListId="8c84fa94-04c1-424b-9868-57a2d4851a1d" relativeResultsDirectory="dfc97cea-30d5-4a6b-bdd2-b942c4205674">
    </UnitTestResult>
    <UnitTestResult executionId="d28a4916-86b4-4bfc-93ae-39348302be6e" testId="f57362cf-9dff-7248-18e5-fdaedc334fb5" testName="CompleteConfig" computerName="BENINI" duration="00:00:00.0013259" startTime="2015-12-03T14:30:08.4197706+01:00" endTime="2015-12-03T14:30:08.4217720+01:00" testType="13cdc9d9-ddb5-4fa4-a97d-d965ccfc6d4b" outcome="Passed" testListId="8c84fa94-04c1-424b-9868-57a2d4851a1d" relativeResultsDirectory="d28a4916-86b4-4bfc-93ae-39348302be6e">
    </UnitTestResult>
    <UnitTestResult executionId="1250b9f2-5e83-4fab-b978-b3e8e538ad76" testId="37863920-74b7-a35c-3209-0627039e5297" testName="CompleteConfigNoAdmin_LDAPAdminMode_Admin" computerName="BENINI" duration="00:00:00.0007346" startTime="2015-12-03T14:30:08.4227731+01:00" endTime="2015-12-03T14:30:08.4237740+01:00" testType="13cdc9d9-ddb5-4fa4-a97d-d965ccfc6d4b" outcome="Passed" testListId="8c84fa94-04c1-424b-9868-57a2d4851a1d" relativeResultsDirectory="1250b9f2-5e83-4fab-b978-b3e8e538ad76">
    </UnitTestResult>
    <UnitTestResult executionId="6bfef69a-98ab-4017-9b8f-e874a457cf44" testId="3eb50d57-e719-4e4f-b073-4d5ce95be711" testName="CompleteConfigNoAdmin_LDAPAdminMode_Anonymous" computerName="BENINI" duration="00:00:00.0004157" startTime="2015-12-03T14:30:08.4247754+01:00" endTime="2015-12-03T14:30:08.4257762+01:00" testType="13cdc9d9-ddb5-4fa4-a97d-d965ccfc6d4b" outcome="Passed" testListId="8c84fa94-04c1-424b-9868-57a2d4851a1d" relativeResultsDirectory="6bfef69a-98ab-4017-9b8f-e874a457cf44">
    </UnitTestResult>
    <UnitTestResult executionId="318bde47-4d91-4fe0-aa87-fe1c1d2b0165" testId="e154ebe1-cf18-8c34-0964-52325c84d13c" testName="CompleteConfigNoAdmin_LDAPAdminMode_NoAdmin" computerName="BENINI" duration="00:00:00.0039748" startTime="2015-12-03T14:30:08.4257762+01:00" endTime="2015-12-03T14:30:08.4307799+01:00" testType="13cdc9d9-ddb5-4fa4-a97d-d965ccfc6d4b" outcome="Passed" testListId="8c84fa94-04c1-424b-9868-57a2d4851a1d" relativeResultsDirectory="318bde47-4d91-4fe0-aa87-fe1c1d2b0165">
    </UnitTestResult>
    <UnitTestResult executionId="ca8326b1-fb67-43b7-a1ac-ac23066434ed" testId="e7fba96a-4ea3-37e1-b1e1-e8dfa3d0c3a0" testName="CompleteConfigNoCertificatePath" computerName="BENINI" duration="00:00:00.0008999" startTime="2015-12-03T14:30:08.4307799+01:00" endTime="2015-12-03T14:30:08.4317819+01:00" testType="13cdc9d9-ddb5-4fa4-a97d-d965ccfc6d4b" outcome="Passed" testListId="8c84fa94-04c1-424b-9868-57a2d4851a1d" relativeResultsDirectory="ca8326b1-fb67-43b7-a1ac-ac23066434ed">
    </UnitTestResult>
    <UnitTestResult executionId="bc1ad262-0b5a-4edd-a14f-76a44f4e2dc0" testId="e24a8f9b-3271-c941-8de9-c4c2ffca0a9d" testName="CompleteConfigNoLogPath" computerName="BENINI" duration="00:00:00.0009567" startTime="2015-12-03T14:30:08.4327824+01:00" endTime="2015-12-03T14:30:08.4347841+01:00" testType="13cdc9d9-ddb5-4fa4-a97d-d965ccfc6d4b" outcome="Passed" testListId="8c84fa94-04c1-424b-9868-57a2d4851a1d" relativeResultsDirectory="bc1ad262-0b5a-4edd-a14f-76a44f4e2dc0">
    </UnitTestResult>
    <UnitTestResult executionId="59da15d3-4396-47ab-b3cf-20a2ee97fced" testId="768cf606-aee7-9ad1-e8e7-b6aae6cec5ac" testName="CompleteConfigNoMatchFieldUsername" computerName="BENINI" duration="00:00:00.0011413" startTime="2015-12-03T14:30:08.4347841+01:00" endTime="2015-12-03T14:30:08.4367867+01:00" testType="13cdc9d9-ddb5-4fa4-a97d-d965ccfc6d4b" outcome="Passed" testListId="8c84fa94-04c1-424b-9868-57a2d4851a1d" relativeResultsDirectory="59da15d3-4396-47ab-b3cf-20a2ee97fced">
    </UnitTestResult>
    <UnitTestResult executionId="f78352d1-4ef0-45e0-b7ce-45d6a97de1cc" testId="82ecccb3-61dd-ad38-3e6f-ea5a30ddd1e8" testName="CompleteConfigNoSearchBaseDn" computerName="BENINI" duration="00:00:00.0008323" startTime="2015-12-03T14:30:08.4377869+01:00" endTime="2015-12-03T14:30:08.4387875+01:00" testType="13cdc9d9-ddb5-4fa4-a97d-d965ccfc6d4b" outcome="Passed" testListId="8c84fa94-04c1-424b-9868-57a2d4851a1d" relativeResultsDirectory="f78352d1-4ef0-45e0-b7ce-45d6a97de1cc">
    </UnitTestResult>
    <UnitTestResult executionId="1276557f-96cc-4508-9b4e-56b79a4b9e0e" testId="73626d27-e693-339e-996b-9da4510b14c6" testName="CompleteConfigNoUserClass" computerName="BENINI" duration="00:00:00.0008004" startTime="2015-12-03T14:30:08.4387875+01:00" endTime="2015-12-03T14:30:08.4407895+01:00" testType="13cdc9d9-ddb5-4fa4-a97d-d965ccfc6d4b" outcome="Passed" testListId="8c84fa94-04c1-424b-9868-57a2d4851a1d" relativeResultsDirectory="1276557f-96cc-4508-9b4e-56b79a4b9e0e">
    </UnitTestResult>
    <UnitTestResult executionId="233dcc28-2e04-41e6-b023-c2292a488807" testId="e0c6b7e4-2eeb-96ba-6c73-e9ebae6103f1" testName="GetLdapConnection" computerName="BENINI" duration="00:00:00.0675997" startTime="2015-12-03T14:30:08.4407895+01:00" endTime="2015-12-03T14:30:08.5098524+01:00" testType="13cdc9d9-ddb5-4fa4-a97d-d965ccfc6d4b" outcome="Failed" testListId="8c84fa94-04c1-424b-9868-57a2d4851a1d" relativeResultsDirectory="233dcc28-2e04-41e6-b023-c2292a488807">
      <Output>
        <ErrorInfo>
          <Message>Test method LDAP_Library_UnitTest.LdapConnectionFactoryUnitTests.GetLdapConnection threw exception: 
System.Security.Cryptography.CryptographicException: The system cannot find the path specified.
</Message>
          <StackTrace>    at System.Security.Cryptography.CryptographicException.ThrowCryptographicException(Int32 hr)
   at System.Security.Cryptography.X509Certificates.X509Utils._QueryCertFileType(String fileName)
   at System.Security.Cryptography.X509Certificates.X509Certificate.LoadCertificateFromFile(String fileName, Object password, X509KeyStorageFlags keyStorageFlags)
   at System.Security.Cryptography.X509Certificates.X509Certificate.Import(String fileName)
   at LDAPLibrary.Factories.LdapConnectionFactory.GetLdapConnection(ILdapConfigRepository ldapConfigRepository) in c:\work\LDAP-Library\LDAPLibrary\Factories\LdapConnectionFactory.cs:line 34
   at LDAP_Library_UnitTest.LdapConnectionFactoryUnitTests.GetLdapConnection() in c:\work\LDAP-Library\LDAPLibraryUnitTest\LdapConnectionFactoryUnitTests.cs:line 37
</StackTrace>
        </ErrorInfo>
      </Output>
    </UnitTestResult>
    <UnitTestResult executionId="c32ac78a-e7e8-4eb8-a60b-0d8af50181e9" testId="c60bb484-7c6f-b1be-c5b2-cca4141ec0b8" testName="GetLdapConnector" computerName="BENINI" duration="00:00:00.0297637" startTime="2015-12-03T14:30:08.5098524+01:00" endTime="2015-12-03T14:30:08.5398801+01:00" testType="13cdc9d9-ddb5-4fa4-a97d-d965ccfc6d4b" outcome="Passed" testListId="8c84fa94-04c1-424b-9868-57a2d4851a1d" relativeResultsDirectory="c32ac78a-e7e8-4eb8-a60b-0d8af50181e9">
    </UnitTestResult>
    <UnitTestResult executionId="ba0f7529-202d-405d-a3bc-189ba9bd492f" testId="b3438051-db78-9e62-a125-69d5547ca473" testName="AdminMode" computerName="BENINI" duration="00:00:00.0013110" startTime="2015-12-03T14:30:08.5408809+01:00" endTime="2015-12-03T14:30:08.5428829+01:00" testType="13cdc9d9-ddb5-4fa4-a97d-d965ccfc6d4b" outcome="Passed" testListId="8c84fa94-04c1-424b-9868-57a2d4851a1d" relativeResultsDirectory="ba0f7529-202d-405d-a3bc-189ba9bd492f">
    </UnitTestResult>
    <UnitTestResult executionId="3cc246f6-5483-418c-9476-cbac3a85bbba" testId="8b2b1fd8-393c-c2fb-4291-6e818e8f2140" testName="AnonymousMode" computerName="BENINI" duration="00:00:00.0003545" startTime="2015-12-03T14:30:08.5428829+01:00" endTime="2015-12-03T14:30:08.5438843+01:00" testType="13cdc9d9-ddb5-4fa4-a97d-d965ccfc6d4b" outcome="Passed" testListId="8c84fa94-04c1-424b-9868-57a2d4851a1d" relativeResultsDirectory="3cc246f6-5483-418c-9476-cbac3a85bbba">
    </UnitTestResult>
    <UnitTestResult executionId="f3ce7f38-7299-483a-8927-479d8d86493c" testId="a2ed77ed-f791-1fa6-3141-ca6b06c27ab3" testName="NoAdminMode" computerName="BENINI" duration="00:00:00.0004426" startTime="2015-12-03T14:30:08.5448852+01:00" endTime="2015-12-03T14:30:08.5448852+01:00" testType="13cdc9d9-ddb5-4fa4-a97d-d965ccfc6d4b" outcome="Passed" testListId="8c84fa94-04c1-424b-9868-57a2d4851a1d" relativeResultsDirectory="f3ce7f38-7299-483a-8927-479d8d86493c">
    </UnitTestResult>
    <UnitTestResult executionId="444ab3d8-be27-468f-8852-e2c42d6f97b9" testId="02570779-9f75-a057-f9fe-248816cc1958" testName="ToBoolean" computerName="BENINI" duration="00:00:00.0008987" startTime="2015-12-03T14:30:08.5458860+01:00" endTime="2015-12-03T14:30:08.5468874+01:00" testType="13cdc9d9-ddb5-4fa4-a97d-d965ccfc6d4b" outcome="Passed" testListId="8c84fa94-04c1-424b-9868-57a2d4851a1d" relativeResultsDirectory="444ab3d8-be27-468f-8852-e2c42d6f97b9">
    </UnitTestResult>
    <UnitTestResult executionId="050b4069-7e72-43df-bb66-c12b1dec33e6" testId="e7a2d511-5b80-518e-02fa-7a98868396d9" testName="GetLdapUserManipulator" computerName="BENINI" duration="00:00:00.0012425" startTime="2015-12-03T14:30:08.5478877+01:00" endTime="2015-12-03T14:30:08.5498888+01:00" testType="13cdc9d9-ddb5-4fa4-a97d-d965ccfc6d4b" outcome="Passed" testListId="8c84fa94-04c1-424b-9868-57a2d4851a1d" relativeResultsDirectory="050b4069-7e72-43df-bb66-c12b1dec33e6">
    </UnitTestResult>
    <UnitTestResult executionId="0495c4db-9a8c-4062-927d-c2f72fd492e0" testId="a294d636-f843-1649-3c33-12db53b4d0b9" testName="CreateUserAttributeList" computerName="BENINI" duration="00:00:00.0027741" startTime="2015-12-03T14:30:08.5498888+01:00" endTime="2015-12-03T14:30:08.5538930+01:00" testType="13cdc9d9-ddb5-4fa4-a97d-d965ccfc6d4b" outcome="Passed" testListId="8c84fa94-04c1-424b-9868-57a2d4851a1d" relativeResultsDirectory="0495c4db-9a8c-4062-927d-c2f72fd492e0">
    </UnitTestResult>
    <UnitTestResult executionId="c6f8e898-c0bd-4322-9b1d-13bec94d58d3" testId="5030266c-9b85-a32a-f12c-617dffe6cfa2" testName="CreateUserAttributeListExist" computerName="BENINI" duration="00:00:00.0007835" startTime="2015-12-03T14:30:08.5598984+01:00" endTime="2015-12-03T14:30:08.5619004+01:00" testType="13cdc9d9-ddb5-4fa4-a97d-d965ccfc6d4b" outcome="Passed" testListId="8c84fa94-04c1-424b-9868-57a2d4851a1d" relativeResultsDirectory="c6f8e898-c0bd-4322-9b1d-13bec94d58d3">
    </UnitTestResult>
    <UnitTestResult executionId="d391ae00-e712-4351-ad5c-0a8fb961fb75" testId="b11544ec-16f6-a54d-4ac0-84d410728030" testName="CreateUserAttributeSingle" computerName="BENINI" duration="00:00:00.0011360" startTime="2015-12-03T14:30:08.5619004+01:00" endTime="2015-12-03T14:30:08.5639021+01:00" testType="13cdc9d9-ddb5-4fa4-a97d-d965ccfc6d4b" outcome="Passed" testListId="8c84fa94-04c1-424b-9868-57a2d4851a1d" relativeResultsDirectory="d391ae00-e712-4351-ad5c-0a8fb961fb75">
    </UnitTestResult>
    <UnitTestResult executionId="fb0f5b2c-89c0-4487-b212-2ef424060994" testId="0a827672-fcc5-5a61-6421-a808dec41250" testName="CreateUserAttributeSingleExist" computerName="BENINI" duration="00:00:00.0007440" startTime="2015-12-03T14:30:08.5639021+01:00" endTime="2015-12-03T14:30:08.5659040+01:00" testType="13cdc9d9-ddb5-4fa4-a97d-d965ccfc6d4b" outcome="Passed" testListId="8c84fa94-04c1-424b-9868-57a2d4851a1d" relativeResultsDirectory="fb0f5b2c-89c0-4487-b212-2ef424060994">
    </UnitTestResult>
    <UnitTestResult executionId="161bfbe9-d370-4667-9b43-63b821d3ed8a" testId="c4d18457-c91f-0b61-bb5e-23385832e8f4" testName="DeleteUserAttribute" computerName="BENINI" duration="00:00:00.0018709" startTime="2015-12-03T14:30:08.5659040+01:00" endTime="2015-12-03T14:30:08.5689069+01:00" testType="13cdc9d9-ddb5-4fa4-a97d-d965ccfc6d4b" outcome="Passed" testListId="8c84fa94-04c1-424b-9868-57a2d4851a1d" relativeResultsDirectory="161bfbe9-d370-4667-9b43-63b821d3ed8a">
      <Output>
        <StdOut>System.Collections.Generic.List`1[System.String]</StdOut>
      </Output>
    </UnitTestResult>
    <UnitTestResult executionId="57b17949-e2af-4a47-8545-df808ad81e66" testId="dfda7d85-6a76-96a0-fe43-cd534752a6a0" testName="DeleteUserAttributeNotExist" computerName="BENINI" duration="00:00:00.0007969" startTime="2015-12-03T14:30:08.5699080+01:00" endTime="2015-12-03T14:30:08.5709089+01:00" testType="13cdc9d9-ddb5-4fa4-a97d-d965ccfc6d4b" outcome="Passed" testListId="8c84fa94-04c1-424b-9868-57a2d4851a1d" relativeResultsDirectory="57b17949-e2af-4a47-8545-df808ad81e66">
    </UnitTestResult>
    <UnitTestResult executionId="c6a2dfcf-c48a-4ae3-bcb6-4b5bee8cb5d2" testId="d2f06f45-3ed1-f57e-ef62-cf22fd6ac98c" testName="DeleteUserAttributeValueNotExist" computerName="BENINI" duration="00:00:00.0008373" startTime="2015-12-03T14:30:08.5709089+01:00" endTime="2015-12-03T14:30:08.5729105+01:00" testType="13cdc9d9-ddb5-4fa4-a97d-d965ccfc6d4b" outcome="Passed" testListId="8c84fa94-04c1-424b-9868-57a2d4851a1d" relativeResultsDirectory="c6a2dfcf-c48a-4ae3-bcb6-4b5bee8cb5d2">
    </UnitTestResult>
    <UnitTestResult executionId="f81a1af2-f068-4136-a930-e3d56ca76268" testId="0a7b7012-26cc-fd82-ff76-a1b3233cb226" testName="GetUserAttribute" computerName="BENINI" duration="00:00:00.0004804" startTime="2015-12-03T14:30:08.5729105+01:00" endTime="2015-12-03T14:30:08.5739120+01:00" testType="13cdc9d9-ddb5-4fa4-a97d-d965ccfc6d4b" outcome="Passed" testListId="8c84fa94-04c1-424b-9868-57a2d4851a1d" relativeResultsDirectory="f81a1af2-f068-4136-a930-e3d56ca76268">
    </UnitTestResult>
    <UnitTestResult executionId="97ab7f02-b055-4035-b703-c05d750e4aed" testId="2dfa9738-1dee-ff01-2277-e272b1a1ed9a" testName="GetUserAttributeNoKey" computerName="BENINI" duration="00:00:00.0007369" startTime="2015-12-03T14:30:08.5739120+01:00" endTime="2015-12-03T14:30:08.5759134+01:00" testType="13cdc9d9-ddb5-4fa4-a97d-d965ccfc6d4b" outcome="Passed" testListId="8c84fa94-04c1-424b-9868-57a2d4851a1d" relativeResultsDirectory="97ab7f02-b055-4035-b703-c05d750e4aed">
    </UnitTestResult>
    <UnitTestResult executionId="71d1a7a3-d398-4da9-b109-e8b3e9ce2a28" testId="99d6a5bd-91e6-2bcb-2696-0aad0377ec88" testName="GetUserAttributes" computerName="BENINI" duration="00:00:00.0011234" startTime="2015-12-03T14:30:08.5759134+01:00" endTime="2015-12-03T14:30:08.5779156+01:00" testType="13cdc9d9-ddb5-4fa4-a97d-d965ccfc6d4b" outcome="Passed" testListId="8c84fa94-04c1-424b-9868-57a2d4851a1d" relativeResultsDirectory="71d1a7a3-d398-4da9-b109-e8b3e9ce2a28">
    </UnitTestResult>
    <UnitTestResult executionId="b3a11128-eb16-487c-b92d-5c72413f61d0" testId="bf83c071-36e4-697e-e978-6e0216654ba7" testName="GetUserAttributesKeys" computerName="BENINI" duration="00:00:00.0012135" startTime="2015-12-03T14:30:08.5789162+01:00" endTime="2015-12-03T14:30:08.5799179+01:00" testType="13cdc9d9-ddb5-4fa4-a97d-d965ccfc6d4b" outcome="Passed" testListId="8c84fa94-04c1-424b-9868-57a2d4851a1d" relativeResultsDirectory="b3a11128-eb16-487c-b92d-5c72413f61d0">
    </UnitTestResult>
    <UnitTestResult executionId="6b66d1cf-626a-46cf-aaf9-b2dcde128b29" testId="48f1559d-910d-0ef6-d052-c71c6dba4546" testName="GetUserCn" computerName="BENINI" duration="00:00:00.0005105" startTime="2015-12-03T14:30:08.5809182+01:00" endTime="2015-12-03T14:30:08.5819196+01:00" testType="13cdc9d9-ddb5-4fa4-a97d-d965ccfc6d4b" outcome="Passed" testListId="8c84fa94-04c1-424b-9868-57a2d4851a1d" relativeResultsDirectory="6b66d1cf-626a-46cf-aaf9-b2dcde128b29">
    </UnitTestResult>
    <UnitTestResult executionId="1ec38f10-f6e5-42e6-9b5a-663c5b895e45" testId="9c1aebdc-76c8-7841-6aa8-08758f74fc9d" testName="GetUserDn" computerName="BENINI" duration="00:00:00.0037135" startTime="2015-12-03T14:30:08.5829201+01:00" endTime="2015-12-03T14:30:08.5869229+01:00" testType="13cdc9d9-ddb5-4fa4-a97d-d965ccfc6d4b" outcome="Passed" testListId="8c84fa94-04c1-424b-9868-57a2d4851a1d" relativeResultsDirectory="1ec38f10-f6e5-42e6-9b5a-663c5b895e45">
    </UnitTestResult>
    <UnitTestResult executionId="9c7ba07e-205c-407f-83e9-8a158f432917" testId="67aa67a1-b2ee-8598-3ce7-f549329dc0c8" testName="GetUserOperationAdd" computerName="BENINI" duration="00:00:00.0024154" startTime="2015-12-03T14:30:08.5869229+01:00" endTime="2015-12-03T14:30:08.5899261+01:00" testType="13cdc9d9-ddb5-4fa4-a97d-d965ccfc6d4b" outcome="Passed" testListId="8c84fa94-04c1-424b-9868-57a2d4851a1d" relativeResultsDirectory="9c7ba07e-205c-407f-83e9-8a158f432917">
    </UnitTestResult>
    <UnitTestResult executionId="aad9a0fd-9bc1-400b-a8ae-0af15bc696e6" testId="9e0a04ee-da6f-7eec-ff14-c36ca71a4c51" testName="GetUserOperationDelete" computerName="BENINI" duration="00:00:00.0011664" startTime="2015-12-03T14:30:08.5909269+01:00" endTime="2015-12-03T14:30:08.5919283+01:00" testType="13cdc9d9-ddb5-4fa4-a97d-d965ccfc6d4b" outcome="Passed" testListId="8c84fa94-04c1-424b-9868-57a2d4851a1d" relativeResultsDirectory="aad9a0fd-9bc1-400b-a8ae-0af15bc696e6">
    </UnitTestResult>
    <UnitTestResult executionId="bb3edb1b-448a-41d7-9aac-97d432150c48" testId="ba75a37f-52c1-6b58-7e85-aab91665f7b6" testName="GetUserOperationReplace" computerName="BENINI" duration="00:00:00.0011597" startTime="2015-12-03T14:30:08.5929292+01:00" endTime="2015-12-03T14:30:08.5949303+01:00" testType="13cdc9d9-ddb5-4fa4-a97d-d965ccfc6d4b" outcome="Passed" testListId="8c84fa94-04c1-424b-9868-57a2d4851a1d" relativeResultsDirectory="bb3edb1b-448a-41d7-9aac-97d432150c48">
    </UnitTestResult>
    <UnitTestResult executionId="a3aa3ce8-a818-4825-8410-c3577a20e268" testId="52edda30-356e-6753-eceb-95ce504dcc73" testName="GetUserSn" computerName="BENINI" duration="00:00:00.0005561" startTime="2015-12-03T14:30:08.5949303+01:00" endTime="2015-12-03T14:30:08.5959323+01:00" testType="13cdc9d9-ddb5-4fa4-a97d-d965ccfc6d4b" outcome="Passed" testListId="8c84fa94-04c1-424b-9868-57a2d4851a1d" relativeResultsDirectory="a3aa3ce8-a818-4825-8410-c3577a20e268">
    </UnitTestResult>
    <UnitTestResult executionId="c56256b8-aedf-4ba5-a03e-f3cb37714ad7" testId="1847b369-3506-146e-c52d-74b6b94d486c" testName="InsertUserAttribute" computerName="BENINI" duration="00:00:00.0005257" startTime="2015-12-03T14:30:08.5969349+01:00" endTime="2015-12-03T14:30:08.5979340+01:00" testType="13cdc9d9-ddb5-4fa4-a97d-d965ccfc6d4b" outcome="Passed" testListId="8c84fa94-04c1-424b-9868-57a2d4851a1d" relativeResultsDirectory="c56256b8-aedf-4ba5-a03e-f3cb37714ad7">
    </UnitTestResult>
    <UnitTestResult executionId="fe64d897-fc1d-4eb5-9017-f8a198fba39d" testId="c662de10-bbf6-3d3d-97a5-152f2fb874c8" testName="InsertUserAttributeNotExist" computerName="BENINI" duration="00:00:00.0007688" startTime="2015-12-03T14:30:08.5989351+01:00" endTime="2015-12-03T14:30:08.5999354+01:00" testType="13cdc9d9-ddb5-4fa4-a97d-d965ccfc6d4b" outcome="Passed" testListId="8c84fa94-04c1-424b-9868-57a2d4851a1d" relativeResultsDirectory="fe64d897-fc1d-4eb5-9017-f8a198fba39d">
    </UnitTestResult>
    <UnitTestResult executionId="07cf088c-575a-4164-9deb-a2f0bdf5df05" testId="ae3b599a-0f31-89ea-5760-a59889a0650c" testName="LdapUserInstance" computerName="BENINI" duration="00:00:00.0004590" startTime="2015-12-03T14:30:08.6009368+01:00" endTime="2015-12-03T14:30:08.6009368+01:00" testType="13cdc9d9-ddb5-4fa4-a97d-d965ccfc6d4b" outcome="Passed" testListId="8c84fa94-04c1-424b-9868-57a2d4851a1d" relativeResultsDirectory="07cf088c-575a-4164-9deb-a2f0bdf5df05">
    </UnitTestResult>
    <UnitTestResult executionId="ad00987a-ad1c-4bb0-b50a-fe7fd00e2a38" testId="cf2aeec4-4c32-ec26-95ea-ed3f79ced054" testName="LdapUserInstanceNullOtherAttribute" computerName="BENINI" duration="00:00:00.0003215" startTime="2015-12-03T14:30:08.6019379+01:00" endTime="2015-12-03T14:30:08.6029385+01:00" testType="13cdc9d9-ddb5-4fa4-a97d-d965ccfc6d4b" outcome="Passed" testListId="8c84fa94-04c1-424b-9868-57a2d4851a1d" relativeResultsDirectory="ad00987a-ad1c-4bb0-b50a-fe7fd00e2a38">
    </UnitTestResult>
    <UnitTestResult executionId="1e0375cb-a0fc-48a0-9ac0-9fae5c63cb9f" testId="96a8bd2b-c1ff-780f-24e4-1c411f8f3a28" testName="NullCn" computerName="BENINI" duration="00:00:00.0007437" startTime="2015-12-03T14:30:08.6039396+01:00" endTime="2015-12-03T14:30:08.6049396+01:00" testType="13cdc9d9-ddb5-4fa4-a97d-d965ccfc6d4b" outcome="Passed" testListId="8c84fa94-04c1-424b-9868-57a2d4851a1d" relativeResultsDirectory="1e0375cb-a0fc-48a0-9ac0-9fae5c63cb9f">
    </UnitTestResult>
    <UnitTestResult executionId="45a67eab-3a0d-4834-9118-8a056272ebcc" testId="9204c852-3508-6812-e510-396a6d0d9825" testName="NullDn" computerName="BENINI" duration="00:00:00.0007399" startTime="2015-12-03T14:30:08.6049396+01:00" endTime="2015-12-03T14:30:08.6059413+01:00" testType="13cdc9d9-ddb5-4fa4-a97d-d965ccfc6d4b" outcome="Passed" testListId="8c84fa94-04c1-424b-9868-57a2d4851a1d" relativeResultsDirectory="45a67eab-3a0d-4834-9118-8a056272ebcc">
    </UnitTestResult>
    <UnitTestResult executionId="464ecf24-aeee-415b-8f5a-d352fc6281aa" testId="56266320-ecc7-ec0a-67a6-1f2d85310eca" testName="NullSn" computerName="BENINI" duration="00:00:00.0007255" startTime="2015-12-03T14:30:08.6069419+01:00" endTime="2015-12-03T14:30:08.6079430+01:00" testType="13cdc9d9-ddb5-4fa4-a97d-d965ccfc6d4b" outcome="Passed" testListId="8c84fa94-04c1-424b-9868-57a2d4851a1d" relativeResultsDirectory="464ecf24-aeee-415b-8f5a-d352fc6281aa">
    </UnitTestResult>
    <UnitTestResult executionId="3a105783-8ec4-4a13-adc4-d430534a339e" testId="dec60592-7401-28e3-6792-0740416006f6" testName="OverwriteUserAttributeList" computerName="BENINI" duration="00:00:00.0004546" startTime="2015-12-03T14:30:08.6089436+01:00" endTime="2015-12-03T14:30:08.6089436+01:00" testType="13cdc9d9-ddb5-4fa4-a97d-d965ccfc6d4b" outcome="Passed" testListId="8c84fa94-04c1-424b-9868-57a2d4851a1d" relativeResultsDirectory="3a105783-8ec4-4a13-adc4-d430534a339e">
    </UnitTestResult>
    <UnitTestResult executionId="3c17206f-5983-4f79-9aa6-9a201c7bc5eb" testId="9ef28f70-8801-d229-6aac-d2b370bf197f" testName="OverwriteUserAttributeListNotExist" computerName="BENINI" duration="00:00:00.0007314" startTime="2015-12-03T14:30:08.6099444+01:00" endTime="2015-12-03T14:30:08.6109461+01:00" testType="13cdc9d9-ddb5-4fa4-a97d-d965ccfc6d4b" outcome="Passed" testListId="8c84fa94-04c1-424b-9868-57a2d4851a1d" relativeResultsDirectory="3c17206f-5983-4f79-9aa6-9a201c7bc5eb">
    </UnitTestResult>
    <UnitTestResult executionId="57856d0e-d091-44d8-9fd1-42a1085de15d" testId="6ea79408-e91e-fc4a-068c-0a9e1ee260d9" testName="OverwriteUserAttributeSingle" computerName="BENINI" duration="00:00:00.0004344" startTime="2015-12-03T14:30:08.6119464+01:00" endTime="2015-12-03T14:30:08.6129475+01:00" testType="13cdc9d9-ddb5-4fa4-a97d-d965ccfc6d4b" outcome="Passed" testListId="8c84fa94-04c1-424b-9868-57a2d4851a1d" relativeResultsDirectory="57856d0e-d091-44d8-9fd1-42a1085de15d">
    </UnitTestResult>
    <UnitTestResult executionId="d7fe7065-47ca-4061-9a0c-018c8026445b" testId="0faa3b7f-1393-09ee-f916-73f93f0225e1" testName="OverwriteUserAttributeSingleNotExist" computerName="BENINI" duration="00:00:00.0011784" startTime="2015-12-03T14:30:08.6139487+01:00" endTime="2015-12-03T14:30:08.6149495+01:00" testType="13cdc9d9-ddb5-4fa4-a97d-d965ccfc6d4b" outcome="Passed" testListId="8c84fa94-04c1-424b-9868-57a2d4851a1d" relativeResultsDirectory="d7fe7065-47ca-4061-9a0c-018c8026445b">
    </UnitTestResult>
    <UnitTestResult executionId="4376da35-bd8d-4e4a-9b74-4520bfd24489" testId="98c5eb74-09d6-a967-dd30-cd752ab93d4a" testName="TestAdminConnect" computerName="BENINI" duration="00:00:00.0089192" startTime="2015-12-03T14:30:08.6159512+01:00" endTime="2015-12-03T14:30:08.6259591+01:00" testType="13cdc9d9-ddb5-4fa4-a97d-d965ccfc6d4b" outcome="Failed" testListId="8c84fa94-04c1-424b-9868-57a2d4851a1d" relativeResultsDirectory="4376da35-bd8d-4e4a-9b74-4520bfd24489">
      <Output>
        <ErrorInfo>
          <Message>Test method LDAP_Library_UnitTest.localhost.LocalhostEnvironment.TestAdminConnect threw exception: 
System.UnauthorizedAccessException: Access to the path 'C:\Program Files (x86)\Microsoft Visual Studio 12.0\Common7\IDE\LDAPLog.txt' is denied.</Message>
          <StackTrace>    at System.IO.__Error.WinIOError(Int32 errorCode, String maybeFullPath)
   at System.IO.FileStream.Init(String path, FileMode mode, FileAccess access, Int32 rights, Boolean useRights, FileShare share, Int32 bufferSize, FileOptions options, SECURITY_ATTRIBUTES secAttrs, String msgPath, Boolean bFromProxy, Boolean useLongPath, Boolean checkHost)
   at System.IO.FileStream..ctor(String path, FileMode mode, FileAccess access, FileShare share, Int32 bufferSize, FileOptions options, String msgPath, Boolean bFromProxy, Boolean useLongPath, Boolean checkHost)
   at System.IO.StreamWriter.CreateFile(String path, Boolean append, Boolean checkHost)
   at System.IO.StreamWriter..ctor(String path, Boolean append, Encoding encoding, Int32 bufferSize, Boolean checkHost)
   at System.IO.StreamWriter..ctor(String path, Boolean append, Encoding encoding, Int32 bufferSize)
   at System.IO.StreamWriter..ctor(String path, Boolean append)
   at LDAPLibrary.Logger.FileLogger.Write(String message) in c:\work\LDAP-Library\LDAPLibrary\Logger\FileLogger.cs:line 21
   at LDAPLibrary.LdapManager..ctor(ILdapUser adminUser, LDAPAdminMode adminMode, String ldapServer, String ldapSearchBaseDn, AuthType authType, Boolean secureSocketLayerFlag, Boolean transportSocketLayerFlag, Boolean clientCertificateFlag, String clientCertificatePath, LoggerType loggerType, String logPath, String userObjectClass, String matchFieldUsername) in c:\work\LDAP-Library\LDAPLibrary\LDAPManager.cs:line 107
   at LDAP_Library_UnitTest.localhost.LocalhostEnvironment.TestCompleteInitLibrary() in c:\work\LDAP-Library\LDAPLibraryUnitTest\localhost\LocalhostEnvironment.cs:line 91
   at LDAP_Library_UnitTest.localhost.LocalhostEnvironment.TestAdminConnect() in c:\work\LDAP-Library\LDAPLibraryUnitTest\localhost\LocalhostEnvironment.cs:line 113
</StackTrace>
        </ErrorInfo>
      </Output>
    </UnitTestResult>
    <UnitTestResult executionId="cd7b2330-f9d3-4d33-97a2-d84cbeef7196" testId="71dd5099-dd4c-d797-642a-cc10553e592a" testName="TestChangeUserPassword" computerName="BENINI" duration="00:00:00.0021290" startTime="2015-12-03T14:30:08.6269605+01:00" endTime="2015-12-03T14:30:08.6299625+01:00" testType="13cdc9d9-ddb5-4fa4-a97d-d965ccfc6d4b" outcome="Failed" testListId="8c84fa94-04c1-424b-9868-57a2d4851a1d" relativeResultsDirectory="cd7b2330-f9d3-4d33-97a2-d84cbeef7196">
      <Output>
        <ErrorInfo>
          <Message>Test method LDAP_Library_UnitTest.localhost.LocalhostEnvironment.TestChangeUserPassword threw exception: 
System.UnauthorizedAccessException: Access to the path 'C:\Program Files (x86)\Microsoft Visual Studio 12.0\Common7\IDE\LDAPLog.txt' is denied.</Message>
          <StackTrace>    at System.IO.__Error.WinIOError(Int32 errorCode, String maybeFullPath)
   at System.IO.FileStream.Init(String path, FileMode mode, FileAccess access, Int32 rights, Boolean useRights, FileShare share, Int32 bufferSize, FileOptions options, SECURITY_ATTRIBUTES secAttrs, String msgPath, Boolean bFromProxy, Boolean useLongPath, Boolean checkHost)
   at System.IO.FileStream..ctor(String path, FileMode mode, FileAccess access, FileShare share, Int32 bufferSize, FileOptions options, String msgPath, Boolean bFromProxy, Boolean useLongPath, Boolean checkHost)
   at System.IO.StreamWriter.CreateFile(String path, Boolean append, Boolean checkHost)
   at System.IO.StreamWriter..ctor(String path, Boolean append, Encoding encoding, Int32 bufferSize, Boolean checkHost)
   at System.IO.StreamWriter..ctor(String path, Boolean append, Encoding encoding, Int32 bufferSize)
   at System.IO.StreamWriter..ctor(String path, Boolean append)
   at LDAPLibrary.Logger.FileLogger.Write(String message) in c:\work\LDAP-Library\LDAPLibrary\Logger\FileLogger.cs:line 21
   at LDAPLibrary.LdapManager..ctor(ILdapUser adminUser, LDAPAdminMode adminMode, String ldapServer, String ldapSearchBaseDn, AuthType authType, Boolean secureSocketLayerFlag, Boolean transportSocketLayerFlag, Boolean clientCertificateFlag, String clientCertificatePath, LoggerType loggerType, String logPath, String userObjectClass, String matchFieldUsername) in c:\work\LDAP-Library\LDAPLibrary\LDAPManager.cs:line 107
   at LDAP_Library_UnitTest.localhost.LocalhostEnvironment.TestCompleteInitLibrary() in c:\work\LDAP-Library\LDAPLibraryUnitTest\localhost\LocalhostEnvironment.cs:line 91
   at LDAP_Library_UnitTest.localhost.LocalhostEnvironment.TestAdminConnect() in c:\work\LDAP-Library\LDAPLibraryUnitTest\localhost\LocalhostEnvironment.cs:line 113
   at LDAP_Library_UnitTest.localhost.LocalhostEnvironment.TestChangeUserPassword() in c:\work\LDAP-Library\LDAPLibraryUnitTest\localhost\LocalhostEnvironment.cs:line 227
</StackTrace>
        </ErrorInfo>
      </Output>
    </UnitTestResult>
    <UnitTestResult executionId="f2f8e81f-8471-4dc6-8b11-d253b2536a76" testId="53b55fa9-4f60-2366-bc54-8deaa69e9fc7" testName="TestCompleteInitLibrary" computerName="BENINI" duration="00:00:00.0009248" startTime="2015-12-03T14:30:08.6299625+01:00" endTime="2015-12-03T14:30:08.6319644+01:00" testType="13cdc9d9-ddb5-4fa4-a97d-d965ccfc6d4b" outcome="Failed" testListId="8c84fa94-04c1-424b-9868-57a2d4851a1d" relativeResultsDirectory="f2f8e81f-8471-4dc6-8b11-d253b2536a76">
      <Output>
        <ErrorInfo>
          <Message>Test method LDAP_Library_UnitTest.localhost.LocalhostEnvironment.TestCompleteInitLibrary threw exception: 
System.UnauthorizedAccessException: Access to the path 'C:\Program Files (x86)\Microsoft Visual Studio 12.0\Common7\IDE\LDAPLog.txt' is denied.</Message>
          <StackTrace>    at System.IO.__Error.WinIOError(Int32 errorCode, String maybeFullPath)
   at System.IO.FileStream.Init(String path, FileMode mode, FileAccess access, Int32 rights, Boolean useRights, FileShare share, Int32 bufferSize, FileOptions options, SECURITY_ATTRIBUTES secAttrs, String msgPath, Boolean bFromProxy, Boolean useLongPath, Boolean checkHost)
   at System.IO.FileStream..ctor(String path, FileMode mode, FileAccess access, FileShare share, Int32 bufferSize, FileOptions options, String msgPath, Boolean bFromProxy, Boolean useLongPath, Boolean checkHost)
   at System.IO.StreamWriter.CreateFile(String path, Boolean append, Boolean checkHost)
   at System.IO.StreamWriter..ctor(String path, Boolean append, Encoding encoding, Int32 bufferSize, Boolean checkHost)
   at System.IO.StreamWriter..ctor(String path, Boolean append, Encoding encoding, Int32 bufferSize)
   at System.IO.StreamWriter..ctor(String path, Boolean append)
   at LDAPLibrary.Logger.FileLogger.Write(String message) in c:\work\LDAP-Library\LDAPLibrary\Logger\FileLogger.cs:line 21
   at LDAPLibrary.LdapManager..ctor(ILdapUser adminUser, LDAPAdminMode adminMode, String ldapServer, String ldapSearchBaseDn, AuthType authType, Boolean secureSocketLayerFlag, Boolean transportSocketLayerFlag, Boolean clientCertificateFlag, String clientCertificatePath, LoggerType loggerType, String logPath, String userObjectClass, String matchFieldUsername) in c:\work\LDAP-Library\LDAPLibrary\LDAPManager.cs:line 107
   at LDAP_Library_UnitTest.localhost.LocalhostEnvironment.TestCompleteInitLibrary() in c:\work\LDAP-Library\LDAPLibraryUnitTest\localhost\LocalhostEnvironment.cs:line 91
</StackTrace>
        </ErrorInfo>
      </Output>
    </UnitTestResult>
    <UnitTestResult executionId="4c998876-d090-48de-b979-b077e3be0ddb" testId="a547eeac-07cb-5fa1-84ca-a54391e83e55" testName="TestCreateUser" computerName="BENINI" duration="00:00:00.0017764" startTime="2015-12-03T14:30:08.6319644+01:00" endTime="2015-12-03T14:30:08.6339664+01:00" testType="13cdc9d9-ddb5-4fa4-a97d-d965ccfc6d4b" outcome="Failed" testListId="8c84fa94-04c1-424b-9868-57a2d4851a1d" relativeResultsDirectory="4c998876-d090-48de-b979-b077e3be0ddb">
      <Output>
        <ErrorInfo>
          <Message>Test method LDAP_Library_UnitTest.localhost.LocalhostEnvironment.TestCreateUser threw exception: 
System.UnauthorizedAccessException: Access to the path 'C:\Program Files (x86)\Microsoft Visual Studio 12.0\Common7\IDE\LDAPLog.txt' is denied.</Message>
          <StackTrace>    at System.IO.__Error.WinIOError(Int32 errorCode, String maybeFullPath)
   at System.IO.FileStream.Init(String path, FileMode mode, FileAccess access, Int32 rights, Boolean useRights, FileShare share, Int32 bufferSize, FileOptions options, SECURITY_ATTRIBUTES secAttrs, String msgPath, Boolean bFromProxy, Boolean useLongPath, Boolean checkHost)
   at System.IO.FileStream..ctor(String path, FileMode mode, FileAccess access, FileShare share, Int32 bufferSize, FileOptions options, String msgPath, Boolean bFromProxy, Boolean useLongPath, Boolean checkHost)
   at System.IO.StreamWriter.CreateFile(String path, Boolean append, Boolean checkHost)
   at System.IO.StreamWriter..ctor(String path, Boolean append, Encoding encoding, Int32 bufferSize, Boolean checkHost)
   at System.IO.StreamWriter..ctor(String path, Boolean append, Encoding encoding, Int32 bufferSize)
   at System.IO.StreamWriter..ctor(String path, Boolean append)
   at LDAPLibrary.Logger.FileLogger.Write(String message) in c:\work\LDAP-Library\LDAPLibrary\Logger\FileLogger.cs:line 21
   at LDAPLibrary.LdapManager..ctor(ILdapUser adminUser, LDAPAdminMode adminMode, String ldapServer, String ldapSearchBaseDn, AuthType authType, Boolean secureSocketLayerFlag, Boolean transportSocketLayerFlag, Boolean clientCertificateFlag, String clientCertificatePath, LoggerType loggerType, String logPath, String userObjectClass, String matchFieldUsername) in c:\work\LDAP-Library\LDAPLibrary\LDAPManager.cs:line 107
   at LDAP_Library_UnitTest.localhost.LocalhostEnvironment.TestCompleteInitLibrary() in c:\work\LDAP-Library\LDAPLibraryUnitTest\localhost\LocalhostEnvironment.cs:line 91
   at LDAP_Library_UnitTest.localhost.LocalhostEnvironment.TestAdminConnect() in c:\work\LDAP-Library\LDAPLibraryUnitTest\localhost\LocalhostEnvironment.cs:line 113
   at LDAP_Library_UnitTest.localhost.LocalhostEnvironment.TestCreateUser() in c:\work\LDAP-Library\LDAPLibraryUnitTest\localhost\LocalhostEnvironment.cs:line 131
</StackTrace>
        </ErrorInfo>
      </Output>
    </UnitTestResult>
    <UnitTestResult executionId="35d668b2-2e71-4c2b-a72d-a5e22555b989" testId="55c8b2af-57af-84e9-fd7c-bbadc1997b82" testName="TestDeleteUser" computerName="BENINI" duration="00:00:00.0015462" startTime="2015-12-03T14:30:08.6349693+01:00" endTime="2015-12-03T14:30:08.6369692+01:00" testType="13cdc9d9-ddb5-4fa4-a97d-d965ccfc6d4b" outcome="Failed" testListId="8c84fa94-04c1-424b-9868-57a2d4851a1d" relativeResultsDirectory="35d668b2-2e71-4c2b-a72d-a5e22555b989">
      <Output>
        <ErrorInfo>
          <Message>Test method LDAP_Library_UnitTest.localhost.LocalhostEnvironment.TestDeleteUser threw exception: 
System.UnauthorizedAccessException: Access to the path 'C:\Program Files (x86)\Microsoft Visual Studio 12.0\Common7\IDE\LDAPLog.txt' is denied.</Message>
          <StackTrace>    at System.IO.__Error.WinIOError(Int32 errorCode, String maybeFullPath)
   at System.IO.FileStream.Init(String path, FileMode mode, FileAccess access, Int32 rights, Boolean useRights, FileShare share, Int32 bufferSize, FileOptions options, SECURITY_ATTRIBUTES secAttrs, String msgPath, Boolean bFromProxy, Boolean useLongPath, Boolean checkHost)
   at System.IO.FileStream..ctor(String path, FileMode mode, FileAccess access, FileShare share, Int32 bufferSize, FileOptions options, String msgPath, Boolean bFromProxy, Boolean useLongPath, Boolean checkHost)
   at System.IO.StreamWriter.CreateFile(String path, Boolean append, Boolean checkHost)
   at System.IO.StreamWriter..ctor(String path, Boolean append, Encoding encoding, Int32 bufferSize, Boolean checkHost)
   at System.IO.StreamWriter..ctor(String path, Boolean append, Encoding encoding, Int32 bufferSize)
   at System.IO.StreamWriter..ctor(String path, Boolean append)
   at LDAPLibrary.Logger.FileLogger.Write(String message) in c:\work\LDAP-Library\LDAPLibrary\Logger\FileLogger.cs:line 21
   at LDAPLibrary.LdapManager..ctor(ILdapUser adminUser, LDAPAdminMode adminMode, String ldapServer, String ldapSearchBaseDn, AuthType authType, Boolean secureSocketLayerFlag, Boolean transportSocketLayerFlag, Boolean clientCertificateFlag, String clientCertificatePath, LoggerType loggerType, String logPath, String userObjectClass, String matchFieldUsername) in c:\work\LDAP-Library\LDAPLibrary\LDAPManager.cs:line 107
   at LDAP_Library_UnitTest.localhost.LocalhostEnvironment.TestCompleteInitLibrary() in c:\work\LDAP-Library\LDAPLibraryUnitTest\localhost\LocalhostEnvironment.cs:line 91
   at LDAP_Library_UnitTest.localhost.LocalhostEnvironment.TestAdminConnect() in c:\work\LDAP-Library\LDAPLibraryUnitTest\localhost\LocalhostEnvironment.cs:line 113
   at LDAP_Library_UnitTest.localhost.LocalhostEnvironment.TestDeleteUser() in c:\work\LDAP-Library\LDAPLibraryUnitTest\localhost\LocalhostEnvironment.cs:line 160
</StackTrace>
        </ErrorInfo>
      </Output>
    </UnitTestResult>
    <UnitTestResult executionId="8db5e884-6904-44b4-b4d0-b23b40fa8dcf" testId="f4cd112b-1be8-023a-2258-6f3159a4c6a6" testName="TestModifyUserAttribute" computerName="BENINI" duration="00:00:00.0022729" startTime="2015-12-03T14:30:08.6379701+01:00" endTime="2015-12-03T14:30:08.6409726+01:00" testType="13cdc9d9-ddb5-4fa4-a97d-d965ccfc6d4b" outcome="Failed" testListId="8c84fa94-04c1-424b-9868-57a2d4851a1d" relativeResultsDirectory="8db5e884-6904-44b4-b4d0-b23b40fa8dcf">
      <Output>
        <ErrorInfo>
          <Message>Test method LDAP_Library_UnitTest.localhost.LocalhostEnvironment.TestModifyUserAttribute threw exception: 
System.UnauthorizedAccessException: Access to the path 'C:\Program Files (x86)\Microsoft Visual Studio 12.0\Common7\IDE\LDAPLog.txt' is denied.</Message>
          <StackTrace>    at System.IO.__Error.WinIOError(Int32 errorCode, String maybeFullPath)
   at System.IO.FileStream.Init(String path, FileMode mode, FileAccess access, Int32 rights, Boolean useRights, FileShare share, Int32 bufferSize, FileOptions options, SECURITY_ATTRIBUTES secAttrs, String msgPath, Boolean bFromProxy, Boolean useLongPath, Boolean checkHost)
   at System.IO.FileStream..ctor(String path, FileMode mode, FileAccess access, FileShare share, Int32 bufferSize, FileOptions options, String msgPath, Boolean bFromProxy, Boolean useLongPath, Boolean checkHost)
   at System.IO.StreamWriter.CreateFile(String path, Boolean append, Boolean checkHost)
   at System.IO.StreamWriter..ctor(String path, Boolean append, Encoding encoding, Int32 bufferSize, Boolean checkHost)
   at System.IO.StreamWriter..ctor(String path, Boolean append, Encoding encoding, Int32 bufferSize)
   at System.IO.StreamWriter..ctor(String path, Boolean append)
   at LDAPLibrary.Logger.FileLogger.Write(String message) in c:\work\LDAP-Library\LDAPLibrary\Logger\FileLogger.cs:line 21
   at LDAPLibrary.LdapManager..ctor(ILdapUser adminUser, LDAPAdminMode adminMode, String ldapServer, String ldapSearchBaseDn, AuthType authType, Boolean secureSocketLayerFlag, Boolean transportSocketLayerFlag, Boolean clientCertificateFlag, String clientCertificatePath, LoggerType loggerType, String logPath, String userObjectClass, String matchFieldUsername) in c:\work\LDAP-Library\LDAPLibrary\LDAPManager.cs:line 107
   at LDAP_Library_UnitTest.localhost.LocalhostEnvironment.TestCompleteInitLibrary() in c:\work\LDAP-Library\LDAPLibraryUnitTest\localhost\LocalhostEnvironment.cs:line 91
   at LDAP_Library_UnitTest.localhost.LocalhostEnvironment.TestAdminConnect() in c:\work\LDAP-Library\LDAPLibraryUnitTest\localhost\LocalhostEnvironment.cs:line 113
   at LDAP_Library_UnitTest.localhost.LocalhostEnvironment.TestModifyUserAttribute() in c:\work\LDAP-Library\LDAPLibraryUnitTest\localhost\LocalhostEnvironment.cs:line 186
</StackTrace>
        </ErrorInfo>
      </Output>
    </UnitTestResult>
    <UnitTestResult executionId="589ec55d-2c45-4995-bca8-8cd8550467f3" testId="36f7e929-32ac-5326-68fe-93bf486dc2ba" testName="TestSearchUser" computerName="BENINI" duration="00:00:00.0018297" startTime="2015-12-03T14:30:08.6409726+01:00" endTime="2015-12-03T14:30:08.6439754+01:00" testType="13cdc9d9-ddb5-4fa4-a97d-d965ccfc6d4b" outcome="Failed" testListId="8c84fa94-04c1-424b-9868-57a2d4851a1d" relativeResultsDirectory="589ec55d-2c45-4995-bca8-8cd8550467f3">
      <Output>
        <ErrorInfo>
          <Message>Test method LDAP_Library_UnitTest.localhost.LocalhostEnvironment.TestSearchUser threw exception: 
System.UnauthorizedAccessException: Access to the path 'C:\Program Files (x86)\Microsoft Visual Studio 12.0\Common7\IDE\LDAPLog.txt' is denied.</Message>
          <StackTrace>    at System.IO.__Error.WinIOError(Int32 errorCode, String maybeFullPath)
   at System.IO.FileStream.Init(String path, FileMode mode, FileAccess access, Int32 rights, Boolean useRights, FileShare share, Int32 bufferSize, FileOptions options, SECURITY_ATTRIBUTES secAttrs, String msgPath, Boolean bFromProxy, Boolean useLongPath, Boolean checkHost)
   at System.IO.FileStream..ctor(String path, FileMode mode, FileAccess access, FileShare share, Int32 bufferSize, FileOptions options, String msgPath, Boolean bFromProxy, Boolean useLongPath, Boolean checkHost)
   at System.IO.StreamWriter.CreateFile(String path, Boolean append, Boolean checkHost)
   at System.IO.StreamWriter..ctor(String path, Boolean append, Encoding encoding, Int32 bufferSize, Boolean checkHost)
   at System.IO.StreamWriter..ctor(String path, Boolean append, Encoding encoding, Int32 bufferSize)
   at System.IO.StreamWriter..ctor(String path, Boolean append)
   at LDAPLibrary.Logger.FileLogger.Write(String message) in c:\work\LDAP-Library\LDAPLibrary\Logger\FileLogger.cs:line 21
   at LDAPLibrary.LdapManager..ctor(ILdapUser adminUser, LDAPAdminMode adminMode, String ldapServer, String ldapSearchBaseDn, AuthType authType, Boolean secureSocketLayerFlag, Boolean transportSocketLayerFlag, Boolean clientCertificateFlag, String clientCertificatePath, LoggerType loggerType, String logPath, String userObjectClass, String matchFieldUsername) in c:\work\LDAP-Library\LDAPLibrary\LDAPManager.cs:line 107
   at LDAP_Library_UnitTest.localhost.LocalhostEnvironment.TestCompleteInitLibrary() in c:\work\LDAP-Library\LDAPLibraryUnitTest\localhost\LocalhostEnvironment.cs:line 91
   at LDAP_Library_UnitTest.localhost.LocalhostEnvironment.TestAdminConnect() in c:\work\LDAP-Library\LDAPLibraryUnitTest\localhost\LocalhostEnvironment.cs:line 113
   at LDAP_Library_UnitTest.localhost.LocalhostEnvironment.TestSearchUser() in c:\work\LDAP-Library\LDAPLibraryUnitTest\localhost\LocalhostEnvironment.cs:line 345
</StackTrace>
        </ErrorInfo>
      </Output>
    </UnitTestResult>
    <UnitTestResult executionId="60290600-336b-461f-b42a-c0ddfac26044" testId="f255adad-1fa8-ac66-1d27-475f3676f192" testName="TestSearchUserAndConnect" computerName="BENINI" duration="00:00:00.0015406" startTime="2015-12-03T14:30:08.6439754+01:00" endTime="2015-12-03T14:30:08.6459771+01:00" testType="13cdc9d9-ddb5-4fa4-a97d-d965ccfc6d4b" outcome="Failed" testListId="8c84fa94-04c1-424b-9868-57a2d4851a1d" relativeResultsDirectory="60290600-336b-461f-b42a-c0ddfac26044">
      <Output>
        <ErrorInfo>
          <Message>Test method LDAP_Library_UnitTest.localhost.LocalhostEnvironment.TestSearchUserAndConnect threw exception: 
System.UnauthorizedAccessException: Access to the path 'C:\Program Files (x86)\Microsoft Visual Studio 12.0\Common7\IDE\LDAPLog.txt' is denied.</Message>
          <StackTrace>    at System.IO.__Error.WinIOError(Int32 errorCode, String maybeFullPath)
   at System.IO.FileStream.Init(String path, FileMode mode, FileAccess access, Int32 rights, Boolean useRights, FileShare share, Int32 bufferSize, FileOptions options, SECURITY_ATTRIBUTES secAttrs, String msgPath, Boolean bFromProxy, Boolean useLongPath, Boolean checkHost)
   at System.IO.FileStream..ctor(String path, FileMode mode, FileAccess access, FileShare share, Int32 bufferSize, FileOptions options, String msgPath, Boolean bFromProxy, Boolean useLongPath, Boolean checkHost)
   at System.IO.StreamWriter.CreateFile(String path, Boolean append, Boolean checkHost)
   at System.IO.StreamWriter..ctor(String path, Boolean append, Encoding encoding, Int32 bufferSize, Boolean checkHost)
   at System.IO.StreamWriter..ctor(String path, Boolean append, Encoding encoding, Int32 bufferSize)
   at System.IO.StreamWriter..ctor(String path, Boolean append)
   at LDAPLibrary.Logger.FileLogger.Write(String message) in c:\work\LDAP-Library\LDAPLibrary\Logger\FileLogger.cs:line 21
   at LDAPLibrary.LdapManager..ctor(ILdapUser adminUser, LDAPAdminMode adminMode, String ldapServer, String ldapSearchBaseDn, AuthType authType, Boolean secureSocketLayerFlag, Boolean transportSocketLayerFlag, Boolean clientCertificateFlag, String clientCertificatePath, LoggerType loggerType, String logPath, String userObjectClass, String matchFieldUsername) in c:\work\LDAP-Library\LDAPLibrary\LDAPManager.cs:line 107
   at LDAP_Library_UnitTest.localhost.LocalhostEnvironment.TestCompleteInitLibrary() in c:\work\LDAP-Library\LDAPLibraryUnitTest\localhost\LocalhostEnvironment.cs:line 91
   at LDAP_Library_UnitTest.localhost.LocalhostEnvironment.TestAdminConnect() in c:\work\LDAP-Library\LDAPLibraryUnitTest\localhost\LocalhostEnvironment.cs:line 113
   at LDAP_Library_UnitTest.localhost.LocalhostEnvironment.TestSearchUserAndConnect() in c:\work\LDAP-Library\LDAPLibraryUnitTest\localhost\LocalhostEnvironment.cs:line 319
</StackTrace>
        </ErrorInfo>
      </Output>
    </UnitTestResult>
    <UnitTestResult executionId="aae31f9e-0a5a-4428-a4ac-da5b3529db00" testId="225a00ef-cc8c-b5a1-85de-70cc0d3996fb" testName="TestSearchUserAndConnectWithoutWritePermissions" computerName="BENINI" duration="00:00:00.0012773" startTime="2015-12-03T14:30:08.6459771+01:00" endTime="2015-12-03T14:30:08.6479794+01:00" testType="13cdc9d9-ddb5-4fa4-a97d-d965ccfc6d4b" outcome="Failed" testListId="8c84fa94-04c1-424b-9868-57a2d4851a1d" relativeResultsDirectory="aae31f9e-0a5a-4428-a4ac-da5b3529db00">
      <Output>
        <ErrorInfo>
          <Message>Test method LDAP_Library_UnitTest.localhost.LocalhostEnvironment.TestSearchUserAndConnectWithoutWritePermissions threw exception: 
System.UnauthorizedAccessException: Access to the path 'C:\Program Files (x86)\Microsoft Visual Studio 12.0\Common7\IDE\LDAPLog.txt' is denied.</Message>
          <StackTrace>    at System.IO.__Error.WinIOError(Int32 errorCode, String maybeFullPath)
   at System.IO.FileStream.Init(String path, FileMode mode, FileAccess access, Int32 rights, Boolean useRights, FileShare share, Int32 bufferSize, FileOptions options, SECURITY_ATTRIBUTES secAttrs, String msgPath, Boolean bFromProxy, Boolean useLongPath, Boolean checkHost)
   at System.IO.FileStream..ctor(String path, FileMode mode, FileAccess access, FileShare share, Int32 bufferSize, FileOptions options, String msgPath, Boolean bFromProxy, Boolean useLongPath, Boolean checkHost)
   at System.IO.StreamWriter.CreateFile(String path, Boolean append, Boolean checkHost)
   at System.IO.StreamWriter..ctor(String path, Boolean append, Encoding encoding, Int32 bufferSize, Boolean checkHost)
   at System.IO.StreamWriter..ctor(String path, Boolean append, Encoding encoding, Int32 bufferSize)
   at System.IO.StreamWriter..ctor(String path, Boolean append)
   at LDAPLibrary.Logger.FileLogger.Write(String message) in c:\work\LDAP-Library\LDAPLibrary\Logger\FileLogger.cs:line 21
   at LDAPLibrary.LdapManager..ctor(ILdapUser adminUser, LDAPAdminMode adminMode, String ldapServer, String ldapSearchBaseDn, AuthType authType, Boolean secureSocketLayerFlag, Boolean transportSocketLayerFlag, Boolean clientCertificateFlag, String clientCertificatePath, LoggerType loggerType, String logPath, String userObjectClass, String matchFieldUsername) in c:\work\LDAP-Library\LDAPLibrary\LDAPManager.cs:line 107
   at LDAP_Library_UnitTest.localhost.LocalhostEnvironment.TestCompleteInitLibrary() in c:\work\LDAP-Library\LDAPLibraryUnitTest\localhost\LocalhostEnvironment.cs:line 91
   at LDAP_Library_UnitTest.localhost.LocalhostEnvironment.TestAdminConnect() in c:\work\LDAP-Library\LDAPLibraryUnitTest\localhost\LocalhostEnvironment.cs:line 113
   at LDAP_Library_UnitTest.localhost.LocalhostEnvironment.TestSearchUserAndConnectWithoutWritePermissions() in c:\work\LDAP-Library\LDAPLibraryUnitTest\localhost\LocalhostEnvironment.cs:line 398
</StackTrace>
        </ErrorInfo>
      </Output>
    </UnitTestResult>
    <UnitTestResult executionId="dc154ad7-ca07-4ad0-9ab7-fc33543840de" testId="650d442c-4d98-870c-67c5-76945ed4df1c" testName="TestUserConnect" computerName="BENINI" duration="00:00:00.0015409" startTime="2015-12-03T14:30:08.6489802+01:00" endTime="2015-12-03T14:30:08.6499811+01:00" testType="13cdc9d9-ddb5-4fa4-a97d-d965ccfc6d4b" outcome="Failed" testListId="8c84fa94-04c1-424b-9868-57a2d4851a1d" relativeResultsDirectory="dc154ad7-ca07-4ad0-9ab7-fc33543840de">
      <Output>
        <ErrorInfo>
          <Message>Test method LDAP_Library_UnitTest.localhost.LocalhostEnvironment.TestUserConnect threw exception: 
System.UnauthorizedAccessException: Access to the path 'C:\Program Files (x86)\Microsoft Visual Studio 12.0\Common7\IDE\LDAPLog.txt' is denied.</Message>
          <StackTrace>    at System.IO.__Error.WinIOError(Int32 errorCode, String maybeFullPath)
   at System.IO.FileStream.Init(String path, FileMode mode, FileAccess access, Int32 rights, Boolean useRights, FileShare share, Int32 bufferSize, FileOptions options, SECURITY_ATTRIBUTES secAttrs, String msgPath, Boolean bFromProxy, Boolean useLongPath, Boolean checkHost)
   at System.IO.FileStream..ctor(String path, FileMode mode, FileAccess access, FileShare share, Int32 bufferSize, FileOptions options, String msgPath, Boolean bFromProxy, Boolean useLongPath, Boolean checkHost)
   at System.IO.StreamWriter.CreateFile(String path, Boolean append, Boolean checkHost)
   at System.IO.StreamWriter..ctor(String path, Boolean append, Encoding encoding, Int32 bufferSize, Boolean checkHost)
   at System.IO.StreamWriter..ctor(String path, Boolean append, Encoding encoding, Int32 bufferSize)
   at System.IO.StreamWriter..ctor(String path, Boolean append)
   at LDAPLibrary.Logger.FileLogger.Write(String message) in c:\work\LDAP-Library\LDAPLibrary\Logger\FileLogger.cs:line 21
   at LDAPLibrary.LdapManager..ctor(ILdapUser adminUser, LDAPAdminMode adminMode, String ldapServer, String ldapSearchBaseDn, AuthType authType, Boolean secureSocketLayerFlag, Boolean transportSocketLayerFlag, Boolean clientCertificateFlag, String clientCertificatePath, LoggerType loggerType, String logPath, String userObjectClass, String matchFieldUsername) in c:\work\LDAP-Library\LDAPLibrary\LDAPManager.cs:line 107
   at LDAP_Library_UnitTest.localhost.LocalhostEnvironment.TestCompleteInitLibrary() in c:\work\LDAP-Library\LDAPLibraryUnitTest\localhost\LocalhostEnvironment.cs:line 91
   at LDAP_Library_UnitTest.localhost.LocalhostEnvironment.TestAdminConnect() in c:\work\LDAP-Library\LDAPLibraryUnitTest\localhost\LocalhostEnvironment.cs:line 113
   at LDAP_Library_UnitTest.localhost.LocalhostEnvironment.TestUserConnect() in c:\work\LDAP-Library\LDAPLibraryUnitTest\localhost\LocalhostEnvironment.cs:line 276
</StackTrace>
        </ErrorInfo>
      </Output>
    </UnitTestResult>
    <UnitTestResult executionId="f5f621ee-ad28-464c-9707-1bbfd762170d" testId="8ee2fbdc-3601-c19f-2611-4ad0b59baf39" testName="TestUserConnectWithoutWritePermissions" computerName="BENINI" duration="00:00:00.0014906" startTime="2015-12-03T14:30:08.6509822+01:00" endTime="2015-12-03T14:30:08.6537141+01:00" testType="13cdc9d9-ddb5-4fa4-a97d-d965ccfc6d4b" outcome="Failed" testListId="8c84fa94-04c1-424b-9868-57a2d4851a1d" relativeResultsDirectory="f5f621ee-ad28-464c-9707-1bbfd762170d">
      <Output>
        <ErrorInfo>
          <Message>Test method LDAP_Library_UnitTest.localhost.LocalhostEnvironment.TestUserConnectWithoutWritePermissions threw exception: 
System.UnauthorizedAccessException: Access to the path 'C:\Program Files (x86)\Microsoft Visual Studio 12.0\Common7\IDE\LDAPLog.txt' is denied.</Message>
          <StackTrace>    at System.IO.__Error.WinIOError(Int32 errorCode, String maybeFullPath)
   at System.IO.FileStream.Init(String path, FileMode mode, FileAccess access, Int32 rights, Boolean useRights, FileShare share, Int32 bufferSize, FileOptions options, SECURITY_ATTRIBUTES secAttrs, String msgPath, Boolean bFromProxy, Boolean useLongPath, Boolean checkHost)
   at System.IO.FileStream..ctor(String path, FileMode mode, FileAccess access, FileShare share, Int32 bufferSize, FileOptions options, String msgPath, Boolean bFromProxy, Boolean useLongPath, Boolean checkHost)
   at System.IO.StreamWriter.CreateFile(String path, Boolean append, Boolean checkHost)
   at System.IO.StreamWriter..ctor(String path, Boolean append, Encoding encoding, Int32 bufferSize, Boolean checkHost)
   at System.IO.StreamWriter..ctor(String path, Boolean append, Encoding encoding, Int32 bufferSize)
   at System.IO.StreamWriter..ctor(String path, Boolean append)
   at LDAPLibrary.Logger.FileLogger.Write(String message) in c:\work\LDAP-Library\LDAPLibrary\Logger\FileLogger.cs:line 21
   at LDAPLibrary.LdapManager..ctor(ILdapUser adminUser, LDAPAdminMode adminMode, String ldapServer, String ldapSearchBaseDn, AuthType authType, Boolean secureSocketLayerFlag, Boolean transportSocketLayerFlag, Boolean clientCertificateFlag, String clientCertificatePath, LoggerType loggerType, String logPath, String userObjectClass, String matchFieldUsername) in c:\work\LDAP-Library\LDAPLibrary\LDAPManager.cs:line 107
   at LDAP_Library_UnitTest.localhost.LocalhostEnvironment.TestCompleteInitLibrary() in c:\work\LDAP-Library\LDAPLibraryUnitTest\localhost\LocalhostEnvironment.cs:line 91
   at LDAP_Library_UnitTest.localhost.LocalhostEnvironment.TestAdminConnect() in c:\work\LDAP-Library\LDAPLibraryUnitTest\localhost\LocalhostEnvironment.cs:line 113
   at LDAP_Library_UnitTest.localhost.LocalhostEnvironment.TestUserConnectWithoutWritePermissions() in c:\work\LDAP-Library\LDAPLibraryUnitTest\localhost\LocalhostEnvironment.cs:line 384
</StackTrace>
        </ErrorInfo>
      </Output>
    </UnitTestResult>
    <UnitTestResult executionId="02a54990-19a0-46d1-9fd7-85797674450f" testId="5629e372-fc9e-e979-85ca-c14e26697764" testName="TestAdminConnect" computerName="BENINI" duration="00:00:00.0018981" startTime="2015-12-03T14:30:08.6542150+01:00" endTime="2015-12-03T14:30:08.6567170+01:00" testType="13cdc9d9-ddb5-4fa4-a97d-d965ccfc6d4b" outcome="Failed" testListId="8c84fa94-04c1-424b-9868-57a2d4851a1d" relativeResultsDirectory="02a54990-19a0-46d1-9fd7-85797674450f">
      <Output>
        <ErrorInfo>
          <Message>Test method LDAP_Library_UnitTest.localhost.LocalhostEnvironmentAnonymous.TestAdminConnect threw exception: 
System.UnauthorizedAccessException: Access to the path 'C:\Program Files (x86)\Microsoft Visual Studio 12.0\Common7\IDE\LDAPLog.txt' is denied.</Message>
          <StackTrace>    at System.IO.__Error.WinIOError(Int32 errorCode, String maybeFullPath)
   at System.IO.FileStream.Init(String path, FileMode mode, FileAccess access, Int32 rights, Boolean useRights, FileShare share, Int32 bufferSize, FileOptions options, SECURITY_ATTRIBUTES secAttrs, String msgPath, Boolean bFromProxy, Boolean useLongPath, Boolean checkHost)
   at System.IO.FileStream..ctor(String path, FileMode mode, FileAccess access, FileShare share, Int32 bufferSize, FileOptions options, String msgPath, Boolean bFromProxy, Boolean useLongPath, Boolean checkHost)
   at System.IO.StreamWriter.CreateFile(String path, Boolean append, Boolean checkHost)
   at System.IO.StreamWriter..ctor(String path, Boolean append, Encoding encoding, Int32 bufferSize, Boolean checkHost)
   at System.IO.StreamWriter..ctor(String path, Boolean append, Encoding encoding, Int32 bufferSize)
   at System.IO.StreamWriter..ctor(String path, Boolean append)
   at LDAPLibrary.Logger.FileLogger.Write(String message) in c:\work\LDAP-Library\LDAPLibrary\Logger\FileLogger.cs:line 21
   at LDAPLibrary.LdapManager..ctor(ILdapUser adminUser, LDAPAdminMode adminMode, String ldapServer, String ldapSearchBaseDn, AuthType authType, Boolean secureSocketLayerFlag, Boolean transportSocketLayerFlag, Boolean clientCertificateFlag, String clientCertificatePath, LoggerType loggerType, String logPath, String userObjectClass, String matchFieldUsername) in c:\work\LDAP-Library\LDAPLibrary\LDAPManager.cs:line 107
   at LDAP_Library_UnitTest.localhost.LocalhostEnvironmentAnonymous.TestCompleteInitLibrary() in c:\work\LDAP-Library\LDAPLibraryUnitTest\localhost\LocalhostEnvironmentAnonymous.cs:line 68
   at LDAP_Library_UnitTest.localhost.LocalhostEnvironmentAnonymous.TestAdminConnect() in c:\work\LDAP-Library\LDAPLibraryUnitTest\localhost\LocalhostEnvironmentAnonymous.cs:line 102
</StackTrace>
        </ErrorInfo>
      </Output>
    </UnitTestResult>
    <UnitTestResult executionId="29f3cc19-b13b-47a4-9698-5e7c93107995" testId="fac2453c-1cf8-8133-40e3-568085b50276" testName="TestCompleteInitLibrary" computerName="BENINI" duration="00:00:00.0009435" startTime="2015-12-03T14:30:08.6572175+01:00" endTime="2015-12-03T14:30:08.6587189+01:00" testType="13cdc9d9-ddb5-4fa4-a97d-d965ccfc6d4b" outcome="Failed" testListId="8c84fa94-04c1-424b-9868-57a2d4851a1d" relativeResultsDirectory="29f3cc19-b13b-47a4-9698-5e7c93107995">
      <Output>
        <ErrorInfo>
          <Message>Test method LDAP_Library_UnitTest.localhost.LocalhostEnvironmentAnonymous.TestCompleteInitLibrary threw exception: 
System.UnauthorizedAccessException: Access to the path 'C:\Program Files (x86)\Microsoft Visual Studio 12.0\Common7\IDE\LDAPLog.txt' is denied.</Message>
          <StackTrace>    at System.IO.__Error.WinIOError(Int32 errorCode, String maybeFullPath)
   at System.IO.FileStream.Init(String path, FileMode mode, FileAccess access, Int32 rights, Boolean useRights, FileShare share, Int32 bufferSize, FileOptions options, SECURITY_ATTRIBUTES secAttrs, String msgPath, Boolean bFromProxy, Boolean useLongPath, Boolean checkHost)
   at System.IO.FileStream..ctor(String path, FileMode mode, FileAccess access, FileShare share, Int32 bufferSize, FileOptions options, String msgPath, Boolean bFromProxy, Boolean useLongPath, Boolean checkHost)
   at System.IO.StreamWriter.CreateFile(String path, Boolean append, Boolean checkHost)
   at System.IO.StreamWriter..ctor(String path, Boolean append, Encoding encoding, Int32 bufferSize, Boolean checkHost)
   at System.IO.StreamWriter..ctor(String path, Boolean append, Encoding encoding, Int32 bufferSize)
   at System.IO.StreamWriter..ctor(String path, Boolean append)
   at LDAPLibrary.Logger.FileLogger.Write(String message) in c:\work\LDAP-Library\LDAPLibrary\Logger\FileLogger.cs:line 21
   at LDAPLibrary.LdapManager..ctor(ILdapUser adminUser, LDAPAdminMode adminMode, String ldapServer, String ldapSearchBaseDn, AuthType authType, Boolean secureSocketLayerFlag, Boolean transportSocketLayerFlag, Boolean clientCertificateFlag, String clientCertificatePath, LoggerType loggerType, String logPath, String userObjectClass, String matchFieldUsername) in c:\work\LDAP-Library\LDAPLibrary\LDAPManager.cs:line 107
   at LDAP_Library_UnitTest.localhost.LocalhostEnvironmentAnonymous.TestCompleteInitLibrary() in c:\work\LDAP-Library\LDAPLibraryUnitTest\localhost\LocalhostEnvironmentAnonymous.cs:line 68
</StackTrace>
        </ErrorInfo>
      </Output>
    </UnitTestResult>
    <UnitTestResult executionId="795c50ca-e18d-4423-b245-1aa9238f2097" testId="5e7eb3b0-5040-cbb2-a649-8354c84ef620" testName="TestSearchUser" computerName="BENINI" duration="00:00:00.0017472" startTime="2015-12-03T14:30:08.6592198+01:00" endTime="2015-12-03T14:30:08.6612209+01:00" testType="13cdc9d9-ddb5-4fa4-a97d-d965ccfc6d4b" outcome="Failed" testListId="8c84fa94-04c1-424b-9868-57a2d4851a1d" relativeResultsDirectory="795c50ca-e18d-4423-b245-1aa9238f2097">
      <Output>
        <ErrorInfo>
          <Message>Test method LDAP_Library_UnitTest.localhost.LocalhostEnvironmentAnonymous.TestSearchUser threw exception: 
System.UnauthorizedAccessException: Access to the path 'C:\Program Files (x86)\Microsoft Visual Studio 12.0\Common7\IDE\LDAPLog.txt' is denied.</Message>
          <StackTrace>    at System.IO.__Error.WinIOError(Int32 errorCode, String maybeFullPath)
   at System.IO.FileStream.Init(String path, FileMode mode, FileAccess access, Int32 rights, Boolean useRights, FileShare share, Int32 bufferSize, FileOptions options, SECURITY_ATTRIBUTES secAttrs, String msgPath, Boolean bFromProxy, Boolean useLongPath, Boolean checkHost)
   at System.IO.FileStream..ctor(String path, FileMode mode, FileAccess access, FileShare share, Int32 bufferSize, FileOptions options, String msgPath, Boolean bFromProxy, Boolean useLongPath, Boolean checkHost)
   at System.IO.StreamWriter.CreateFile(String path, Boolean append, Boolean checkHost)
   at System.IO.StreamWriter..ctor(String path, Boolean append, Encoding encoding, Int32 bufferSize, Boolean checkHost)
   at System.IO.StreamWriter..ctor(String path, Boolean append, Encoding encoding, Int32 bufferSize)
   at System.IO.StreamWriter..ctor(String path, Boolean append)
   at LDAPLibrary.Logger.FileLogger.Write(String message) in c:\work\LDAP-Library\LDAPLibrary\Logger\FileLogger.cs:line 21
   at LDAPLibrary.LdapManager..ctor(ILdapUser adminUser, LDAPAdminMode adminMode, String ldapServer, String ldapSearchBaseDn, AuthType authType, Boolean secureSocketLayerFlag, Boolean transportSocketLayerFlag, Boolean clientCertificateFlag, String clientCertificatePath, LoggerType loggerType, String logPath, String userObjectClass, String matchFieldUsername) in c:\work\LDAP-Library\LDAPLibrary\LDAPManager.cs:line 107
   at LDAP_Library_UnitTest.localhost.LocalhostEnvironmentAnonymous.TestCompleteInitLibrary() in c:\work\LDAP-Library\LDAPLibraryUnitTest\localhost\LocalhostEnvironmentAnonymous.cs:line 68
   at LDAP_Library_UnitTest.localhost.LocalhostEnvironmentAnonymous.TestAdminConnect() in c:\work\LDAP-Library\LDAPLibraryUnitTest\localhost\LocalhostEnvironmentAnonymous.cs:line 102
   at LDAP_Library_UnitTest.localhost.LocalhostEnvironmentAnonymous.TestSearchUser() in c:\work\LDAP-Library\LDAPLibraryUnitTest\localhost\LocalhostEnvironmentAnonymous.cs:line 115
</StackTrace>
        </ErrorInfo>
      </Output>
    </UnitTestResult>
    <UnitTestResult executionId="0e9eaf4b-90ae-4725-906d-895984a5d922" testId="9422446c-f975-6424-e8f5-6776264a85d9" testName="TestSearchUserAndConnectWithoutWritePermissions" computerName="BENINI" duration="00:00:00.0012478" startTime="2015-12-03T14:30:08.6617215+01:00" endTime="2015-12-03T14:30:08.6632229+01:00" testType="13cdc9d9-ddb5-4fa4-a97d-d965ccfc6d4b" outcome="Failed" testListId="8c84fa94-04c1-424b-9868-57a2d4851a1d" relativeResultsDirectory="0e9eaf4b-90ae-4725-906d-895984a5d922">
      <Output>
        <ErrorInfo>
          <Message>Test method LDAP_Library_UnitTest.localhost.LocalhostEnvironmentAnonymous.TestSearchUserAndConnectWithoutWritePermissions threw exception: 
System.UnauthorizedAccessException: Access to the path 'C:\Program Files (x86)\Microsoft Visual Studio 12.0\Common7\IDE\LDAPLog.txt' is denied.</Message>
          <StackTrace>    at System.IO.__Error.WinIOError(Int32 errorCode, String maybeFullPath)
   at System.IO.FileStream.Init(String path, FileMode mode, FileAccess access, Int32 rights, Boolean useRights, FileShare share, Int32 bufferSize, FileOptions options, SECURITY_ATTRIBUTES secAttrs, String msgPath, Boolean bFromProxy, Boolean useLongPath, Boolean checkHost)
   at System.IO.FileStream..ctor(String path, FileMode mode, FileAccess access, FileShare share, Int32 bufferSize, FileOptions options, String msgPath, Boolean bFromProxy, Boolean useLongPath, Boolean checkHost)
   at System.IO.StreamWriter.CreateFile(String path, Boolean append, Boolean checkHost)
   at System.IO.StreamWriter..ctor(String path, Boolean append, Encoding encoding, Int32 bufferSize, Boolean checkHost)
   at System.IO.StreamWriter..ctor(String path, Boolean append, Encoding encoding, Int32 bufferSize)
   at System.IO.StreamWriter..ctor(String path, Boolean append)
   at LDAPLibrary.Logger.FileLogger.Write(String message) in c:\work\LDAP-Library\LDAPLibrary\Logger\FileLogger.cs:line 21
   at LDAPLibrary.LdapManager..ctor(ILdapUser adminUser, LDAPAdminMode adminMode, String ldapServer, String ldapSearchBaseDn, AuthType authType, Boolean secureSocketLayerFlag, Boolean transportSocketLayerFlag, Boolean clientCertificateFlag, String clientCertificatePath, LoggerType loggerType, String logPath, String userObjectClass, String matchFieldUsername) in c:\work\LDAP-Library\LDAPLibrary\LDAPManager.cs:line 107
   at LDAP_Library_UnitTest.localhost.LocalhostEnvironmentAnonymous.TestCompleteInitLibrary() in c:\work\LDAP-Library\LDAPLibraryUnitTest\localhost\LocalhostEnvironmentAnonymous.cs:line 68
   at LDAP_Library_UnitTest.localhost.LocalhostEnvironmentAnonymous.TestAdminConnect() in c:\work\LDAP-Library\LDAPLibraryUnitTest\localhost\LocalhostEnvironmentAnonymous.cs:line 102
   at LDAP_Library_UnitTest.localhost.LocalhostEnvironmentAnonymous.TestSearchUserAndConnectWithoutWritePermissions() in c:\work\LDAP-Library\LDAPLibraryUnitTest\localhost\LocalhostEnvironmentAnonymous.cs:line 166
</StackTrace>
        </ErrorInfo>
      </Output>
    </UnitTestResult>
    <UnitTestResult executionId="7cc3a263-6f47-4e29-9263-98b408f80bdf" testId="e0dcbe98-4968-5bf7-ec38-c92b949f6ea3" testName="TestStandardInitLibrary" computerName="BENINI" duration="00:00:00.0003750" startTime="2015-12-03T14:30:08.6637235+01:00" endTime="2015-12-03T14:30:08.6647246+01:00" testType="13cdc9d9-ddb5-4fa4-a97d-d965ccfc6d4b" outcome="Passed" testListId="8c84fa94-04c1-424b-9868-57a2d4851a1d" relativeResultsDirectory="7cc3a263-6f47-4e29-9263-98b408f80bdf">
    </UnitTestResult>
    <UnitTestResult executionId="8d4cb67e-0373-4604-9d70-c9cf17870059" testId="2a6926a6-6450-6c78-3d1c-70bcfbe98243" testName="TestUserConnectWithoutWritePermissions" computerName="BENINI" duration="00:00:00.0014125" startTime="2015-12-03T14:30:08.6652249+01:00" endTime="2015-12-03T14:30:08.6672269+01:00" testType="13cdc9d9-ddb5-4fa4-a97d-d965ccfc6d4b" outcome="Failed" testListId="8c84fa94-04c1-424b-9868-57a2d4851a1d" relativeResultsDirectory="8d4cb67e-0373-4604-9d70-c9cf17870059">
      <Output>
        <ErrorInfo>
          <Message>Test method LDAP_Library_UnitTest.localhost.LocalhostEnvironmentAnonymous.TestUserConnectWithoutWritePermissions threw exception: 
System.UnauthorizedAccessException: Access to the path 'C:\Program Files (x86)\Microsoft Visual Studio 12.0\Common7\IDE\LDAPLog.txt' is denied.</Message>
          <StackTrace>    at System.IO.__Error.WinIOError(Int32 errorCode, String maybeFullPath)
   at System.IO.FileStream.Init(String path, FileMode mode, FileAccess access, Int32 rights, Boolean useRights, FileShare share, Int32 bufferSize, FileOptions options, SECURITY_ATTRIBUTES secAttrs, String msgPath, Boolean bFromProxy, Boolean useLongPath, Boolean checkHost)
   at System.IO.FileStream..ctor(String path, FileMode mode, FileAccess access, FileShare share, Int32 bufferSize, FileOptions options, String msgPath, Boolean bFromProxy, Boolean useLongPath, Boolean checkHost)
   at System.IO.StreamWriter.CreateFile(String path, Boolean append, Boolean checkHost)
   at System.IO.StreamWriter..ctor(String path, Boolean append, Encoding encoding, Int32 bufferSize, Boolean checkHost)
   at System.IO.StreamWriter..ctor(String path, Boolean append, Encoding encoding, Int32 bufferSize)
   at System.IO.StreamWriter..ctor(String path, Boolean append)
   at LDAPLibrary.Logger.FileLogger.Write(String message) in c:\work\LDAP-Library\LDAPLibrary\Logger\FileLogger.cs:line 21
   at LDAPLibrary.LdapManager..ctor(ILdapUser adminUser, LDAPAdminMode adminMode, String ldapServer, String ldapSearchBaseDn, AuthType authType, Boolean secureSocketLayerFlag, Boolean transportSocketLayerFlag, Boolean clientCertificateFlag, String clientCertificatePath, LoggerType loggerType, String logPath, String userObjectClass, String matchFieldUsername) in c:\work\LDAP-Library\LDAPLibrary\LDAPManager.cs:line 107
   at LDAP_Library_UnitTest.localhost.LocalhostEnvironmentAnonymous.TestCompleteInitLibrary() in c:\work\LDAP-Library\LDAPLibraryUnitTest\localhost\LocalhostEnvironmentAnonymous.cs:line 68
   at LDAP_Library_UnitTest.localhost.LocalhostEnvironmentAnonymous.TestAdminConnect() in c:\work\LDAP-Library\LDAPLibraryUnitTest\localhost\LocalhostEnvironmentAnonymous.cs:line 102
   at LDAP_Library_UnitTest.localhost.LocalhostEnvironmentAnonymous.TestUserConnectWithoutWritePermissions() in c:\work\LDAP-Library\LDAPLibraryUnitTest\localhost\LocalhostEnvironmentAnonymous.cs:line 154
</StackTrace>
        </ErrorInfo>
      </Output>
    </UnitTestResult>
    <UnitTestResult executionId="3baff87f-ff4a-456e-a086-c369ad7dd799" testId="af07bccc-f21c-a037-eb41-4fa52ca145df" testName="TestCompleteInitLibrary" computerName="BENINI" duration="00:00:00.0030207" startTime="2015-12-03T14:30:08.6682277+01:00" endTime="2015-12-03T14:30:08.6717311+01:00" testType="13cdc9d9-ddb5-4fa4-a97d-d965ccfc6d4b" outcome="Failed" testListId="8c84fa94-04c1-424b-9868-57a2d4851a1d" relativeResultsDirectory="3baff87f-ff4a-456e-a086-c369ad7dd799">
      <Output>
        <ErrorInfo>
          <Message>Test method LDAP_Library_UnitTest.localhost.LocalhostEnvironmentInitTest.TestCompleteInitLibrary threw exception: 
System.UnauthorizedAccessException: Access to the path 'C:\Program Files (x86)\Microsoft Visual Studio 12.0\Common7\IDE\LDAPLog.txt' is denied.</Message>
          <StackTrace>    at System.IO.__Error.WinIOError(Int32 errorCode, String maybeFullPath)
   at System.IO.FileStream.Init(String path, FileMode mode, FileAccess access, Int32 rights, Boolean useRights, FileShare share, Int32 bufferSize, FileOptions options, SECURITY_ATTRIBUTES secAttrs, String msgPath, Boolean bFromProxy, Boolean useLongPath, Boolean checkHost)
   at System.IO.FileStream..ctor(String path, FileMode mode, FileAccess access, FileShare share, Int32 bufferSize, FileOptions options, String msgPath, Boolean bFromProxy, Boolean useLongPath, Boolean checkHost)
   at System.IO.StreamWriter.CreateFile(String path, Boolean append, Boolean checkHost)
   at System.IO.StreamWriter..ctor(String path, Boolean append, Encoding encoding, Int32 bufferSize, Boolean checkHost)
   at System.IO.StreamWriter..ctor(String path, Boolean append, Encoding encoding, Int32 bufferSize)
   at System.IO.StreamWriter..ctor(String path, Boolean append)
   at LDAPLibrary.Logger.FileLogger.Write(String message) in c:\work\LDAP-Library\LDAPLibrary\Logger\FileLogger.cs:line 21
   at LDAPLibrary.LdapManager..ctor(ILdapUser adminUser, LDAPAdminMode adminMode, String ldapServer, String ldapSearchBaseDn, AuthType authType, Boolean secureSocketLayerFlag, Boolean transportSocketLayerFlag, Boolean clientCertificateFlag, String clientCertificatePath, LoggerType loggerType, String logPath, String userObjectClass, String matchFieldUsername) in c:\work\LDAP-Library\LDAPLibrary\LDAPManager.cs:line 107
   at LDAP_Library_UnitTest.localhost.LocalhostEnvironmentInitTest.TestCompleteInitLibrary() in c:\work\LDAP-Library\LDAPLibraryUnitTest\localhost\LocalhostEnvironmentInitTest.cs:line 64
</StackTrace>
        </ErrorInfo>
      </Output>
    </UnitTestResult>
    <UnitTestResult executionId="c26d1129-3c97-46cf-a0fb-ffca6d3661e7" testId="261b5a9f-f85f-8e33-d273-d90304eb687c" testName="TestCompleteInitLibraryNoAdmin_LDAPAdminMode_Admin" computerName="BENINI" duration="00:00:00.0009119" startTime="2015-12-03T14:30:08.6727319+01:00" endTime="2015-12-03T14:30:08.6737328+01:00" testType="13cdc9d9-ddb5-4fa4-a97d-d965ccfc6d4b" outcome="Passed" testListId="8c84fa94-04c1-424b-9868-57a2d4851a1d" relativeResultsDirectory="c26d1129-3c97-46cf-a0fb-ffca6d3661e7">
    </UnitTestResult>
    <UnitTestResult executionId="eeac06ca-034f-45a2-84a8-edbb70077ca6" testId="f891fa4c-e55f-63e8-4bf6-45bff8929be7" testName="TestCompleteInitLibraryNoAdmin_LDAPAdminMode_Anonymous" computerName="BENINI" duration="00:00:00.0012296" startTime="2015-12-03T14:30:08.6742333+01:00" endTime="2015-12-03T14:30:08.6757345+01:00" testType="13cdc9d9-ddb5-4fa4-a97d-d965ccfc6d4b" outcome="Failed" testListId="8c84fa94-04c1-424b-9868-57a2d4851a1d" relativeResultsDirectory="eeac06ca-034f-45a2-84a8-edbb70077ca6">
      <Output>
        <ErrorInfo>
          <Message>Test method LDAP_Library_UnitTest.localhost.LocalhostEnvironmentInitTest.TestCompleteInitLibraryNoAdmin_LDAPAdminMode_Anonymous threw exception: 
System.UnauthorizedAccessException: Access to the path 'C:\Program Files (x86)\Microsoft Visual Studio 12.0\Common7\IDE\LDAPLog.txt' is denied.</Message>
          <StackTrace>    at System.IO.__Error.WinIOError(Int32 errorCode, String maybeFullPath)
   at System.IO.FileStream.Init(String path, FileMode mode, FileAccess access, Int32 rights, Boolean useRights, FileShare share, Int32 bufferSize, FileOptions options, SECURITY_ATTRIBUTES secAttrs, String msgPath, Boolean bFromProxy, Boolean useLongPath, Boolean checkHost)
   at System.IO.FileStream..ctor(String path, FileMode mode, FileAccess access, FileShare share, Int32 bufferSize, FileOptions options, String msgPath, Boolean bFromProxy, Boolean useLongPath, Boolean checkHost)
   at System.IO.StreamWriter.CreateFile(String path, Boolean append, Boolean checkHost)
   at System.IO.StreamWriter..ctor(String path, Boolean append, Encoding encoding, Int32 bufferSize, Boolean checkHost)
   at System.IO.StreamWriter..ctor(String path, Boolean append, Encoding encoding, Int32 bufferSize)
   at System.IO.StreamWriter..ctor(String path, Boolean append)
   at LDAPLibrary.Logger.FileLogger.Write(String message) in c:\work\LDAP-Library\LDAPLibrary\Logger\FileLogger.cs:line 21
   at LDAPLibrary.LdapManager..ctor(ILdapUser adminUser, LDAPAdminMode adminMode, String ldapServer, String ldapSearchBaseDn, AuthType authType, Boolean secureSocketLayerFlag, Boolean transportSocketLayerFlag, Boolean clientCertificateFlag, String clientCertificatePath, LoggerType loggerType, String logPath, String userObjectClass, String matchFieldUsername) in c:\work\LDAP-Library\LDAPLibrary\LDAPManager.cs:line 107
   at LDAP_Library_UnitTest.localhost.LocalhostEnvironmentInitTest.TestCompleteInitLibraryNoAdmin_LDAPAdminMode_Anonymous() in c:\work\LDAP-Library\LDAPLibraryUnitTest\localhost\LocalhostEnvironmentInitTest.cs:line 306
</StackTrace>
        </ErrorInfo>
      </Output>
    </UnitTestResult>
    <UnitTestResult executionId="a0283743-d269-44ce-a311-7c42b762ce59" testId="0164feaa-2136-c0bc-4dfb-fd32bd5bd26a" testName="TestCompleteInitLibraryNoAdmin_LDAPAdminMode_NoAdmin" computerName="BENINI" duration="00:00:00.0014198" startTime="2015-12-03T14:30:08.6762350+01:00" endTime="2015-12-03T14:30:08.6782367+01:00" testType="13cdc9d9-ddb5-4fa4-a97d-d965ccfc6d4b" outcome="Failed" testListId="8c84fa94-04c1-424b-9868-57a2d4851a1d" relativeResultsDirectory="a0283743-d269-44ce-a311-7c42b762ce59">
      <Output>
        <ErrorInfo>
          <Message>Test method LDAP_Library_UnitTest.localhost.LocalhostEnvironmentInitTest.TestCompleteInitLibraryNoAdmin_LDAPAdminMode_NoAdmin threw exception: 
System.UnauthorizedAccessException: Access to the path 'C:\Program Files (x86)\Microsoft Visual Studio 12.0\Common7\IDE\LDAPLog.txt' is denied.</Message>
          <StackTrace>    at System.IO.__Error.WinIOError(Int32 errorCode, String maybeFullPath)
   at System.IO.FileStream.Init(String path, FileMode mode, FileAccess access, Int32 rights, Boolean useRights, FileShare share, Int32 bufferSize, FileOptions options, SECURITY_ATTRIBUTES secAttrs, String msgPath, Boolean bFromProxy, Boolean useLongPath, Boolean checkHost)
   at System.IO.FileStream..ctor(String path, FileMode mode, FileAccess access, FileShare share, Int32 bufferSize, FileOptions options, String msgPath, Boolean bFromProxy, Boolean useLongPath, Boolean checkHost)
   at System.IO.StreamWriter.CreateFile(String path, Boolean append, Boolean checkHost)
   at System.IO.StreamWriter..ctor(String path, Boolean append, Encoding encoding, Int32 bufferSize, Boolean checkHost)
   at System.IO.StreamWriter..ctor(String path, Boolean append, Encoding encoding, Int32 bufferSize)
   at System.IO.StreamWriter..ctor(String path, Boolean append)
   at LDAPLibrary.Logger.FileLogger.Write(String message) in c:\work\LDAP-Library\LDAPLibrary\Logger\FileLogger.cs:line 21
   at LDAPLibrary.LdapManager..ctor(ILdapUser adminUser, LDAPAdminMode adminMode, String ldapServer, String ldapSearchBaseDn, AuthType authType, Boolean secureSocketLayerFlag, Boolean transportSocketLayerFlag, Boolean clientCertificateFlag, String clientCertificatePath, LoggerType loggerType, String logPath, String userObjectClass, String matchFieldUsername) in c:\work\LDAP-Library\LDAPLibrary\LDAPManager.cs:line 107
   at LDAP_Library_UnitTest.localhost.LocalhostEnvironmentInitTest.TestCompleteInitLibraryNoAdmin_LDAPAdminMode_NoAdmin() in c:\work\LDAP-Library\LDAPLibraryUnitTest\localhost\LocalhostEnvironmentInitTest.cs:line 288
</StackTrace>
        </ErrorInfo>
      </Output>
    </UnitTestResult>
    <UnitTestResult executionId="3a85e114-131f-4e5e-afb5-7dfc5634f1ce" testId="6a1b9b7c-0729-488c-92b5-4bf96af3ca21" testName="TestCompleteInitLibraryNoAdmin_SearchBaseDN_Null" computerName="BENINI" duration="00:00:00.0012472" startTime="2015-12-03T14:30:08.6787376+01:00" endTime="2015-12-03T14:30:08.6802387+01:00" testType="13cdc9d9-ddb5-4fa4-a97d-d965ccfc6d4b" outcome="Failed" testListId="8c84fa94-04c1-424b-9868-57a2d4851a1d" relativeResultsDirectory="3a85e114-131f-4e5e-afb5-7dfc5634f1ce">
      <Output>
        <ErrorInfo>
          <Message>Test method LDAP_Library_UnitTest.localhost.LocalhostEnvironmentInitTest.TestCompleteInitLibraryNoAdmin_SearchBaseDN_Null threw exception: 
System.UnauthorizedAccessException: Access to the path 'C:\Program Files (x86)\Microsoft Visual Studio 12.0\Common7\IDE\LDAPLog.txt' is denied.</Message>
          <StackTrace>    at System.IO.__Error.WinIOError(Int32 errorCode, String maybeFullPath)
   at System.IO.FileStream.Init(String path, FileMode mode, FileAccess access, Int32 rights, Boolean useRights, FileShare share, Int32 bufferSize, FileOptions options, SECURITY_ATTRIBUTES secAttrs, String msgPath, Boolean bFromProxy, Boolean useLongPath, Boolean checkHost)
   at System.IO.FileStream..ctor(String path, FileMode mode, FileAccess access, FileShare share, Int32 bufferSize, FileOptions options, String msgPath, Boolean bFromProxy, Boolean useLongPath, Boolean checkHost)
   at System.IO.StreamWriter.CreateFile(String path, Boolean append, Boolean checkHost)
   at System.IO.StreamWriter..ctor(String path, Boolean append, Encoding encoding, Int32 bufferSize, Boolean checkHost)
   at System.IO.StreamWriter..ctor(String path, Boolean append, Encoding encoding, Int32 bufferSize)
   at System.IO.StreamWriter..ctor(String path, Boolean append)
   at LDAPLibrary.Logger.FileLogger.Write(String message) in c:\work\LDAP-Library\LDAPLibrary\Logger\FileLogger.cs:line 21
   at LDAPLibrary.LdapManager..ctor(ILdapUser adminUser, LDAPAdminMode adminMode, String ldapServer, String ldapSearchBaseDn, AuthType authType, Boolean secureSocketLayerFlag, Boolean transportSocketLayerFlag, Boolean clientCertificateFlag, String clientCertificatePath, LoggerType loggerType, String logPath, String userObjectClass, String matchFieldUsername) in c:\work\LDAP-Library\LDAPLibrary\LDAPManager.cs:line 107
   at LDAP_Library_UnitTest.localhost.LocalhostEnvironmentInitTest.TestCompleteInitLibraryNoAdmin_SearchBaseDN_Null() in c:\work\LDAP-Library\LDAPLibraryUnitTest\localhost\LocalhostEnvironmentInitTest.cs:line 324
</StackTrace>
        </ErrorInfo>
      </Output>
    </UnitTestResult>
    <UnitTestResult executionId="80db8e98-f9ff-4c24-b5ff-0aca5c51329a" testId="ebf06fa7-3763-5c81-a801-d465770a6bb7" testName="TestCompleteInitLibraryNoCertificatePathNotRequired" computerName="BENINI" duration="00:00:00.0014353" startTime="2015-12-03T14:30:08.6807393+01:00" endTime="2015-12-03T14:30:08.6827410+01:00" testType="13cdc9d9-ddb5-4fa4-a97d-d965ccfc6d4b" outcome="Failed" testListId="8c84fa94-04c1-424b-9868-57a2d4851a1d" relativeResultsDirectory="80db8e98-f9ff-4c24-b5ff-0aca5c51329a">
      <Output>
        <ErrorInfo>
          <Message>Test method LDAP_Library_UnitTest.localhost.LocalhostEnvironmentInitTest.TestCompleteInitLibraryNoCertificatePathNotRequired threw exception: 
System.UnauthorizedAccessException: Access to the path 'C:\Program Files (x86)\Microsoft Visual Studio 12.0\Common7\IDE\LDAPLog.txt' is denied.</Message>
          <StackTrace>    at System.IO.__Error.WinIOError(Int32 errorCode, String maybeFullPath)
   at System.IO.FileStream.Init(String path, FileMode mode, FileAccess access, Int32 rights, Boolean useRights, FileShare share, Int32 bufferSize, FileOptions options, SECURITY_ATTRIBUTES secAttrs, String msgPath, Boolean bFromProxy, Boolean useLongPath, Boolean checkHost)
   at System.IO.FileStream..ctor(String path, FileMode mode, FileAccess access, FileShare share, Int32 bufferSize, FileOptions options, String msgPath, Boolean bFromProxy, Boolean useLongPath, Boolean checkHost)
   at System.IO.StreamWriter.CreateFile(String path, Boolean append, Boolean checkHost)
   at System.IO.StreamWriter..ctor(String path, Boolean append, Encoding encoding, Int32 bufferSize, Boolean checkHost)
   at System.IO.StreamWriter..ctor(String path, Boolean append, Encoding encoding, Int32 bufferSize)
   at System.IO.StreamWriter..ctor(String path, Boolean append)
   at LDAPLibrary.Logger.FileLogger.Write(String message) in c:\work\LDAP-Library\LDAPLibrary\Logger\FileLogger.cs:line 21
   at LDAPLibrary.LdapManager..ctor(ILdapUser adminUser, LDAPAdminMode adminMode, String ldapServer, String ldapSearchBaseDn, AuthType authType, Boolean secureSocketLayerFlag, Boolean transportSocketLayerFlag, Boolean clientCertificateFlag, String clientCertificatePath, LoggerType loggerType, String logPath, String userObjectClass, String matchFieldUsername) in c:\work\LDAP-Library\LDAPLibrary\LDAPManager.cs:line 107
   at LDAP_Library_UnitTest.localhost.LocalhostEnvironmentInitTest.TestCompleteInitLibraryNoCertificatePathNotRequired() in c:\work\LDAP-Library\LDAPLibraryUnitTest\localhost\LocalhostEnvironmentInitTest.cs:line 127
</StackTrace>
        </ErrorInfo>
      </Output>
    </UnitTestResult>
    <UnitTestResult executionId="3a092ac5-689f-4fd3-a700-fa8c9285321c" testId="2893fbb5-6a1b-3f33-0d9a-ea746d313360" testName="TestCompleteInitLibraryNoCertificatePathRequired" computerName="BENINI" duration="00:00:00.0033326" startTime="2015-12-03T14:30:08.6832415+01:00" endTime="2015-12-03T14:30:08.6867455+01:00" testType="13cdc9d9-ddb5-4fa4-a97d-d965ccfc6d4b" outcome="Failed" testListId="8c84fa94-04c1-424b-9868-57a2d4851a1d" relativeResultsDirectory="3a092ac5-689f-4fd3-a700-fa8c9285321c">
      <Output>
        <ErrorInfo>
          <Message>Test method LDAP_Library_UnitTest.localhost.LocalhostEnvironmentInitTest.TestCompleteInitLibraryNoCertificatePathRequired threw exception System.UnauthorizedAccessException, but exception System.ArgumentNullException was expected. Exception message: System.UnauthorizedAccessException: Access to the path 'C:\Program Files (x86)\Microsoft Visual Studio 12.0\Common7\IDE\LDAPLog.txt' is denied.</Message>
          <StackTrace>    at System.IO.__Error.WinIOError(Int32 errorCode, String maybeFullPath)
   at System.IO.FileStream.Init(String path, FileMode mode, FileAccess access, Int32 rights, Boolean useRights, FileShare share, Int32 bufferSize, FileOptions options, SECURITY_ATTRIBUTES secAttrs, String msgPath, Boolean bFromProxy, Boolean useLongPath, Boolean checkHost)
   at System.IO.FileStream..ctor(String path, FileMode mode, FileAccess access, FileShare share, Int32 bufferSize, FileOptions options, String msgPath, Boolean bFromProxy, Boolean useLongPath, Boolean checkHost)
   at System.IO.StreamWriter.CreateFile(String path, Boolean append, Boolean checkHost)
   at System.IO.StreamWriter..ctor(String path, Boolean append, Encoding encoding, Int32 bufferSize, Boolean checkHost)
   at System.IO.StreamWriter..ctor(String path, Boolean append, Encoding encoding, Int32 bufferSize)
   at System.IO.StreamWriter..ctor(String path, Boolean append)
   at LDAPLibrary.Logger.FileLogger.Write(String message) in c:\work\LDAP-Library\LDAPLibrary\Logger\FileLogger.cs:line 21
   at LDAPLibrary.LdapManager..ctor(ILdapUser adminUser, LDAPAdminMode adminMode, String ldapServer, String ldapSearchBaseDn, AuthType authType, Boolean secureSocketLayerFlag, Boolean transportSocketLayerFlag, Boolean clientCertificateFlag, String clientCertificatePath, LoggerType loggerType, String logPath, String userObjectClass, String matchFieldUsername) in c:\work\LDAP-Library\LDAPLibrary\LDAPManager.cs:line 100
   at LDAP_Library_UnitTest.localhost.LocalhostEnvironmentInitTest.TestCompleteInitLibraryNoCertificatePathRequired() in c:\work\LDAP-Library\LDAPLibraryUnitTest\localhost\LocalhostEnvironmentInitTest.cs:line 108
</StackTrace>
        </ErrorInfo>
      </Output>
    </UnitTestResult>
    <UnitTestResult executionId="5e98896c-e11a-4499-8c0d-8258a1dcc3a0" testId="f2f1b0be-8f71-7cf4-9080-b1637b230650" testName="TestCompleteInitLibraryNoLogPath_EventViewer" computerName="BENINI" duration="00:00:00.0098897" startTime="2015-12-03T14:30:08.6872452+01:00" endTime="2015-12-03T14:30:08.6977548+01:00" testType="13cdc9d9-ddb5-4fa4-a97d-d965ccfc6d4b" outcome="Passed" testListId="8c84fa94-04c1-424b-9868-57a2d4851a1d" relativeResultsDirectory="5e98896c-e11a-4499-8c0d-8258a1dcc3a0">
    </UnitTestResult>
    <UnitTestResult executionId="5c2e1f98-db25-41a4-9eb9-52c81bdc7b5c" testId="6fdcad35-f3a2-a3af-8f7b-5ae4f8b893d5" testName="TestCompleteInitLibraryNoLogPath_File" computerName="BENINI" duration="00:00:00.0008706" startTime="2015-12-03T14:30:08.6987559+01:00" endTime="2015-12-03T14:30:08.6997565+01:00" testType="13cdc9d9-ddb5-4fa4-a97d-d965ccfc6d4b" outcome="Passed" testListId="8c84fa94-04c1-424b-9868-57a2d4851a1d" relativeResultsDirectory="5c2e1f98-db25-41a4-9eb9-52c81bdc7b5c">
    </UnitTestResult>
    <UnitTestResult executionId="f8dbafb1-39a5-446b-9f08-2a197e4e2683" testId="e689c156-1c7e-4b31-8a6c-6372765d86ea" testName="TestCompleteInitLibraryNoLogPath_None" computerName="BENINI" duration="00:00:00.0006328" startTime="2015-12-03T14:30:08.7002570+01:00" endTime="2015-12-03T14:30:08.7022590+01:00" testType="13cdc9d9-ddb5-4fa4-a97d-d965ccfc6d4b" outcome="Passed" testListId="8c84fa94-04c1-424b-9868-57a2d4851a1d" relativeResultsDirectory="f8dbafb1-39a5-446b-9f08-2a197e4e2683">
    </UnitTestResult>
    <UnitTestResult executionId="4593ec14-0248-46cc-90a9-3c233be3063b" testId="75f4d301-a227-3ded-892b-432ffbff7e55" testName="TestCompleteInitLibraryNoMatchFieldUsername" computerName="BENINI" duration="00:00:00.0014262" startTime="2015-12-03T14:30:08.7027596+01:00" endTime="2015-12-03T14:30:08.7047607+01:00" testType="13cdc9d9-ddb5-4fa4-a97d-d965ccfc6d4b" outcome="Failed" testListId="8c84fa94-04c1-424b-9868-57a2d4851a1d" relativeResultsDirectory="4593ec14-0248-46cc-90a9-3c233be3063b">
      <Output>
        <ErrorInfo>
          <Message>Test method LDAP_Library_UnitTest.localhost.LocalhostEnvironmentInitTest.TestCompleteInitLibraryNoMatchFieldUsername threw exception System.UnauthorizedAccessException, but exception System.ArgumentNullException was expected. Exception message: System.UnauthorizedAccessException: Access to the path 'C:\Program Files (x86)\Microsoft Visual Studio 12.0\Common7\IDE\LDAPLog.txt' is denied.</Message>
          <StackTrace>    at System.IO.__Error.WinIOError(Int32 errorCode, String maybeFullPath)
   at System.IO.FileStream.Init(String path, FileMode mode, FileAccess access, Int32 rights, Boolean useRights, FileShare share, Int32 bufferSize, FileOptions options, SECURITY_ATTRIBUTES secAttrs, String msgPath, Boolean bFromProxy, Boolean useLongPath, Boolean checkHost)
   at System.IO.FileStream..ctor(String path, FileMode mode, FileAccess access, FileShare share, Int32 bufferSize, FileOptions options, String msgPath, Boolean bFromProxy, Boolean useLongPath, Boolean checkHost)
   at System.IO.StreamWriter.CreateFile(String path, Boolean append, Boolean checkHost)
   at System.IO.StreamWriter..ctor(String path, Boolean append, Encoding encoding, Int32 bufferSize, Boolean checkHost)
   at System.IO.StreamWriter..ctor(String path, Boolean append, Encoding encoding, Int32 bufferSize)
   at System.IO.StreamWriter..ctor(String path, Boolean append)
   at LDAPLibrary.Logger.FileLogger.Write(String message) in c:\work\LDAP-Library\LDAPLibrary\Logger\FileLogger.cs:line 21
   at LDAPLibrary.LdapManager..ctor(ILdapUser adminUser, LDAPAdminMode adminMode, String ldapServer, String ldapSearchBaseDn, AuthType authType, Boolean secureSocketLayerFlag, Boolean transportSocketLayerFlag, Boolean clientCertificateFlag, String clientCertificatePath, LoggerType loggerType, String logPath, String userObjectClass, String matchFieldUsername) in c:\work\LDAP-Library\LDAPLibrary\LDAPManager.cs:line 100
   at LDAP_Library_UnitTest.localhost.LocalhostEnvironmentInitTest.TestCompleteInitLibraryNoMatchFieldUsername() in c:\work\LDAP-Library\LDAPLibraryUnitTest\localhost\LocalhostEnvironmentInitTest.cs:line 227
</StackTrace>
        </ErrorInfo>
      </Output>
    </UnitTestResult>
    <UnitTestResult executionId="858ebc84-a6e3-4959-a51a-536cff02b074" testId="1ba02c6a-26f9-3fa4-06c9-22e6382668c2" testName="TestCompleteInitLibraryNoSearchBaseDn" computerName="BENINI" duration="00:00:00.0008598" startTime="2015-12-03T14:30:08.7057621+01:00" endTime="2015-12-03T14:30:08.7067630+01:00" testType="13cdc9d9-ddb5-4fa4-a97d-d965ccfc6d4b" outcome="Passed" testListId="8c84fa94-04c1-424b-9868-57a2d4851a1d" relativeResultsDirectory="858ebc84-a6e3-4959-a51a-536cff02b074">
    </UnitTestResult>
    <UnitTestResult executionId="aab72b2e-d1b1-4261-b760-3dc81f3610a6" testId="6fd90505-dc98-38dc-0267-8d0bf210f9ec" testName="TestCompleteInitLibraryNoServer" computerName="BENINI" duration="00:00:00.0008142" startTime="2015-12-03T14:30:08.7072635+01:00" endTime="2015-12-03T14:30:08.7082644+01:00" testType="13cdc9d9-ddb5-4fa4-a97d-d965ccfc6d4b" outcome="Passed" testListId="8c84fa94-04c1-424b-9868-57a2d4851a1d" relativeResultsDirectory="aab72b2e-d1b1-4261-b760-3dc81f3610a6">
    </UnitTestResult>
    <UnitTestResult executionId="a373fb40-5104-4538-aa67-fa30f4f9ad5a" testId="c8095f13-d68d-7d07-d217-58458146033e" testName="TestCompleteInitLibraryNoUserClass" computerName="BENINI" duration="00:00:00.0013698" startTime="2015-12-03T14:30:08.7087647+01:00" endTime="2015-12-03T14:30:08.7107666+01:00" testType="13cdc9d9-ddb5-4fa4-a97d-d965ccfc6d4b" outcome="Failed" testListId="8c84fa94-04c1-424b-9868-57a2d4851a1d" relativeResultsDirectory="a373fb40-5104-4538-aa67-fa30f4f9ad5a">
      <Output>
        <ErrorInfo>
          <Message>Test method LDAP_Library_UnitTest.localhost.LocalhostEnvironmentInitTest.TestCompleteInitLibraryNoUserClass threw exception System.UnauthorizedAccessException, but exception System.ArgumentNullException was expected. Exception message: System.UnauthorizedAccessException: Access to the path 'C:\Program Files (x86)\Microsoft Visual Studio 12.0\Common7\IDE\LDAPLog.txt' is denied.</Message>
          <StackTrace>    at System.IO.__Error.WinIOError(Int32 errorCode, String maybeFullPath)
   at System.IO.FileStream.Init(String path, FileMode mode, FileAccess access, Int32 rights, Boolean useRights, FileShare share, Int32 bufferSize, FileOptions options, SECURITY_ATTRIBUTES secAttrs, String msgPath, Boolean bFromProxy, Boolean useLongPath, Boolean checkHost)
   at System.IO.FileStream..ctor(String path, FileMode mode, FileAccess access, FileShare share, Int32 bufferSize, FileOptions options, String msgPath, Boolean bFromProxy, Boolean useLongPath, Boolean checkHost)
   at System.IO.StreamWriter.CreateFile(String path, Boolean append, Boolean checkHost)
   at System.IO.StreamWriter..ctor(String path, Boolean append, Encoding encoding, Int32 bufferSize, Boolean checkHost)
   at System.IO.StreamWriter..ctor(String path, Boolean append, Encoding encoding, Int32 bufferSize)
   at System.IO.StreamWriter..ctor(String path, Boolean append)
   at LDAPLibrary.Logger.FileLogger.Write(String message) in c:\work\LDAP-Library\LDAPLibrary\Logger\FileLogger.cs:line 21
   at LDAPLibrary.LdapManager..ctor(ILdapUser adminUser, LDAPAdminMode adminMode, String ldapServer, String ldapSearchBaseDn, AuthType authType, Boolean secureSocketLayerFlag, Boolean transportSocketLayerFlag, Boolean clientCertificateFlag, String clientCertificatePath, LoggerType loggerType, String logPath, String userObjectClass, String matchFieldUsername) in c:\work\LDAP-Library\LDAPLibrary\LDAPManager.cs:line 100
   at LDAP_Library_UnitTest.localhost.LocalhostEnvironmentInitTest.TestCompleteInitLibraryNoUserClass() in c:\work\LDAP-Library\LDAPLibraryUnitTest\localhost\LocalhostEnvironmentInitTest.cs:line 206
</StackTrace>
        </ErrorInfo>
      </Output>
    </UnitTestResult>
    <UnitTestResult executionId="10d2810c-f8b4-4e18-99e5-1bdb378b2cfc" testId="ba57aff9-8eb0-acce-9e9d-3e1e6f8023bf" testName="TestStandardInitLibrary" computerName="BENINI" duration="00:00:00.0003955" startTime="2015-12-03T14:30:08.7112672+01:00" endTime="2015-12-03T14:30:08.7122681+01:00" testType="13cdc9d9-ddb5-4fa4-a97d-d965ccfc6d4b" outcome="Passed" testListId="8c84fa94-04c1-424b-9868-57a2d4851a1d" relativeResultsDirectory="10d2810c-f8b4-4e18-99e5-1bdb378b2cfc">
    </UnitTestResult>
    <UnitTestResult executionId="4b9513b1-8608-46ab-8590-75f37160f1d3" testId="e97481b2-704f-359a-7d34-b5e69ff4f541" testName="TestStandardInitLibraryEventViewerLog" computerName="BENINI" duration="00:00:00.0003232" startTime="2015-12-03T14:30:08.7127683+01:00" endTime="2015-12-03T14:30:08.7137695+01:00" testType="13cdc9d9-ddb5-4fa4-a97d-d965ccfc6d4b" outcome="Passed" testListId="8c84fa94-04c1-424b-9868-57a2d4851a1d" relativeResultsDirectory="4b9513b1-8608-46ab-8590-75f37160f1d3">
    </UnitTestResult>
    <UnitTestResult executionId="7e90b2e1-68f2-4600-8e4c-79726327743a" testId="a06befcc-3511-4971-3800-30d92f4bc9b6" testName="TestStandardInitLibraryEventViewerLogNoPath" computerName="BENINI" duration="00:00:00.0003370" startTime="2015-12-03T14:30:08.7142700+01:00" endTime="2015-12-03T14:30:08.7147706+01:00" testType="13cdc9d9-ddb5-4fa4-a97d-d965ccfc6d4b" outcome="Passed" testListId="8c84fa94-04c1-424b-9868-57a2d4851a1d" relativeResultsDirectory="7e90b2e1-68f2-4600-8e4c-79726327743a">
    </UnitTestResult>
    <UnitTestResult executionId="c4b0fb66-50c7-4d37-aa0c-814be75d2665" testId="ef5d0e32-ac76-ac5f-eb68-929fd7a6d629" testName="TestStandardInitLibraryNologPath_EventViewer" computerName="BENINI" duration="00:00:00.0003265" startTime="2015-12-03T14:30:08.7157717+01:00" endTime="2015-12-03T14:30:08.7162720+01:00" testType="13cdc9d9-ddb5-4fa4-a97d-d965ccfc6d4b" outcome="Passed" testListId="8c84fa94-04c1-424b-9868-57a2d4851a1d" relativeResultsDirectory="c4b0fb66-50c7-4d37-aa0c-814be75d2665">
    </UnitTestResult>
    <UnitTestResult executionId="e16ddfed-672c-4fd4-9519-419f51149045" testId="bb1a1822-5fba-14f1-2c8a-d65ca3d67d3a" testName="TestStandardInitLibraryNologPath_File" computerName="BENINI" duration="00:00:00.0034496" startTime="2015-12-03T14:30:08.7172729+01:00" endTime="2015-12-03T14:30:08.7212759+01:00" testType="13cdc9d9-ddb5-4fa4-a97d-d965ccfc6d4b" outcome="Passed" testListId="8c84fa94-04c1-424b-9868-57a2d4851a1d" relativeResultsDirectory="e16ddfed-672c-4fd4-9519-419f51149045">
    </UnitTestResult>
    <UnitTestResult executionId="47a33b8e-85b0-4beb-b0f4-cdd4f197dd40" testId="21a66855-52c7-57d8-1f64-1862559b63da" testName="TestStandardInitLibraryNologPath_None" computerName="BENINI" duration="00:00:00.0003270" startTime="2015-12-03T14:30:08.7217771+01:00" endTime="2015-12-03T14:30:08.7227779+01:00" testType="13cdc9d9-ddb5-4fa4-a97d-d965ccfc6d4b" outcome="Passed" testListId="8c84fa94-04c1-424b-9868-57a2d4851a1d" relativeResultsDirectory="47a33b8e-85b0-4beb-b0f4-cdd4f197dd40">
    </UnitTestResult>
    <UnitTestResult executionId="4d8cae2f-97e0-44d0-8d9d-07694a1c2e5b" testId="cd133ce1-bf88-38c0-9a0c-383a98859c37" testName="TestStandardInitLibraryNoSearchBaseDn" computerName="BENINI" duration="00:00:00.0008586" startTime="2015-12-03T14:30:08.7232785+01:00" endTime="2015-12-03T14:30:08.7247793+01:00" testType="13cdc9d9-ddb5-4fa4-a97d-d965ccfc6d4b" outcome="Passed" testListId="8c84fa94-04c1-424b-9868-57a2d4851a1d" relativeResultsDirectory="4d8cae2f-97e0-44d0-8d9d-07694a1c2e5b">
    </UnitTestResult>
    <UnitTestResult executionId="31f6d6a8-0624-49f4-9730-ad1612760f69" testId="ffe840c5-2824-0018-0a89-bc332b6a1be0" testName="TestStandardInitLibraryNoServer" computerName="BENINI" duration="00:00:00.0008089" startTime="2015-12-03T14:30:08.7252802+01:00" endTime="2015-12-03T14:30:08.7262805+01:00" testType="13cdc9d9-ddb5-4fa4-a97d-d965ccfc6d4b" outcome="Passed" testListId="8c84fa94-04c1-424b-9868-57a2d4851a1d" relativeResultsDirectory="31f6d6a8-0624-49f4-9730-ad1612760f69">
    </UnitTestResult>
    <UnitTestResult executionId="fa660103-cacf-41d3-9dd5-c3aa76bbf596" testId="a27f6d3c-006f-da88-d3a5-8463f37e280d" testName="TestStardardInitLibraryNoAdmin" computerName="BENINI" duration="00:00:00.0007568" startTime="2015-12-03T14:30:08.7267816+01:00" endTime="2015-12-03T14:30:08.7277822+01:00" testType="13cdc9d9-ddb5-4fa4-a97d-d965ccfc6d4b" outcome="Passed" testListId="8c84fa94-04c1-424b-9868-57a2d4851a1d" relativeResultsDirectory="fa660103-cacf-41d3-9dd5-c3aa76bbf596">
    </UnitTestResult>
    <UnitTestResult executionId="0f4cfe9b-0f52-4007-992b-1d911333b214" testId="13a45dde-0294-ff01-e989-e1e193690124" testName="LoggerFactoryEventViewer" computerName="BENINI" duration="00:00:00.0004482" startTime="2015-12-03T14:30:08.7282827+01:00" endTime="2015-12-03T14:30:08.7292839+01:00" testType="13cdc9d9-ddb5-4fa4-a97d-d965ccfc6d4b" outcome="Passed" testListId="8c84fa94-04c1-424b-9868-57a2d4851a1d" relativeResultsDirectory="0f4cfe9b-0f52-4007-992b-1d911333b214">
    </UnitTestResult>
    <UnitTestResult executionId="62ff36a5-f381-403a-b550-fb653a5bb8ee" testId="2d188a8e-ae67-ec60-271d-d800f6767ff0" testName="LoggerFactoryFakeLogger" computerName="BENINI" duration="00:00:00.0003543" startTime="2015-12-03T14:30:08.7297841+01:00" endTime="2015-12-03T14:30:08.7307856+01:00" testType="13cdc9d9-ddb5-4fa4-a97d-d965ccfc6d4b" outcome="Passed" testListId="8c84fa94-04c1-424b-9868-57a2d4851a1d" relativeResultsDirectory="62ff36a5-f381-403a-b550-fb653a5bb8ee">
    </UnitTestResult>
    <UnitTestResult executionId="288bc1d1-41e3-45a0-910c-82d91545381b" testId="2c8ab603-b8d5-1f27-b3fc-eae5c82bf23b" testName="LoggerFactoryFileLogger" computerName="BENINI" duration="00:00:00.0004166" startTime="2015-12-03T14:30:08.7312855+01:00" endTime="2015-12-03T14:30:08.7322867+01:00" testType="13cdc9d9-ddb5-4fa4-a97d-d965ccfc6d4b" outcome="Passed" testListId="8c84fa94-04c1-424b-9868-57a2d4851a1d" relativeResultsDirectory="288bc1d1-41e3-45a0-910c-82d91545381b">
    </UnitTestResult>
    <UnitTestResult executionId="04179067-4601-4ad2-9885-a4ba4685018f" testId="b3efe520-84b4-060c-462a-036466533e69" testName="TestEventViewerLoggerWrite" computerName="BENINI" duration="00:00:00.0214562" startTime="2015-12-03T14:30:08.7327870+01:00" endTime="2015-12-03T14:30:08.7548067+01:00" testType="13cdc9d9-ddb5-4fa4-a97d-d965ccfc6d4b" outcome="Passed" testListId="8c84fa94-04c1-424b-9868-57a2d4851a1d" relativeResultsDirectory="04179067-4601-4ad2-9885-a4ba4685018f">
    </UnitTestResult>
    <UnitTestResult executionId="51d32d4e-861f-46a1-beb2-fe778f24fa66" testId="e641e732-cb7c-93fc-98e1-bacd8a34ad80" testName="TestFakeLoggerWrite" computerName="BENINI" duration="00:00:00.0004575" startTime="2015-12-03T14:30:08.7553076+01:00" endTime="2015-12-03T14:30:08.7563084+01:00" testType="13cdc9d9-ddb5-4fa4-a97d-d965ccfc6d4b" outcome="Passed" testListId="8c84fa94-04c1-424b-9868-57a2d4851a1d" relativeResultsDirectory="51d32d4e-861f-46a1-beb2-fe778f24fa66">
    </UnitTestResult>
    <UnitTestResult executionId="53355986-4f40-49e0-92c3-25a2046fcc23" testId="e5088ad4-e479-6c28-55fd-98687bd992d3" testName="FileLoggerInitEmptyPath" computerName="BENINI" duration="00:00:00.0011398" startTime="2015-12-03T14:30:08.7568090+01:00" endTime="2015-12-03T14:30:08.7583098+01:00" testType="13cdc9d9-ddb5-4fa4-a97d-d965ccfc6d4b" outcome="Passed" testListId="8c84fa94-04c1-424b-9868-57a2d4851a1d" relativeResultsDirectory="53355986-4f40-49e0-92c3-25a2046fcc23">
    </UnitTestResult>
    <UnitTestResult executionId="4c5f4b4b-7219-4a6f-a2b7-f5640efb6fab" testId="65f6cbff-c17c-e912-2921-210f83f92953" testName="FileLoggerInitNullPath" computerName="BENINI" duration="00:00:00.0008815" startTime="2015-12-03T14:30:08.7593112+01:00" endTime="2015-12-03T14:30:08.7603127+01:00" testType="13cdc9d9-ddb5-4fa4-a97d-d965ccfc6d4b" outcome="Passed" testListId="8c84fa94-04c1-424b-9868-57a2d4851a1d" relativeResultsDirectory="4c5f4b4b-7219-4a6f-a2b7-f5640efb6fab">
    </UnitTestResult>
    <UnitTestResult executionId="cd5614ba-1396-4e98-95b5-6674e1060f5d" testId="c6c26ce4-af7a-cf68-a800-9fdc836c8312" testName="FileLoggerNotExistPath" computerName="BENINI" duration="00:00:00.0007995" startTime="2015-12-03T14:30:08.7613132+01:00" endTime="2015-12-03T14:30:08.7623135+01:00" testType="13cdc9d9-ddb5-4fa4-a97d-d965ccfc6d4b" outcome="Passed" testListId="8c84fa94-04c1-424b-9868-57a2d4851a1d" relativeResultsDirectory="cd5614ba-1396-4e98-95b5-6674e1060f5d">
    </UnitTestResult>
    <UnitTestResult executionId="70ada23b-8012-455d-a3f6-e8b9e0d2fe35" testId="ad8ee216-de18-cbae-f3fb-ed3fa9a36c8f" testName="LdapChangeUserPasswordError" computerName="BENINI" duration="00:00:00.0082469" startTime="2015-12-03T14:30:08.7628146+01:00" endTime="2015-12-03T14:30:08.7713222+01:00" testType="13cdc9d9-ddb5-4fa4-a97d-d965ccfc6d4b" outcome="Passed" testListId="8c84fa94-04c1-424b-9868-57a2d4851a1d" relativeResultsDirectory="70ada23b-8012-455d-a3f6-e8b9e0d2fe35">
    </UnitTestResult>
    <UnitTestResult executionId="c3e48f7c-135a-4bd9-9797-0d2595d2f578" testId="c11db754-043a-fe37-9bff-6bf074e0d1d1" testName="LdapConnectionError" computerName="BENINI" duration="00:00:00.0005494" startTime="2015-12-03T14:30:08.7718225+01:00" endTime="2015-12-03T14:30:08.7728234+01:00" testType="13cdc9d9-ddb5-4fa4-a97d-d965ccfc6d4b" outcome="Passed" testListId="8c84fa94-04c1-424b-9868-57a2d4851a1d" relativeResultsDirectory="c3e48f7c-135a-4bd9-9797-0d2595d2f578">
    </UnitTestResult>
    <UnitTestResult executionId="45afd7e5-45af-4c03-88b5-489c8a9c813d" testId="11aed921-bedb-5db6-1530-5e061edc5265" testName="LdapConnectionSuccess" computerName="BENINI" duration="00:00:00.0008806" startTime="2015-12-03T14:30:08.7733239+01:00" endTime="2015-12-03T14:30:08.7748250+01:00" testType="13cdc9d9-ddb5-4fa4-a97d-d965ccfc6d4b" outcome="Passed" testListId="8c84fa94-04c1-424b-9868-57a2d4851a1d" relativeResultsDirectory="45afd7e5-45af-4c03-88b5-489c8a9c813d">
    </UnitTestResult>
    <UnitTestResult executionId="a8a24a30-4e51-4eff-a875-6559817d66b7" testId="2b67c7be-f801-b5ad-7a23-b32ba06c725b" testName="LdapCreateUserError" computerName="BENINI" duration="00:00:00.0005055" startTime="2015-12-03T14:30:08.7753259+01:00" endTime="2015-12-03T14:30:08.7763267+01:00" testType="13cdc9d9-ddb5-4fa4-a97d-d965ccfc6d4b" outcome="Passed" testListId="8c84fa94-04c1-424b-9868-57a2d4851a1d" relativeResultsDirectory="a8a24a30-4e51-4eff-a875-6559817d66b7">
    </UnitTestResult>
    <UnitTestResult executionId="ba0dc453-165b-4d37-b8be-d457a3d27b79" testId="ecdab825-f7b7-30bf-a570-6d3ebee4b0c0" testName="LdapDeleteUserError" computerName="BENINI" duration="00:00:00.0005298" startTime="2015-12-03T14:30:08.7768273+01:00" endTime="2015-12-03T14:30:08.7778282+01:00" testType="13cdc9d9-ddb5-4fa4-a97d-d965ccfc6d4b" outcome="Passed" testListId="8c84fa94-04c1-424b-9868-57a2d4851a1d" relativeResultsDirectory="ba0dc453-165b-4d37-b8be-d457a3d27b79">
    </UnitTestResult>
    <UnitTestResult executionId="6c57114f-101f-4f00-9168-33f8fc303e20" testId="38e731bc-232c-7239-5529-55d229139dfa" testName="LdapGenericError" computerName="BENINI" duration="00:00:00.0005582" startTime="2015-12-03T14:30:08.7783287+01:00" endTime="2015-12-03T14:30:08.7793302+01:00" testType="13cdc9d9-ddb5-4fa4-a97d-d965ccfc6d4b" outcome="Passed" testListId="8c84fa94-04c1-424b-9868-57a2d4851a1d" relativeResultsDirectory="6c57114f-101f-4f00-9168-33f8fc303e20">
    </UnitTestResult>
    <UnitTestResult executionId="109db0bd-69bd-4cb9-9f6c-fb81bfc4eb3f" testId="96198eef-975a-a3a9-77e5-bccb56113939" testName="LdapLibraryInitError" computerName="BENINI" duration="00:00:00.0003648" startTime="2015-12-03T14:30:08.7798304+01:00" endTime="2015-12-03T14:30:08.7803310+01:00" testType="13cdc9d9-ddb5-4fa4-a97d-d965ccfc6d4b" outcome="Passed" testListId="8c84fa94-04c1-424b-9868-57a2d4851a1d" relativeResultsDirectory="109db0bd-69bd-4cb9-9f6c-fb81bfc4eb3f">
    </UnitTestResult>
    <UnitTestResult executionId="dee004a1-8258-4d7a-a5e6-4de0921e2aea" testId="16160eda-ed8a-41af-0699-c96e16360087" testName="LdapLibraryInitSuccess" computerName="BENINI" duration="00:00:00.0003352" startTime="2015-12-03T14:30:08.7813316+01:00" endTime="2015-12-03T14:30:08.7818324+01:00" testType="13cdc9d9-ddb5-4fa4-a97d-d965ccfc6d4b" outcome="Passed" testListId="8c84fa94-04c1-424b-9868-57a2d4851a1d" relativeResultsDirectory="dee004a1-8258-4d7a-a5e6-4de0921e2aea">
    </UnitTestResult>
    <UnitTestResult executionId="5ec2b87b-6e77-4b7a-9911-c28663107dc1" testId="4dc1fbea-93aa-71c8-6b40-a9d85a26d136" testName="LdapModifyUserAttributeError" computerName="BENINI" duration="00:00:00.0005275" startTime="2015-12-03T14:30:08.7823324+01:00" endTime="2015-12-03T14:30:08.7833335+01:00" testType="13cdc9d9-ddb5-4fa4-a97d-d965ccfc6d4b" outcome="Passed" testListId="8c84fa94-04c1-424b-9868-57a2d4851a1d" relativeResultsDirectory="5ec2b87b-6e77-4b7a-9911-c28663107dc1">
    </UnitTestResult>
    <UnitTestResult executionId="81d22f09-0bed-49bf-80c4-6d1eb047a753" testId="a4cc3e8c-2aed-b51a-5e26-8fc2f5972e17" testName="LdapSearchUserError" computerName="BENINI" duration="00:00:00.0006492" startTime="2015-12-03T14:30:08.7838338+01:00" endTime="2015-12-03T14:30:08.7848347+01:00" testType="13cdc9d9-ddb5-4fa4-a97d-d965ccfc6d4b" outcome="Passed" testListId="8c84fa94-04c1-424b-9868-57a2d4851a1d" relativeResultsDirectory="81d22f09-0bed-49bf-80c4-6d1eb047a753">
    </UnitTestResult>
    <UnitTestResult executionId="c8007dca-9a3a-4904-bf51-933418d5cfce" testId="46addbba-7fb7-6c20-b9f8-24bbe6646ebb" testName="LdapUserManipulatorSuccess" computerName="BENINI" duration="00:00:00.0005052" startTime="2015-12-03T14:30:08.7858361+01:00" endTime="2015-12-03T14:30:08.7863361+01:00" testType="13cdc9d9-ddb5-4fa4-a97d-d965ccfc6d4b" outcome="Passed" testListId="8c84fa94-04c1-424b-9868-57a2d4851a1d" relativeResultsDirectory="c8007dca-9a3a-4904-bf51-933418d5cfce">
    </UnitTestResult>
    <UnitTestResult executionId="00c1ba4d-22c4-4710-9a3b-22d588403697" testId="90d9a038-964a-6075-22c0-9ba0c54220cf" testName="TestFileLogWrite" computerName="BENINI" duration="00:00:00.0014344" startTime="2015-12-03T14:30:08.7868363+01:00" endTime="2015-12-03T14:30:08.7888383+01:00" testType="13cdc9d9-ddb5-4fa4-a97d-d965ccfc6d4b" outcome="Failed" testListId="8c84fa94-04c1-424b-9868-57a2d4851a1d" relativeResultsDirectory="00c1ba4d-22c4-4710-9a3b-22d588403697">
      <Output>
        <ErrorInfo>
          <Message>Test method LDAP_Library_UnitTest.LoggerUnitTests.FileLoggerAndALoggerUnitTests.TestFileLogWrite threw exception: 
System.UnauthorizedAccessException: Access to the path 'C:\Program Files (x86)\Microsoft Visual Studio 12.0\Common7\IDE\LDAPLog.txt' is denied.</Message>
          <StackTrace>    at System.IO.__Error.WinIOError(Int32 errorCode, String maybeFullPath)
   at System.IO.FileStream.Init(String path, FileMode mode, FileAccess access, Int32 rights, Boolean useRights, FileShare share, Int32 bufferSize, FileOptions options, SECURITY_ATTRIBUTES secAttrs, String msgPath, Boolean bFromProxy, Boolean useLongPath, Boolean checkHost)
   at System.IO.FileStream..ctor(String path, FileMode mode, FileAccess access, FileShare share, Int32 bufferSize, FileOptions options, String msgPath, Boolean bFromProxy, Boolean useLongPath, Boolean checkHost)
   at System.IO.StreamWriter.CreateFile(String path, Boolean append, Boolean checkHost)
   at System.IO.StreamWriter..ctor(String path, Boolean append, Encoding encoding, Int32 bufferSize, Boolean checkHost)
   at System.IO.StreamWriter..ctor(String path, Boolean append, Encoding encoding, Int32 bufferSize)
   at System.IO.StreamWriter..ctor(String path, Boolean append)
   at LDAPLibrary.Logger.FileLogger.Write(String message) in c:\work\LDAP-Library\LDAPLibrary\Logger\FileLogger.cs:line 21
   at LDAP_Library_UnitTest.LoggerUnitTests.FileLoggerAndALoggerUnitTests.TestFileLogWrite() in c:\work\LDAP-Library\LDAPLibraryUnitTest\LoggerUnitTests\FileLoggerAndALoggerUnitTests.cs:line 125
</StackTrace>
        </ErrorInfo>
      </Output>
    </UnitTestResult>
    <UnitTestResult executionId="87089c67-f601-4ecc-8c08-c319c81e5ff4" testId="4b8cb046-a6b7-ac00-8fa1-3c66ded48949" testName="ParametersEmpty" computerName="BENINI" duration="00:00:00.0004877" startTime="2015-12-03T14:30:08.7893386+01:00" endTime="2015-12-03T14:30:08.7903397+01:00" testType="13cdc9d9-ddb5-4fa4-a97d-d965ccfc6d4b" outcome="Passed" testListId="8c84fa94-04c1-424b-9868-57a2d4851a1d" relativeResultsDirectory="87089c67-f601-4ecc-8c08-c319c81e5ff4">
    </UnitTestResult>
    <UnitTestResult executionId="cae7200c-2142-497c-b965-c15d383b4f72" testId="61397a79-642e-1955-728b-93cfa6ad46b6" testName="ParametersNotNull" computerName="BENINI" duration="00:00:00.0003885" startTime="2015-12-03T14:30:08.7913409+01:00" endTime="2015-12-03T14:30:08.7918411+01:00" testType="13cdc9d9-ddb5-4fa4-a97d-d965ccfc6d4b" outcome="Passed" testListId="8c84fa94-04c1-424b-9868-57a2d4851a1d" relativeResultsDirectory="cae7200c-2142-497c-b965-c15d383b4f72">
    </UnitTestResult>
    <UnitTestResult executionId="56618b9e-4180-4ab2-a010-0dd59100de7a" testId="01ccfdca-220a-73db-d924-82796d9ba73f" testName="ParametersNull" computerName="BENINI" duration="00:00:00.0003001" startTime="2015-12-03T14:30:08.7928420+01:00" endTime="2015-12-03T14:30:08.7933423+01:00" testType="13cdc9d9-ddb5-4fa4-a97d-d965ccfc6d4b" outcome="Passed" testListId="8c84fa94-04c1-424b-9868-57a2d4851a1d" relativeResultsDirectory="56618b9e-4180-4ab2-a010-0dd59100de7a">
    </UnitTestResult>
    <UnitTestResult executionId="0ed229fe-2608-4847-a5c5-56d47bebac33" testId="bfa5a1fa-f09d-1ee5-640b-341ffce74d9a" testName="ParametersNullAndEmpty" computerName="BENINI" duration="00:00:00.0002843" startTime="2015-12-03T14:30:08.7943440+01:00" endTime="2015-12-03T14:30:08.7948437+01:00" testType="13cdc9d9-ddb5-4fa4-a97d-d965ccfc6d4b" outcome="Passed" testListId="8c84fa94-04c1-424b-9868-57a2d4851a1d" relativeResultsDirectory="0ed229fe-2608-4847-a5c5-56d47bebac33">
    </UnitTestResult>
    <UnitTestResult executionId="bd045e1f-1dd2-47f3-84fe-934c8a504d8b" testId="be9e598c-c238-eece-7f6b-6af5ae1ab3e8" testName="AddRequest" computerName="BENINI" duration="00:00:00.0029262" startTime="2015-12-03T14:30:08.7953442+01:00" endTime="2015-12-03T14:30:08.7983465+01:00" testType="13cdc9d9-ddb5-4fa4-a97d-d965ccfc6d4b" outcome="Passed" testListId="8c84fa94-04c1-424b-9868-57a2d4851a1d" relativeResultsDirectory="bd045e1f-1dd2-47f3-84fe-934c8a504d8b">
    </UnitTestResult>
    <UnitTestResult executionId="7adad18b-51d7-46ec-9123-5458825e9efb" testId="df71ec80-819a-4611-0756-8e7b0150cd5b" testName="DeleteRequest" computerName="BENINI" duration="00:00:00.0006860" startTime="2015-12-03T14:30:08.7993485+01:00" endTime="2015-12-03T14:30:08.8003491+01:00" testType="13cdc9d9-ddb5-4fa4-a97d-d965ccfc6d4b" outcome="Passed" testListId="8c84fa94-04c1-424b-9868-57a2d4851a1d" relativeResultsDirectory="7adad18b-51d7-46ec-9123-5458825e9efb">
    </UnitTestResult>
    <UnitTestResult executionId="35652cce-7a58-4cf6-a6f9-38cab1639637" testId="874dba6d-2949-b4cb-277e-dcc4a558d316" testName="ModifyPasswordRequest" computerName="BENINI" duration="00:00:00.0017314" startTime="2015-12-03T14:30:08.8013502+01:00" endTime="2015-12-03T14:30:08.8033513+01:00" testType="13cdc9d9-ddb5-4fa4-a97d-d965ccfc6d4b" outcome="Passed" testListId="8c84fa94-04c1-424b-9868-57a2d4851a1d" relativeResultsDirectory="35652cce-7a58-4cf6-a6f9-38cab1639637">
    </UnitTestResult>
    <UnitTestResult executionId="3464d61d-a009-4799-976b-a161120d5d27" testId="43b2f13f-bcd3-4c78-63ab-61049c0f94c7" testName="ModifyRequest" computerName="BENINI" duration="00:00:00.0009198" startTime="2015-12-03T14:30:08.8038519+01:00" endTime="2015-12-03T14:30:08.8053530+01:00" testType="13cdc9d9-ddb5-4fa4-a97d-d965ccfc6d4b" outcome="Passed" testListId="8c84fa94-04c1-424b-9868-57a2d4851a1d" relativeResultsDirectory="3464d61d-a009-4799-976b-a161120d5d27">
    </UnitTestResult>
    <UnitTestResult executionId="80345f02-22fc-433f-ac7c-2d00854e3650" testId="57471048-8b6d-7ccb-e95c-a24acbdc078c" testName="SearchRequest" computerName="BENINI" duration="00:00:00.0017106" startTime="2015-12-03T14:30:08.8058536+01:00" endTime="2015-12-03T14:30:08.8078555+01:00" testType="13cdc9d9-ddb5-4fa4-a97d-d965ccfc6d4b" outcome="Passed" testListId="8c84fa94-04c1-424b-9868-57a2d4851a1d" relativeResultsDirectory="80345f02-22fc-433f-ac7c-2d00854e3650">
    </UnitTestResult>
  </Results>
</TestRun>